-------------------------------------------------------------------------------
Test set: runners.EndtoEndRunner
-------------------------------------------------------------------------------
Tests run: 44, Failures: 14, Errors: 0, Skipped: 0, Time elapsed: 96.16 s <<< FAILURE! -- in runners.EndtoEndRunner
End-to-end ResourceGraph and ResourceRegistries CRUD flow.Get Attachment details with ID -- Time elapsed: 0.539 s <<< FAILURE!
java.lang.AssertionError: expected:<200> but was:<404>
	at org.junit.Assert.fail(Assert.java:89)
	at org.junit.Assert.failNotEquals(Assert.java:835)
	at org.junit.Assert.assertEquals(Assert.java:647)
	at org.junit.Assert.assertEquals(Assert.java:633)
	at social_comments.Attachement.the_attachment_response_status_code_should_be(Attachement.java:227)
	at ✽.The Attachment response status code should be 200(file:///C:/Users/cpatil/eclipse-workspace/social_comments/src/test/resources/features/End_to_End_social_comments_flow.feature:141)

End-to-end ResourceGraph and ResourceRegistries CRUD flow.Updating Put Attachment -- Time elapsed: 2.634 s <<< FAILURE!
java.lang.AssertionError: expected:<200> but was:<404>
	at org.junit.Assert.fail(Assert.java:89)
	at org.junit.Assert.failNotEquals(Assert.java:835)
	at org.junit.Assert.assertEquals(Assert.java:647)
	at org.junit.Assert.assertEquals(Assert.java:633)
	at social_comments.Attachement.the_attachment_response_status_code_should_be(Attachement.java:227)
	at ✽.The Attachment response status code should be 200(file:///C:/Users/cpatil/eclipse-workspace/social_comments/src/test/resources/features/End_to_End_social_comments_flow.feature:146)

End-to-end ResourceGraph and ResourceRegistries CRUD flow.Updating Patch Attachment -- Time elapsed: 2.939 s <<< FAILURE!
java.lang.AssertionError: expected:<200> but was:<404>
	at org.junit.Assert.fail(Assert.java:89)
	at org.junit.Assert.failNotEquals(Assert.java:835)
	at org.junit.Assert.assertEquals(Assert.java:647)
	at org.junit.Assert.assertEquals(Assert.java:633)
	at social_comments.Attachement.the_attachment_response_status_code_should_be(Attachement.java:227)
	at ✽.The Attachment response status code should be 200(file:///C:/Users/cpatil/eclipse-workspace/social_comments/src/test/resources/features/End_to_End_social_comments_flow.feature:152)

End-to-end ResourceGraph and ResourceRegistries CRUD flow.Get CustomElement details with ID -- Time elapsed: 0.501 s <<< FAILURE!
java.lang.AssertionError: expected:<200> but was:<404>
	at org.junit.Assert.fail(Assert.java:89)
	at org.junit.Assert.failNotEquals(Assert.java:835)
	at org.junit.Assert.assertEquals(Assert.java:647)
	at org.junit.Assert.assertEquals(Assert.java:633)
	at social_comments.CustomElement.the_customelement_response_status_code_should_be(CustomElement.java:230)
	at ✽.The CustomElement response status code should be 200(file:///C:/Users/cpatil/eclipse-workspace/social_comments/src/test/resources/features/End_to_End_social_comments_flow.feature:163)

End-to-end ResourceGraph and ResourceRegistries CRUD flow.Updating Put CustomElement -- Time elapsed: 2.525 s <<< FAILURE!
java.lang.AssertionError: expected:<200> but was:<404>
	at org.junit.Assert.fail(Assert.java:89)
	at org.junit.Assert.failNotEquals(Assert.java:835)
	at org.junit.Assert.assertEquals(Assert.java:647)
	at org.junit.Assert.assertEquals(Assert.java:633)
	at social_comments.CustomElement.the_customelement_response_status_code_should_be(CustomElement.java:230)
	at ✽.The CustomElement response status code should be 200(file:///C:/Users/cpatil/eclipse-workspace/social_comments/src/test/resources/features/End_to_End_social_comments_flow.feature:168)

End-to-end ResourceGraph and ResourceRegistries CRUD flow.Updating Patch CustomElement -- Time elapsed: 2.584 s <<< FAILURE!
java.lang.AssertionError: expected:<200> but was:<404>
	at org.junit.Assert.fail(Assert.java:89)
	at org.junit.Assert.failNotEquals(Assert.java:835)
	at org.junit.Assert.assertEquals(Assert.java:647)
	at org.junit.Assert.assertEquals(Assert.java:633)
	at social_comments.CustomElement.the_customelement_response_status_code_should_be(CustomElement.java:230)
	at ✽.The CustomElement response status code should be 200(file:///C:/Users/cpatil/eclipse-workspace/social_comments/src/test/resources/features/End_to_End_social_comments_flow.feature:174)

End-to-end ResourceGraph and ResourceRegistries CRUD flow.Get BaseUserMessage details with ID -- Time elapsed: 0.560 s <<< FAILURE!
java.lang.AssertionError: expected:<200> but was:<404>
	at org.junit.Assert.fail(Assert.java:89)
	at org.junit.Assert.failNotEquals(Assert.java:835)
	at org.junit.Assert.assertEquals(Assert.java:647)
	at org.junit.Assert.assertEquals(Assert.java:633)
	at social_comments.BaseUserMessage.the_baseusermessage_response_status_code_should_be(BaseUserMessage.java:226)
	at ✽.The BaseUserMessage response status code should be 200(file:///C:/Users/cpatil/eclipse-workspace/social_comments/src/test/resources/features/End_to_End_social_comments_flow.feature:212)

End-to-end ResourceGraph and ResourceRegistries CRUD flow.Updating Put BaseUserMessage -- Time elapsed: 2.870 s <<< FAILURE!
java.lang.AssertionError: expected:<200> but was:<404>
	at org.junit.Assert.fail(Assert.java:89)
	at org.junit.Assert.failNotEquals(Assert.java:835)
	at org.junit.Assert.assertEquals(Assert.java:647)
	at org.junit.Assert.assertEquals(Assert.java:633)
	at social_comments.BaseUserMessage.the_baseusermessage_response_status_code_should_be(BaseUserMessage.java:226)
	at ✽.The BaseUserMessage response status code should be 200(file:///C:/Users/cpatil/eclipse-workspace/social_comments/src/test/resources/features/End_to_End_social_comments_flow.feature:218)

End-to-end ResourceGraph and ResourceRegistries CRUD flow.Updating Patch BaseUserMessage -- Time elapsed: 2.759 s <<< FAILURE!
java.lang.AssertionError: expected:<200> but was:<404>
	at org.junit.Assert.fail(Assert.java:89)
	at org.junit.Assert.failNotEquals(Assert.java:835)
	at org.junit.Assert.assertEquals(Assert.java:647)
	at org.junit.Assert.assertEquals(Assert.java:633)
	at social_comments.BaseUserMessage.the_baseusermessage_response_status_code_should_be(BaseUserMessage.java:226)
	at ✽.The BaseUserMessage response status code should be 200(file:///C:/Users/cpatil/eclipse-workspace/social_comments/src/test/resources/features/End_to_End_social_comments_flow.feature:223)

End-to-end ResourceGraph and ResourceRegistries CRUD flow.Deleting BaseUserMessage #1 -- Time elapsed: 2.568 s <<< FAILURE!
java.lang.AssertionError: expected:<204> but was:<404>
	at org.junit.Assert.fail(Assert.java:89)
	at org.junit.Assert.failNotEquals(Assert.java:835)
	at org.junit.Assert.assertEquals(Assert.java:647)
	at org.junit.Assert.assertEquals(Assert.java:633)
	at social_comments.BaseUserMessage.the_baseusermessage_response_status_code_should_be(BaseUserMessage.java:226)
	at ✽.The BaseUserMessage response status code should be 204(file:///C:/Users/cpatil/eclipse-workspace/social_comments/src/test/resources/features/End_to_End_social_comments_flow.feature:228)

End-to-end ResourceGraph and ResourceRegistries CRUD flow.Deleting Attachment -- Time elapsed: 2.858 s <<< FAILURE!
java.lang.AssertionError: expected:<204> but was:<404>
	at org.junit.Assert.fail(Assert.java:89)
	at org.junit.Assert.failNotEquals(Assert.java:835)
	at org.junit.Assert.assertEquals(Assert.java:647)
	at org.junit.Assert.assertEquals(Assert.java:633)
	at social_comments.Attachement.the_attachment_response_status_code_should_be(Attachement.java:227)
	at ✽.The Attachment response status code should be 204(file:///C:/Users/cpatil/eclipse-workspace/social_comments/src/test/resources/features/End_to_End_social_comments_flow.feature:238)

End-to-end ResourceGraph and ResourceRegistries CRUD flow.Deleting CustomElement -- Time elapsed: 2.868 s <<< FAILURE!
java.lang.AssertionError: expected:<204> but was:<404>
	at org.junit.Assert.fail(Assert.java:89)
	at org.junit.Assert.failNotEquals(Assert.java:835)
	at org.junit.Assert.assertEquals(Assert.java:647)
	at org.junit.Assert.assertEquals(Assert.java:633)
	at social_comments.CustomElement.the_customelement_response_status_code_should_be(CustomElement.java:230)
	at ✽.The CustomElement response status code should be 204(file:///C:/Users/cpatil/eclipse-workspace/social_comments/src/test/resources/features/End_to_End_social_comments_flow.feature:243)

End-to-end ResourceGraph and ResourceRegistries CRUD flow.Deleting Reaction #2 -- Time elapsed: 2.761 s <<< FAILURE!
java.lang.AssertionError: expected:<204> but was:<404>
	at org.junit.Assert.fail(Assert.java:89)
	at org.junit.Assert.failNotEquals(Assert.java:835)
	at org.junit.Assert.assertEquals(Assert.java:647)
	at org.junit.Assert.assertEquals(Assert.java:633)
	at social_comments.Reaction.the_reaction_response_status_code_should_be(Reaction.java:231)
	at ✽.The Reaction response status code should be 204(file:///C:/Users/cpatil/eclipse-workspace/social_comments/src/test/resources/features/End_to_End_social_comments_flow.feature:248)

End-to-end ResourceGraph and ResourceRegistries CRUD flow.Deleting BaseUserMessage #2 -- Time elapsed: 2.968 s <<< FAILURE!
java.lang.AssertionError: expected:<204> but was:<404>
	at org.junit.Assert.fail(Assert.java:89)
	at org.junit.Assert.failNotEquals(Assert.java:835)
	at org.junit.Assert.assertEquals(Assert.java:647)
	at org.junit.Assert.assertEquals(Assert.java:633)
	at social_comments.BaseUserMessage.the_baseusermessage_response_status_code_should_be(BaseUserMessage.java:226)
	at ✽.The BaseUserMessage response status code should be 204(file:///C:/Users/cpatil/eclipse-workspace/social_comments/src/test/resources/features/End_to_End_social_comments_flow.feature:253)

