-------------------------------------------------------------------------------
Test set: runners.EndtoEndRunner
-------------------------------------------------------------------------------
Tests run: 96, Failures: 24, Errors: 0, Skipped: 0, Time elapsed: 291.6 s <<< FAILURE! -- in runners.EndtoEndRunner
End-to-end ResourceGraph and ResourceRegistries CRUD flow.Creating resource with ID -- Time elapsed: 0.694 s <<< FAILURE!
java.lang.AssertionError: expected:<201> but was:<400>
	at org.junit.Assert.fail(Assert.java:89)
	at org.junit.Assert.failNotEquals(Assert.java:835)
	at org.junit.Assert.assertEquals(Assert.java:647)
	at org.junit.Assert.assertEquals(Assert.java:633)
	at social_comments.ResourceGraph.the_resource_response_status_code_should_be(ResourceGraph.java:265)
	at ✽.The Resource response status code should be 201(file:///C:/Users/cpatil/eclipse-workspace/social_comments/src/test/resources/features/End_to_End_social_comments_flow.feature:108)

End-to-end ResourceGraph and ResourceRegistries CRUD flow.Updating Put UserRecipient #2 -- Time elapsed: 3.525 s <<< FAILURE!
java.lang.AssertionError: expected:<200> but was:<404>
	at org.junit.Assert.fail(Assert.java:89)
	at org.junit.Assert.failNotEquals(Assert.java:835)
	at org.junit.Assert.assertEquals(Assert.java:647)
	at org.junit.Assert.assertEquals(Assert.java:633)
	at social_comments.UserRecipient.the_userrecipient_response_status_code_should_be(UserRecipient.java:228)
	at ✽.The UserRecipient response status code should be 200(file:///C:/Users/cpatil/eclipse-workspace/social_comments/src/test/resources/features/End_to_End_social_comments_flow.feature:333)

End-to-end ResourceGraph and ResourceRegistries CRUD flow.Deleting UserRecipient #2 -- Time elapsed: 3.678 s <<< FAILURE!
java.lang.AssertionError: expected:<204> but was:<404>
	at org.junit.Assert.fail(Assert.java:89)
	at org.junit.Assert.failNotEquals(Assert.java:835)
	at org.junit.Assert.assertEquals(Assert.java:647)
	at org.junit.Assert.assertEquals(Assert.java:633)
	at social_comments.UserRecipient.the_userrecipient_response_status_code_should_be(UserRecipient.java:228)
	at ✽.The UserRecipient response status code should be 204(file:///C:/Users/cpatil/eclipse-workspace/social_comments/src/test/resources/features/End_to_End_social_comments_flow.feature:338)

End-to-end ResourceGraph and ResourceRegistries CRUD flow.Updating Put UserCustomTemplate #2 -- Time elapsed: 3.474 s <<< FAILURE!
java.lang.AssertionError: expected:<200> but was:<404>
	at org.junit.Assert.fail(Assert.java:89)
	at org.junit.Assert.failNotEquals(Assert.java:835)
	at org.junit.Assert.assertEquals(Assert.java:647)
	at org.junit.Assert.assertEquals(Assert.java:633)
	at social_comments.UserCustomTemplate.the_usercustomtemplate_response_status_code_should_be(UserCustomTemplate.java:226)
	at ✽.The UserCustomTemplate response status code should be 200(file:///C:/Users/cpatil/eclipse-workspace/social_comments/src/test/resources/features/End_to_End_social_comments_flow.feature:371)

End-to-end ResourceGraph and ResourceRegistries CRUD flow.Deleting UserCustomTemplate #2 -- Time elapsed: 3.495 s <<< FAILURE!
java.lang.AssertionError: expected:<204> but was:<404>
	at org.junit.Assert.fail(Assert.java:89)
	at org.junit.Assert.failNotEquals(Assert.java:835)
	at org.junit.Assert.assertEquals(Assert.java:647)
	at org.junit.Assert.assertEquals(Assert.java:633)
	at social_comments.UserCustomTemplate.the_usercustomtemplate_response_status_code_should_be(UserCustomTemplate.java:226)
	at ✽.The UserCustomTemplate response status code should be 204(file:///C:/Users/cpatil/eclipse-workspace/social_comments/src/test/resources/features/End_to_End_social_comments_flow.feature:377)

End-to-end ResourceGraph and ResourceRegistries CRUD flow.Deleting CustomTemplate #2 -- Time elapsed: 3.517 s <<< FAILURE!
java.lang.AssertionError: expected:<204> but was:<404>
	at org.junit.Assert.fail(Assert.java:89)
	at org.junit.Assert.failNotEquals(Assert.java:835)
	at org.junit.Assert.assertEquals(Assert.java:647)
	at org.junit.Assert.assertEquals(Assert.java:633)
	at social_comments.CustomTemplate.the_customtemplate_response_status_code_should_be(CustomTemplate.java:236)
	at ✽.The CustomTemplate response status code should be 204(file:///C:/Users/cpatil/eclipse-workspace/social_comments/src/test/resources/features/End_to_End_social_comments_flow.feature:387)

End-to-end ResourceGraph and ResourceRegistries CRUD flow.Updating Put CustomTemplate #2 -- Time elapsed: 3.712 s <<< FAILURE!
java.lang.AssertionError: expected:<200> but was:<404>
	at org.junit.Assert.fail(Assert.java:89)
	at org.junit.Assert.failNotEquals(Assert.java:835)
	at org.junit.Assert.assertEquals(Assert.java:647)
	at org.junit.Assert.assertEquals(Assert.java:633)
	at social_comments.CustomTemplate.the_customtemplate_response_status_code_should_be(CustomTemplate.java:236)
	at ✽.The CustomTemplate response status code should be 200(file:///C:/Users/cpatil/eclipse-workspace/social_comments/src/test/resources/features/End_to_End_social_comments_flow.feature:393)

End-to-end ResourceGraph and ResourceRegistries CRUD flow.Updating Put CustomTag #2 -- Time elapsed: 3.640 s <<< FAILURE!
java.lang.AssertionError: expected:<200> but was:<404>
	at org.junit.Assert.fail(Assert.java:89)
	at org.junit.Assert.failNotEquals(Assert.java:835)
	at org.junit.Assert.assertEquals(Assert.java:647)
	at org.junit.Assert.assertEquals(Assert.java:633)
	at social_comments.CustomTag.the_customtag_response_status_code_should_be(CustomTag.java:226)
	at ✽.The CustomTag response status code should be 200(file:///C:/Users/cpatil/eclipse-workspace/social_comments/src/test/resources/features/End_to_End_social_comments_flow.feature:404)

End-to-end ResourceGraph and ResourceRegistries CRUD flow.Deleting CustomTag #2 -- Time elapsed: 3.550 s <<< FAILURE!
java.lang.AssertionError: expected:<204> but was:<404>
	at org.junit.Assert.fail(Assert.java:89)
	at org.junit.Assert.failNotEquals(Assert.java:835)
	at org.junit.Assert.assertEquals(Assert.java:647)
	at org.junit.Assert.assertEquals(Assert.java:633)
	at social_comments.CustomTag.the_customtag_response_status_code_should_be(CustomTag.java:226)
	at ✽.The CustomTag response status code should be 204(file:///C:/Users/cpatil/eclipse-workspace/social_comments/src/test/resources/features/End_to_End_social_comments_flow.feature:409)

End-to-end ResourceGraph and ResourceRegistries CRUD flow.Updating Put Attachment #2 -- Time elapsed: 3.645 s <<< FAILURE!
java.lang.AssertionError: expected:<200> but was:<404>
	at org.junit.Assert.fail(Assert.java:89)
	at org.junit.Assert.failNotEquals(Assert.java:835)
	at org.junit.Assert.assertEquals(Assert.java:647)
	at org.junit.Assert.assertEquals(Assert.java:633)
	at social_comments.Attachement.the_attachment_response_status_code_should_be(Attachement.java:227)
	at ✽.The Attachment response status code should be 200(file:///C:/Users/cpatil/eclipse-workspace/social_comments/src/test/resources/features/End_to_End_social_comments_flow.feature:419)

End-to-end ResourceGraph and ResourceRegistries CRUD flow.Deleting Attachment #2 -- Time elapsed: 4.232 s <<< FAILURE!
java.lang.AssertionError: expected:<204> but was:<404>
	at org.junit.Assert.fail(Assert.java:89)
	at org.junit.Assert.failNotEquals(Assert.java:835)
	at org.junit.Assert.assertEquals(Assert.java:647)
	at org.junit.Assert.assertEquals(Assert.java:633)
	at social_comments.Attachement.the_attachment_response_status_code_should_be(Attachement.java:227)
	at ✽.The Attachment response status code should be 204(file:///C:/Users/cpatil/eclipse-workspace/social_comments/src/test/resources/features/End_to_End_social_comments_flow.feature:425)

End-to-end ResourceGraph and ResourceRegistries CRUD flow.Updating Put CustomElement #2 -- Time elapsed: 3.773 s <<< FAILURE!
java.lang.AssertionError: expected:<200> but was:<404>
	at org.junit.Assert.fail(Assert.java:89)
	at org.junit.Assert.failNotEquals(Assert.java:835)
	at org.junit.Assert.assertEquals(Assert.java:647)
	at org.junit.Assert.assertEquals(Assert.java:633)
	at social_comments.CustomElement.the_customelement_response_status_code_should_be(CustomElement.java:230)
	at ✽.The CustomElement response status code should be 200(file:///C:/Users/cpatil/eclipse-workspace/social_comments/src/test/resources/features/End_to_End_social_comments_flow.feature:435)

End-to-end ResourceGraph and ResourceRegistries CRUD flow.Deleting CustomElement #2 -- Time elapsed: 3.765 s <<< FAILURE!
java.lang.AssertionError: expected:<204> but was:<404>
	at org.junit.Assert.fail(Assert.java:89)
	at org.junit.Assert.failNotEquals(Assert.java:835)
	at org.junit.Assert.assertEquals(Assert.java:647)
	at org.junit.Assert.assertEquals(Assert.java:633)
	at social_comments.CustomElement.the_customelement_response_status_code_should_be(CustomElement.java:230)
	at ✽.The CustomElement response status code should be 204(file:///C:/Users/cpatil/eclipse-workspace/social_comments/src/test/resources/features/End_to_End_social_comments_flow.feature:441)

End-to-end ResourceGraph and ResourceRegistries CRUD flow.Deleting Reaction #2 -- Time elapsed: 3.540 s <<< FAILURE!
java.lang.AssertionError: expected:<204> but was:<404>
	at org.junit.Assert.fail(Assert.java:89)
	at org.junit.Assert.failNotEquals(Assert.java:835)
	at org.junit.Assert.assertEquals(Assert.java:647)
	at org.junit.Assert.assertEquals(Assert.java:633)
	at social_comments.Reaction.the_reaction_response_status_code_should_be(Reaction.java:231)
	at ✽.The Reaction response status code should be 204(file:///C:/Users/cpatil/eclipse-workspace/social_comments/src/test/resources/features/End_to_End_social_comments_flow.feature:451)

End-to-end ResourceGraph and ResourceRegistries CRUD flow.Updating Put Reaction #2 -- Time elapsed: 3.618 s <<< FAILURE!
java.lang.AssertionError: expected:<200> but was:<404>
	at org.junit.Assert.fail(Assert.java:89)
	at org.junit.Assert.failNotEquals(Assert.java:835)
	at org.junit.Assert.assertEquals(Assert.java:647)
	at org.junit.Assert.assertEquals(Assert.java:633)
	at social_comments.Reaction.the_reaction_response_status_code_should_be(Reaction.java:231)
	at ✽.The Reaction response status code should be 200(file:///C:/Users/cpatil/eclipse-workspace/social_comments/src/test/resources/features/End_to_End_social_comments_flow.feature:457)

End-to-end ResourceGraph and ResourceRegistries CRUD flow.Updating Put BaseUserMessage #2 -- Time elapsed: 3.930 s <<< FAILURE!
java.lang.AssertionError: expected:<200> but was:<404>
	at org.junit.Assert.fail(Assert.java:89)
	at org.junit.Assert.failNotEquals(Assert.java:835)
	at org.junit.Assert.assertEquals(Assert.java:647)
	at org.junit.Assert.assertEquals(Assert.java:633)
	at social_comments.BaseUserMessage.the_baseusermessage_response_status_code_should_be(BaseUserMessage.java:226)
	at ✽.The BaseUserMessage response status code should be 200(file:///C:/Users/cpatil/eclipse-workspace/social_comments/src/test/resources/features/End_to_End_social_comments_flow.feature:468)

End-to-end ResourceGraph and ResourceRegistries CRUD flow.Deleting BaseUserMessage #2 -- Time elapsed: 4.045 s <<< FAILURE!
java.lang.AssertionError: expected:<204> but was:<404>
	at org.junit.Assert.fail(Assert.java:89)
	at org.junit.Assert.failNotEquals(Assert.java:835)
	at org.junit.Assert.assertEquals(Assert.java:647)
	at org.junit.Assert.assertEquals(Assert.java:633)
	at social_comments.BaseUserMessage.the_baseusermessage_response_status_code_should_be(BaseUserMessage.java:226)
	at ✽.The BaseUserMessage response status code should be 204(file:///C:/Users/cpatil/eclipse-workspace/social_comments/src/test/resources/features/End_to_End_social_comments_flow.feature:473)

End-to-end ResourceGraph and ResourceRegistries CRUD flow.Updating PUT Message #2 -- Time elapsed: 4.327 s <<< FAILURE!
java.lang.AssertionError: expected:<200> but was:<404>
	at org.junit.Assert.fail(Assert.java:89)
	at org.junit.Assert.failNotEquals(Assert.java:835)
	at org.junit.Assert.assertEquals(Assert.java:647)
	at org.junit.Assert.assertEquals(Assert.java:633)
	at social_comments.Message.the_message_response_status_code_should_be(Message.java:257)
	at ✽.The Message response status code should be 200(file:///C:/Users/cpatil/eclipse-workspace/social_comments/src/test/resources/features/End_to_End_social_comments_flow.feature:483)

End-to-end ResourceGraph and ResourceRegistries CRUD flow.Deleting Message #2 -- Time elapsed: 4.387 s <<< FAILURE!
java.lang.AssertionError: expected:<204> but was:<404>
	at org.junit.Assert.fail(Assert.java:89)
	at org.junit.Assert.failNotEquals(Assert.java:835)
	at org.junit.Assert.assertEquals(Assert.java:647)
	at org.junit.Assert.assertEquals(Assert.java:633)
	at social_comments.Message.the_message_response_status_code_should_be(Message.java:257)
	at ✽.The Message response status code should be 204(file:///C:/Users/cpatil/eclipse-workspace/social_comments/src/test/resources/features/End_to_End_social_comments_flow.feature:489)

End-to-end ResourceGraph and ResourceRegistries CRUD flow.Updating Put Tenant #2 -- Time elapsed: 5.098 s <<< FAILURE!
java.lang.AssertionError: expected:<200> but was:<404>
	at org.junit.Assert.fail(Assert.java:89)
	at org.junit.Assert.failNotEquals(Assert.java:835)
	at org.junit.Assert.assertEquals(Assert.java:647)
	at org.junit.Assert.assertEquals(Assert.java:633)
	at social_comments.Tenant.the_userrecipient_response_status_code_should_be(Tenant.java:216)
	at ✽.The Tenant response status code should be 200(file:///C:/Users/cpatil/eclipse-workspace/social_comments/src/test/resources/features/End_to_End_social_comments_flow.feature:529)

End-to-end ResourceGraph and ResourceRegistries CRUD flow.Deleting Tenant #2 -- Time elapsed: 4.811 s <<< FAILURE!
java.lang.AssertionError: expected:<204> but was:<404>
	at org.junit.Assert.fail(Assert.java:89)
	at org.junit.Assert.failNotEquals(Assert.java:835)
	at org.junit.Assert.assertEquals(Assert.java:647)
	at org.junit.Assert.assertEquals(Assert.java:633)
	at social_comments.Tenant.the_userrecipient_response_status_code_should_be(Tenant.java:216)
	at ✽.The Tenant response status code should be 204(file:///C:/Users/cpatil/eclipse-workspace/social_comments/src/test/resources/features/End_to_End_social_comments_flow.feature:534)

End-to-end ResourceGraph and ResourceRegistries CRUD flow.Deleting ResourceID Detail #2 -- Time elapsed: 4.014 s <<< FAILURE!
java.lang.AssertionError: expected:<204> but was:<404>
	at org.junit.Assert.fail(Assert.java:89)
	at org.junit.Assert.failNotEquals(Assert.java:835)
	at org.junit.Assert.assertEquals(Assert.java:647)
	at org.junit.Assert.assertEquals(Assert.java:633)
	at social_comments.ResourceGraph.the_resource_response_status_code_should_be(ResourceGraph.java:265)
	at ✽.The Resource response status code should be 204(file:///C:/Users/cpatil/eclipse-workspace/social_comments/src/test/resources/features/End_to_End_social_comments_flow.feature:551)

End-to-end ResourceGraph and ResourceRegistries CRUD flow.Updating PUT ResourceRegistriry Details with ID #2 -- Time elapsed: 3.761 s <<< FAILURE!
java.lang.AssertionError: expected:<200> but was:<404>
	at org.junit.Assert.fail(Assert.java:89)
	at org.junit.Assert.failNotEquals(Assert.java:835)
	at org.junit.Assert.assertEquals(Assert.java:647)
	at org.junit.Assert.assertEquals(Assert.java:633)
	at social_comments.ResourceRegistries.the_resource_registries_response_status_code_should_be(ResourceRegistries.java:238)
	at ✽.The ResourceRegistries response status code should be 200(file:///C:/Users/cpatil/eclipse-workspace/social_comments/src/test/resources/features/End_to_End_social_comments_flow.feature:556)

End-to-end ResourceGraph and ResourceRegistries CRUD flow.Deleting ResourceRegistries Details #2 -- Time elapsed: 3.399 s <<< FAILURE!
java.lang.AssertionError: expected:<204> but was:<404>
	at org.junit.Assert.fail(Assert.java:89)
	at org.junit.Assert.failNotEquals(Assert.java:835)
	at org.junit.Assert.assertEquals(Assert.java:647)
	at org.junit.Assert.assertEquals(Assert.java:633)
	at social_comments.ResourceRegistries.the_resource_registries_response_status_code_should_be(ResourceRegistries.java:238)
	at ✽.The ResourceRegistries response status code should be 204(file:///C:/Users/cpatil/eclipse-workspace/social_comments/src/test/resources/features/End_to_End_social_comments_flow.feature:561)

