<?xml version="1.0" encoding="UTF-8"?>
<testsuite xmlns:xsi="http://www.w3.org/2001/XMLSchema-instance" xsi:noNamespaceSchemaLocation="https://maven.apache.org/surefire/maven-surefire-plugin/xsd/surefire-test-report-3.0.xsd" version="3.0" name="runners.EndtoEndRunner" time="223.251" tests="72" errors="0" skipped="0" failures="0">
  <properties>
[...]
</properties>
  <testcase name="Create ResourceID" classname="End-to-end ResourceGraph and ResourceRegistries CRUD flow" time="5.93">
    <system-out><![CDATA[
@Resource_Graph
Scenario: Create ResourceID                            # src/test/resources/features/End_to_End_social_comments_flow.feature:5
Resource JSON:
{
  "resourceId": "Leena Biradar"
}
  Given I have a ResourceID                            # social_comments.ResourceGraph.i_have_a_resourceid()
Response Body:
{
  "id" : 168,
  "resourceId" : "Leena Biradar"
}
Status Code: 201
Stored ResourceID: 168
  When Create New ResourceID                           # social_comments.ResourceGraph.Create_new_resourceid()
  Then The Resource response status code should be 201 # social_comments.ResourceGraph.the_resource_response_status_code_should_be(java.lang.Integer)
  And The Resource response should contain "id"        # social_comments.ResourceGraph.the_resource_response_should_contain(java.lang.String)
]]></system-out>
    <system-err><![CDATA[SLF4J(W): No SLF4J providers were found.
SLF4J(W): Defaulting to no-operation (NOP) logger implementation
SLF4J(W): See https://www.slf4j.org/codes.html#noProviders for further details.
]]></system-err>
  </testcase>
  <testcase name="Creating ResourceRegistries" classname="End-to-end ResourceGraph and ResourceRegistries CRUD flow" time="3.409">
    <system-out><![CDATA[
@Resource_Registries
Scenario: Creating ResourceRegistries                           # src/test/resources/features/End_to_End_social_comments_flow.feature:13
  Given I have a ResourceRegistries                             # social_comments.ResourceRegistries.i_have_a_resourceregistries()
{
  "resourceGraph": {
    "id": 168
  },
  "createdDate": "2025-10-13",
  "resourceName": "Meera Kumar",
  "label": "Meera Kumar",
  "resourceValue": "Meera Kumar"
}
POST ResourceRegistries Status: 201
POST ResourceRegistries Body: {
  "id" : 130,
  "resourceGraph" : {
    "id" : 168,
    "resourceId" : "Leena Biradar"
  },
  "createdDate" : "2025-10-13T09:20:41.922+00:00",
  "isRemoved" : false,
  "resourceName" : "Meera Kumar",
  "label" : "Meera Kumar",
  "resourceValue" : "Meera Kumar"
}
Stored ResourceID: 130
  When Create a ResourceRegistry using existing ResourceId      # social_comments.ResourceRegistries.createResourceRegistryUsingExistingResourceId()
  Then The ResourceRegistries response should contain "id"      # social_comments.ResourceRegistries.the_resource_registries_response_should_contain(java.lang.String)
  And The ResourceRegistries response status code should be 201 # social_comments.ResourceRegistries.the_resource_registries_response_status_code_should_be(java.lang.Integer)
]]></system-out>
  </testcase>
  <testcase name="Creating Message" classname="End-to-end ResourceGraph and ResourceRegistries CRUD flow" time="3.503">
    <system-out><![CDATA[
@Message
Scenario: Creating Message                           # src/test/resources/features/End_to_End_social_comments_flow.feature:21
  Given I have a Message                             # social_comments.Message.i_have_a_message()
{
  "createdDate": "2025-10-20",
  "messagePrivacy": "ROLE",
  "messageType": "ACTION_TICKLER",
  "userId": "USR-55391",
  "hasCustomTemplate": false,
  "decoratorLayer": "INFO",
  "hasUserRecipient": true,
  "hasChildren": false,
  "isEdited": false,
  "updatedDate": "2025-10-10",
  "content": "The finance department has updated the reimbursement policy for Q4.",
  "hasAttachment": false,
  "isRemoved": true,
  "caseId": "CASE-3897-Q1",
  "rootMessageId":163553,
  "parentId": 27882,
  "externalIdentifiers": "EXT-1396",
  "resourceGraph": {
    "id": "168"
  },
  "flagStatus": "MEDIUM",
  "roleName": "Team Coordinator",
  "hasCustomElement": true,
  "hasReaction": false,
  "hasCustomTag": true
}
POST Message Status: 201
POST Message Body: {
  "id" : 99,
  "hasCustomTemplate" : false,
  "decoratorLayer" : "INFO",
  "hasUserRecipient" : true,
  "hasChildren" : false,
  "isEdited" : false,
  "updatedDate" : "2025-10-10T00:00:00.000+00:00",
  "content" : "The finance department has updated the reimbursement policy for Q4.",
  "hasAttachment" : false,
  "isRemoved" : true,
  "messageType" : "ACTION_TICKLER",
  "messagePrivacy" : "ROLE",
  "caseId" : "CASE-3897-Q1",
  "userId" : "USR-55391",
  "rootMessageId" : 163553,
  "parentId" : 27882,
  "externalIdentifiers" : "EXT-1396",
  "resourceGraph" : {
    "id" : 168,
    "resourceId" : "Leena Biradar"
  },
  "createdDate" : "2025-10-20T00:00:00.000+00:00",
  "flagStatus" : "MEDIUM",
  "roleName" : "Team Coordinator",
  "hasCustomElement" : true,
  "hasReaction" : false,
  "hasCustomTag" : true
}
Stored MessageID: 99
  When Create a Message using existing ResourceId    # social_comments.Message.create_a_message_using_existing_ResourceId()
  Then The Message response should contain "id"      # social_comments.Message.the_message_response_should_contain(java.lang.String)
  And The Message response status code should be 201 # social_comments.Message.the_message_response_status_code_should_be(java.lang.Integer)
]]></system-out>
  </testcase>
  <testcase name="Creating a Attachment" classname="End-to-end ResourceGraph and ResourceRegistries CRUD flow" time="3.627">
    <system-out><![CDATA[
@Attachment
Scenario: Creating a Attachment                         # src/test/resources/features/End_to_End_social_comments_flow.feature:29
  Given I have a Attachment                             # social_comments.Attachement.i_have_a_attachment()
{
  "documentId": 76,
  "versionId": 770062,
  "createdDate": "2025-10-18",
  "attachments": [
    {
      "value": "C:\\Users\\cpatil\\Downloads\\document.docx"
    }
  ],
  "message": {
    "id": 99
  }
}
POST Attachment Status: 201
POST Attachment Body: {
  "id" : 65,
  "versionId" : 770062,
  "createdDate" : "2025-10-13T09:20:48.815+00:00",
  "isRemoved" : false,
  "documentId" : 76,
  "message" : {
    "id" : 99,
    "hasCustomTemplate" : false,
    "decoratorLayer" : "INFO",
    "hasUserRecipient" : true,
    "hasChildren" : false,
    "isEdited" : false,
    "updatedDate" : "2025-10-10T00:00:00.000+00:00",
    "content" : "The finance department has updated the reimbursement policy for Q4.",
    "hasAttachment" : false,
    "isRemoved" : true,
    "messageType" : "ACTION_TICKLER",
    "messagePrivacy" : "ROLE",
    "caseId" : "CASE-3897-Q1",
    "userId" : "USR-55391",
    "rootMessageId" : 163553,
    "parentId" : 27882,
    "externalIdentifiers" : "EXT-1396",
    "resourceGraph" : {
      "id" : 168,
      "resourceId" : "Leena Biradar"
    },
    "createdDate" : "2025-10-20T00:00:00.000+00:00",
    "flagStatus" : "MEDIUM",
    "roleName" : "Team Coordinator",
    "hasCustomElement" : true,
    "hasReaction" : false,
    "hasCustomTag" : true
  }
}
Stored AttachmentID: 65
  When Create a Attachment using existing MessageId     # social_comments.Attachement.create_a_attachment_using_existing_MessageId()
  Then The Attachment response should contain "id"      # social_comments.Attachement.the_attachment_response_should_contain(java.lang.String)
  And The Attachment response status code should be 201 # social_comments.Attachement.the_attachment_response_status_code_should_be(java.lang.Integer)
]]></system-out>
  </testcase>
  <testcase name="Creating CustomElement" classname="End-to-end ResourceGraph and ResourceRegistries CRUD flow" time="4.101">
    <system-out><![CDATA[
@CustomElement
Scenario: Creating CustomElement                           # src/test/resources/features/End_to_End_social_comments_flow.feature:37
  Given I have a CustomElement                             # social_comments.CustomElement.i_have_a_customelement()
{
  "name": "credit_note",
  "type": "CONFIRMATION",
  "createdDate": "2025-10-14",
  "payload": "Invoice#2908-PDF",
  "message": {
    "id": "99"
  }
}
POST CustomElement Status: 201
POST CustomElement Body: {
  "id" : 43,
  "createdDate" : "2025-10-13T09:20:52.462+00:00",
  "isRemoved" : false,
  "payload" : "Invoice#2908-PDF",
  "name" : "credit_note",
  "type" : "CONFIRMATION",
  "message" : {
    "id" : 99,
    "hasCustomTemplate" : false,
    "decoratorLayer" : "INFO",
    "hasUserRecipient" : true,
    "hasChildren" : false,
    "isEdited" : false,
    "updatedDate" : "2025-10-10T00:00:00.000+00:00",
    "content" : "The finance department has updated the reimbursement policy for Q4.",
    "hasAttachment" : false,
    "isRemoved" : true,
    "messageType" : "ACTION_TICKLER",
    "messagePrivacy" : "ROLE",
    "caseId" : "CASE-3897-Q1",
    "userId" : "USR-55391",
    "rootMessageId" : 163553,
    "parentId" : 27882,
    "externalIdentifiers" : "EXT-1396",
    "resourceGraph" : {
      "id" : 168,
      "resourceId" : "Leena Biradar"
    },
    "createdDate" : "2025-10-20T00:00:00.000+00:00",
    "flagStatus" : "MEDIUM",
    "roleName" : "Team Coordinator",
    "hasCustomElement" : true,
    "hasReaction" : false,
    "hasCustomTag" : true
  }
}
Stored CustomElementID: 43
  When Create a CustomElement using existing MessageId     # social_comments.CustomElement.create_a_customelement_using_existing_MessageId()
  Then The CustomElement response should contain "id"      # social_comments.CustomElement.the_resource_registries_response_should_contain(java.lang.String)
  And The CustomElement response status code should be 201 # social_comments.CustomElement.the_customelement_response_status_code_should_be(java.lang.Integer)
]]></system-out>
  </testcase>
  <testcase name="Creating a Reaction" classname="End-to-end ResourceGraph and ResourceRegistries CRUD flow" time="3.767">
    <system-out><![CDATA[
@Reaction
Scenario: Creating a Reaction                         # src/test/resources/features/End_to_End_social_comments_flow.feature:45
  Given I have a Reaction                             # social_comments.Reaction.i_have_a_reaction()
{
  "createdDate": "2025-10-10",
  "reactionType": "LOVE",
  "roleName": "MODERATOR",
  "userId": "user_7705",
  "updatedDate": "2025-10-05",
  "message": {
    "id": 99
  }
}
POST Reaction Status: 201
POST Reaction Body: {
  "id" : 44,
  "createdDate" : "2025-10-10T00:00:00.000+00:00",
  "reactionType" : "LOVE",
  "roleName" : "MODERATOR",
  "updatedDate" : "2025-10-05T00:00:00.000+00:00",
  "message" : {
    "id" : 99,
    "hasCustomTemplate" : false,
    "decoratorLayer" : "INFO",
    "hasUserRecipient" : true,
    "hasChildren" : false,
    "isEdited" : false,
    "updatedDate" : "2025-10-10T00:00:00.000+00:00",
    "content" : "The finance department has updated the reimbursement policy for Q4.",
    "hasAttachment" : false,
    "isRemoved" : true,
    "messageType" : "ACTION_TICKLER",
    "messagePrivacy" : "ROLE",
    "caseId" : "CASE-3897-Q1",
    "userId" : "USR-55391",
    "rootMessageId" : 163553,
    "parentId" : 27882,
    "externalIdentifiers" : "EXT-1396",
    "resourceGraph" : {
      "id" : 168,
      "resourceId" : "Leena Biradar"
    },
    "createdDate" : "2025-10-20T00:00:00.000+00:00",
    "flagStatus" : "MEDIUM",
    "roleName" : "Team Coordinator",
    "hasCustomElement" : true,
    "hasReaction" : false,
    "hasCustomTag" : true
  },
  "userId" : "user_7705"
}
Stored AttachmentID: 44
  When Create a Reaction using existing MessageId     # social_comments.Reaction.create_a_reaction_using_existing_MessageId()
  Then The Reaction response should contain "id"      # social_comments.Reaction.the_reaction_response_should_contain(java.lang.String)
  And The Reaction response status code should be 201 # social_comments.Reaction.the_reaction_response_status_code_should_be(java.lang.Integer)
]]></system-out>
  </testcase>
  <testcase name="Creating BaseUserMessage" classname="End-to-end ResourceGraph and ResourceRegistries CRUD flow" time="4.012">
    <system-out><![CDATA[
@BaseUserMessage
Scenario: Creating BaseUserMessage                           # src/test/resources/features/End_to_End_social_comments_flow.feature:53
  Given I have a BaseUserMessage                             # social_comments.BaseUserMessage.i_have_a_baseusermessage()
{
  "createdDate": "2025-10-01",
  "roleName": "Software Developer",
  "updatedDate": "2025-10-06",
  "message": {
    "id": "99"
  },
  "userId": "96991"
}
POST BaseUserMessage Status: 201
POST BaseUserMessage Body: {
  "id" : 45,
  "createdDate" : "2025-10-13T09:21:00.305+00:00",
  "isRemoved" : false,
  "roleName" : "Software Developer",
  "updatedDate" : "2025-10-13T09:21:00.305+00:00",
  "message" : {
    "id" : 99,
    "hasCustomTemplate" : false,
    "decoratorLayer" : "INFO",
    "hasUserRecipient" : true,
    "hasChildren" : false,
    "isEdited" : false,
    "updatedDate" : "2025-10-10T00:00:00.000+00:00",
    "content" : "The finance department has updated the reimbursement policy for Q4.",
    "hasAttachment" : false,
    "isRemoved" : true,
    "messageType" : "ACTION_TICKLER",
    "messagePrivacy" : "ROLE",
    "caseId" : "CASE-3897-Q1",
    "userId" : "USR-55391",
    "rootMessageId" : 163553,
    "parentId" : 27882,
    "externalIdentifiers" : "EXT-1396",
    "resourceGraph" : {
      "id" : 168,
      "resourceId" : "Leena Biradar"
    },
    "createdDate" : "2025-10-20T00:00:00.000+00:00",
    "flagStatus" : "MEDIUM",
    "roleName" : "Team Coordinator",
    "hasCustomElement" : true,
    "hasReaction" : false,
    "hasCustomTag" : true
  },
  "userId" : "96991"
}
Stored AttachmentID: 45
  When Create a BaseUserMessage using existing MessageId     # social_comments.BaseUserMessage.create_a_baseusermessage_using_existing_MessageId()
  Then The BaseUserMessage response should contain "id"      # social_comments.BaseUserMessage.the_baseusermessage_response_should_contain(java.lang.String)
  And The BaseUserMessage response status code should be 201 # social_comments.BaseUserMessage.the_baseusermessage_response_status_code_should_be(java.lang.Integer)
]]></system-out>
  </testcase>
  <testcase name="Creating a CustomTag" classname="End-to-end ResourceGraph and ResourceRegistries CRUD flow" time="3.723">
    <system-out><![CDATA[
@CustomTag
Scenario: Creating a CustomTag                         # src/test/resources/features/End_to_End_social_comments_flow.feature:62
  Given I have a CustomTag                             # social_comments.CustomTag.i_have_a_customtag()
{
  "content": "Please review the latest update",
  "type": "ACTION",
  "createdDate": "2025-10-06",
  "payload": "Great job on the project!",
  "message": {
    "id": "99"
  },
  "referenceId": "COMM-REF-735"
}
POST CustomTag Status: 201
POST CustomTag Body: {
  "id" : 16,
  "createdDate" : "2025-10-13T09:21:04.387+00:00",
  "isRemoved" : false,
  "payload" : "Great job on the project!",
  "type" : "ACTION",
  "message" : {
    "id" : 99,
    "hasCustomTemplate" : false,
    "decoratorLayer" : "INFO",
    "hasUserRecipient" : true,
    "hasChildren" : false,
    "isEdited" : false,
    "updatedDate" : "2025-10-10T00:00:00.000+00:00",
    "content" : "The finance department has updated the reimbursement policy for Q4.",
    "hasAttachment" : false,
    "isRemoved" : true,
    "messageType" : "ACTION_TICKLER",
    "messagePrivacy" : "ROLE",
    "caseId" : "CASE-3897-Q1",
    "userId" : "USR-55391",
    "rootMessageId" : 163553,
    "parentId" : 27882,
    "externalIdentifiers" : "EXT-1396",
    "resourceGraph" : {
      "id" : 168,
      "resourceId" : "Leena Biradar"
    },
    "createdDate" : "2025-10-20T00:00:00.000+00:00",
    "flagStatus" : "MEDIUM",
    "roleName" : "Team Coordinator",
    "hasCustomElement" : true,
    "hasReaction" : false,
    "hasCustomTag" : true
  },
  "referenceId" : "COMM-REF-735",
  "content" : "Please review the latest update"
}
Stored CustomTagID: 16
  When Create a CustomTag using existing MessageId     # social_comments.CustomTag.create_a_customtag_using_existing_MessageId()
  Then The CustomTag response should contain "id"      # social_comments.CustomTag.the_customtag_response_should_contain(java.lang.String)
  And The CustomTag response status code should be 201 # social_comments.CustomTag.the_customtag_response_status_code_should_be(java.lang.Integer)
]]></system-out>
  </testcase>
  <testcase name="Creating a CustomTemplate" classname="End-to-end ResourceGraph and ResourceRegistries CRUD flow" time="4.827">
    <system-out><![CDATA[
@CustomTemplate
Scenario: Creating a CustomTemplate                         # src/test/resources/features/End_to_End_social_comments_flow.feature:71
  Given I have a CustomTemplate                             # social_comments.CustomTemplate.i_have_a_customtemplate()
{
  "largeValue": "Employee Satisfaction Poll",
  "templateType": "NANO",
  "isCurrent": true,
  "smallValue": "Report",
  "createdDate": "2025-10-06",
  "name": "Amit",
  "position": 8,
  "updatedDate": "2025-10-13",
  "message": {
    "id": "99"
  },
  "mediumValue": "Analysis of employee feedback regarding workplace culture"
}
POST CustomTemplate Status: 201
POST CustomTemplate Body: {
  "id" : 15,
  "templateType" : "NANO",
  "largeValue" : "Employee Satisfaction Poll",
  "isCurrent" : true,
  "smallValue" : "Report",
  "createdDate" : "2025-10-13T09:21:08.307+00:00",
  "name" : "Amit",
  "position" : 8,
  "updatedDate" : "2025-10-13T09:21:08.307+00:00",
  "message" : {
    "id" : 99,
    "hasCustomTemplate" : false,
    "decoratorLayer" : "INFO",
    "hasUserRecipient" : true,
    "hasChildren" : false,
    "isEdited" : false,
    "updatedDate" : "2025-10-10T00:00:00.000+00:00",
    "content" : "The finance department has updated the reimbursement policy for Q4.",
    "hasAttachment" : false,
    "isRemoved" : true,
    "messageType" : "ACTION_TICKLER",
    "messagePrivacy" : "ROLE",
    "caseId" : "CASE-3897-Q1",
    "userId" : "USR-55391",
    "rootMessageId" : 163553,
    "parentId" : 27882,
    "externalIdentifiers" : "EXT-1396",
    "resourceGraph" : {
      "id" : 168,
      "resourceId" : "Leena Biradar"
    },
    "createdDate" : "2025-10-20T00:00:00.000+00:00",
    "flagStatus" : "MEDIUM",
    "roleName" : "Team Coordinator",
    "hasCustomElement" : true,
    "hasReaction" : false,
    "hasCustomTag" : true
  },
  "mediumValue" : "Analysis of employee feedback regarding workplace culture"
}
Stored CustomTemplateID: 15
  When Create a CustomTemplate using existing MessageId     # social_comments.CustomTemplate.create_a_customtemplate_using_existing_MessageId()
  Then The CustomTemplate response should contain "id"      # social_comments.CustomTemplate.the_customtemplate_response_should_contain(java.lang.String)
  And The CustomTemplate response status code should be 201 # social_comments.CustomTemplate.the_customtemplate_response_status_code_should_be(java.lang.Integer)
]]></system-out>
  </testcase>
  <testcase name="Creating a UserCustomTemplate" classname="End-to-end ResourceGraph and ResourceRegistries CRUD flow" time="3.726">
    <system-out><![CDATA[
@UserCustomTemplate
Scenario: Creating a UserCustomTemplate                            # src/test/resources/features/End_to_End_social_comments_flow.feature:80
  Given I have a UserCustomTemplate                                # social_comments.UserCustomTemplate.i_have_a_usercustomtemplate()
{
  "createdDate": "2025-10-10",
  "payload": "Important notice",
  "type": "PINNED",
  "userId": "user_1235",
  "customTemplate": {
    "id": 15
  }
}
POST UserCustomTemplate Status: 201
POST UserCustomTemplate Body: {
  "id" : 8,
  "createdDate" : "2025-10-13T09:21:12.906+00:00",
  "payload" : "Important notice",
  "type" : "PINNED",
  "userId" : "user_1235",
  "customTemplate" : {
    "id" : 15,
    "templateType" : "NANO",
    "largeValue" : "Employee Satisfaction Poll",
    "isCurrent" : true,
    "smallValue" : "Report",
    "createdDate" : "2025-10-13T09:21:08.307+00:00",
    "name" : "Amit",
    "position" : 8,
    "updatedDate" : "2025-10-13T09:21:08.307+00:00",
    "message" : {
      "id" : 99,
      "hasCustomTemplate" : false,
      "decoratorLayer" : "INFO",
      "hasUserRecipient" : true,
      "hasChildren" : false,
      "isEdited" : false,
      "updatedDate" : "2025-10-10T00:00:00.000+00:00",
      "content" : "The finance department has updated the reimbursement policy for Q4.",
      "hasAttachment" : false,
      "isRemoved" : true,
      "messageType" : "ACTION_TICKLER",
      "messagePrivacy" : "ROLE",
      "caseId" : "CASE-3897-Q1",
      "userId" : "USR-55391",
      "rootMessageId" : 163553,
      "parentId" : 27882,
      "externalIdentifiers" : "EXT-1396",
      "resourceGraph" : {
        "id" : 168,
        "resourceId" : "Leena Biradar"
      },
      "createdDate" : "2025-10-20T00:00:00.000+00:00",
      "flagStatus" : "MEDIUM",
      "roleName" : "Team Coordinator",
      "hasCustomElement" : true,
      "hasReaction" : false,
      "hasCustomTag" : true
    },
    "mediumValue" : "Analysis of employee feedback regarding workplace culture"
  }
}
Stored UserCustomTemplateID: 8
  When Create a UserCustomTemplate using existing CustomTemplateId # social_comments.UserCustomTemplate.create_a_usercustomtemplate_using_existing_customtemplateId()
  Then The UserCustomTemplate response should contain "id"         # social_comments.UserCustomTemplate.the_usercustomtemplate_response_should_contain(java.lang.String)
  And The UserCustomTemplate response status code should be 201    # social_comments.UserCustomTemplate.the_usercustomtemplate_response_status_code_should_be(java.lang.Integer)
]]></system-out>
  </testcase>
  <testcase name="Creating a UserRecipient" classname="End-to-end ResourceGraph and ResourceRegistries CRUD flow" time="4.281">
    <system-out><![CDATA[
@UserRecipient
Scenario: Creating a UserRecipient                         # src/test/resources/features/End_to_End_social_comments_flow.feature:90
  Given I have a UserRecipient                             # social_comments.UserRecipient.i_have_a_userrecipient()
{
  "readState": "UNREAD",
  "roleName": "User",
  "userId": "user_6477",
  "message": {
    "id": 99
  }
}
POST UserRecipient Status: 201
POST UserRecipient Body: {
  "id" : 10,
  "readState" : "UNREAD",
  "roleName" : "User",
  "message" : {
    "id" : 99,
    "hasCustomTemplate" : false,
    "decoratorLayer" : "INFO",
    "hasUserRecipient" : true,
    "hasChildren" : false,
    "isEdited" : false,
    "updatedDate" : "2025-10-10T00:00:00.000+00:00",
    "content" : "The finance department has updated the reimbursement policy for Q4.",
    "hasAttachment" : false,
    "isRemoved" : true,
    "messageType" : "ACTION_TICKLER",
    "messagePrivacy" : "ROLE",
    "caseId" : "CASE-3897-Q1",
    "userId" : "USR-55391",
    "rootMessageId" : 163553,
    "parentId" : 27882,
    "externalIdentifiers" : "EXT-1396",
    "resourceGraph" : {
      "id" : 168,
      "resourceId" : "Leena Biradar"
    },
    "createdDate" : "2025-10-20T00:00:00.000+00:00",
    "flagStatus" : "MEDIUM",
    "roleName" : "Team Coordinator",
    "hasCustomElement" : true,
    "hasReaction" : false,
    "hasCustomTag" : true
  },
  "userId" : "user_6477"
}
Stored UserRecipientID: 10
  When Create a UserRecipient using existing MessageId     # social_comments.UserRecipient.create_a_userrecipient_using_existing_MessageId()
  Then The UserRecipient response should contain "id"      # social_comments.UserRecipient.the_userrecipient_response_should_contain(java.lang.String)
  And The UserRecipient response status code should be 201 # social_comments.UserRecipient.the_userrecipient_response_status_code_should_be(java.lang.Integer)
]]></system-out>
  </testcase>
  <testcase name="Fetching all Resources" classname="End-to-end ResourceGraph and ResourceRegistries CRUD flow" time="0.877">
    <system-out><![CDATA[
@Resource_Graph
Scenario: Fetching all Resources                       # src/test/resources/features/End_to_End_social_comments_flow.feature:98
Response Body:
{
  "_embedded" : {
    "resourceGraphs" : [ {
      "id" : 13,
      "resourceId" : "Aarav Kapoor",
      "_links" : {
        "self" : {
          "href" : "http://10.10.2.180:8099/resourceGraphs/13"
        },
        "resourceGraph" : {
          "href" : "http://10.10.2.180:8099/resourceGraphs/13"
        }
      }
    }, {
      "id" : 11,
      "resourceId" : "Chetan Patil",
      "_links" : {
        "self" : {
          "href" : "http://10.10.2.180:8099/resourceGraphs/11"
        },
        "resourceGraph" : {
          "href" : "http://10.10.2.180:8099/resourceGraphs/11"
        }
      }
    }, {
      "id" : 2,
      "resourceId" : "Ethan Clarke",
      "_links" : {
        "self" : {
          "href" : "http://10.10.2.180:8099/resourceGraphs/2"
        },
        "resourceGraph" : {
          "href" : "http://10.10.2.180:8099/resourceGraphs/2"
        }
      }
    }, {
      "id" : 12,
      "resourceId" : "iron",
      "_links" : {
        "self" : {
          "href" : "http://10.10.2.180:8099/resourceGraphs/12"
        },
        "resourceGraph" : {
          "href" : "http://10.10.2.180:8099/resourceGraphs/12"
        }
      }
    }, {
      "id" : 152,
      "resourceId" : "Karan Iyer",
      "_links" : {
        "self" : {
          "href" : "http://10.10.2.180:8099/resourceGraphs/152"
        },
        "resourceGraph" : {
          "href" : "http://10.10.2.180:8099/resourceGraphs/152"
        }
      }
    }, {
      "id" : 90,
      "resourceId" : "Karan Thomas",
      "_links" : {
        "self" : {
          "href" : "http://10.10.2.180:8099/resourceGraphs/90"
        },
        "resourceGraph" : {
          "href" : "http://10.10.2.180:8099/resourceGraphs/90"
        }
      }
    }, {
      "id" : 158,
      "resourceId" : "Kevin Das",
      "_links" : {
        "self" : {
          "href" : "http://10.10.2.180:8099/resourceGraphs/158"
        },
        "resourceGraph" : {
          "href" : "http://10.10.2.180:8099/resourceGraphs/158"
        }
      }
    }, {
      "id" : 96,
      "resourceId" : "Kevin Nair",
      "_links" : {
        "self" : {
          "href" : "http://10.10.2.180:8099/resourceGraphs/96"
        },
        "resourceGraph" : {
          "href" : "http://10.10.2.180:8099/resourceGraphs/96"
        }
      }
    }, {
      "id" : 119,
      "resourceId" : "Kevin Singh",
      "_links" : {
        "self" : {
          "href" : "http://10.10.2.180:8099/resourceGraphs/119"
        },
        "resourceGraph" : {
          "href" : "http://10.10.2.180:8099/resourceGraphs/119"
        }
      }
    }, {
      "id" : 1,
      "resourceId" : "kiran",
      "_links" : {
        "self" : {
          "href" : "http://10.10.2.180:8099/resourceGraphs/1"
        },
        "resourceGraph" : {
          "href" : "http://10.10.2.180:8099/resourceGraphs/1"
        }
      }
    }, {
      "id" : 4,
      "resourceId" : "kiru",
      "_links" : {
        "self" : {
          "href" : "http://10.10.2.180:8099/resourceGraphs/4"
        },
        "resourceGraph" : {
          "href" : "http://10.10.2.180:8099/resourceGraphs/4"
        }
      }
    }, {
      "id" : 168,
      "resourceId" : "Leena Biradar",
      "_links" : {
        "self" : {
          "href" : "http://10.10.2.180:8099/resourceGraphs/168"
        },
        "resourceGraph" : {
          "href" : "http://10.10.2.180:8099/resourceGraphs/168"
        }
      }
    }, {
      "id" : 115,
      "resourceId" : "Leena Singh",
      "_links" : {
        "self" : {
          "href" : "http://10.10.2.180:8099/resourceGraphs/115"
        },
        "resourceGraph" : {
          "href" : "http://10.10.2.180:8099/resourceGraphs/115"
        }
      }
    }, {
      "id" : 58,
      "resourceId" : "Leena Thomas",
      "_links" : {
        "self" : {
          "href" : "http://10.10.2.180:8099/resourceGraphs/58"
        },
        "resourceGraph" : {
          "href" : "http://10.10.2.180:8099/resourceGraphs/58"
        }
      }
    }, {
      "id" : 57,
      "resourceId" : "Meera Iyer",
      "_links" : {
        "self" : {
          "href" : "http://10.10.2.180:8099/resourceGraphs/57"
        },
        "resourceGraph" : {
          "href" : "http://10.10.2.180:8099/resourceGraphs/57"
        }
      }
    }, {
      "id" : 23,
      "resourceId" : "Meera Kapoor",
      "_links" : {
        "self" : {
          "href" : "http://10.10.2.180:8099/resourceGraphs/23"
        },
        "resourceGraph" : {
          "href" : "http://10.10.2.180:8099/resourceGraphs/23"
        }
      }
    }, {
      "id" : 159,
      "resourceId" : "Naveen Biradar",
      "_links" : {
        "self" : {
          "href" : "http://10.10.2.180:8099/resourceGraphs/159"
        },
        "resourceGraph" : {
          "href" : "http://10.10.2.180:8099/resourceGraphs/159"
        }
      }
    }, {
      "id" : 97,
      "resourceId" : "Priya Menon",
      "_links" : {
        "self" : {
          "href" : "http://10.10.2.180:8099/resourceGraphs/97"
        },
        "resourceGraph" : {
          "href" : "http://10.10.2.180:8099/resourceGraphs/97"
        }
      }
    }, {
      "id" : 111,
      "resourceId" : "Priya Singh",
      "_links" : {
        "self" : {
          "href" : "http://10.10.2.180:8099/resourceGraphs/111"
        },
        "resourceGraph" : {
          "href" : "http://10.10.2.180:8099/resourceGraphs/111"
        }
      }
    }, {
      "id" : 112,
      "resourceId" : "Rahul Iyer",
      "_links" : {
        "self" : {
          "href" : "http://10.10.2.180:8099/resourceGraphs/112"
        },
        "resourceGraph" : {
          "href" : "http://10.10.2.180:8099/resourceGraphs/112"
        }
      }
    } ]
  },
  "_links" : {
    "first" : {
      "href" : "http://10.10.2.180:8099/resourceGraphs?page=0&size=20"
    },
    "self" : {
      "href" : "http://10.10.2.180:8099/resourceGraphs?page=0&size=20"
    },
    "next" : {
      "href" : "http://10.10.2.180:8099/resourceGraphs?page=1&size=20"
    },
    "last" : {
      "href" : "http://10.10.2.180:8099/resourceGraphs?page=1&size=20"
    },
    "profile" : {
      "href" : "http://10.10.2.180:8099/profile/resourceGraphs"
    },
    "search" : {
      "href" : "http://10.10.2.180:8099/resourceGraphs/search"
    }
  },
  "page" : {
    "size" : 20,
    "totalElements" : 32,
    "totalPages" : 2,
    "number" : 0
  }
}
Status Code: 200
  When Fetch All ResourceID Details                    # social_comments.ResourceGraph.Fetch_All_resourceid_Details()
  Then The Resource response status code should be 200 # social_comments.ResourceGraph.the_resource_response_status_code_should_be(java.lang.Integer)
  And The Resource response should contain "id"        # social_comments.ResourceGraph.the_resource_response_should_contain(java.lang.String)
]]></system-out>
  </testcase>
  <testcase name="Get ResourceID Details with ID" classname="End-to-end ResourceGraph and ResourceRegistries CRUD flow" time="0.709">
    <system-out><![CDATA[
@Resource_Graph
Scenario: Get ResourceID Details with ID               # src/test/resources/features/End_to_End_social_comments_flow.feature:105
Response Body:
{
  "id" : 168,
  "resourceId" : "Leena Biradar"
}
Status Code: 200
  When Fetch resourceID Details with ID                # social_comments.ResourceGraph.Fetch_resourceID_Details_with_ID()
  Then The Resource response status code should be 200 # social_comments.ResourceGraph.the_resource_response_status_code_should_be(java.lang.Integer)
]]></system-out>
  </testcase>
  <testcase name="Updating PUT ResourceID Details with ID" classname="End-to-end ResourceGraph and ResourceRegistries CRUD flow" time="4.73">
    <system-out><![CDATA[
@Resource_Graph
Scenario: Updating PUT ResourceID Details with ID      # src/test/resources/features/End_to_End_social_comments_flow.feature:111
PUT Response Body:
{
  "id" : 168,
  "resourceId" : "Santosh Thomas"
}
Status Code: 200
  When Update ResourceID                               # social_comments.ResourceGraph.Update_ResourceID()
  Then The Resource response status code should be 200 # social_comments.ResourceGraph.the_resource_response_status_code_should_be(java.lang.Integer)
]]></system-out>
  </testcase>
  <testcase name="Updating Patch ResourceID Request" classname="End-to-end ResourceGraph and ResourceRegistries CRUD flow" time="4.793">
    <system-out><![CDATA[
@Resource_Graph
Scenario: Updating Patch ResourceID Request            # src/test/resources/features/End_to_End_social_comments_flow.feature:117
PATCH Request Body:
{
  "resourceId": "Bhanupraksh Nair"
}
PATCH Response Body:
{
  "id" : 168,
  "resourceId" : "Bhanupraksh Nair"
}
Status Code: 200
  When Update Patch ResourceID                         # social_comments.ResourceGraph.Update_Patch_ResourceID()
  Then The Resource response status code should be 200 # social_comments.ResourceGraph.the_resource_response_status_code_should_be(java.lang.Integer)
]]></system-out>
  </testcase>
  <testcase name="Fetching all ResourceRegistries" classname="End-to-end ResourceGraph and ResourceRegistries CRUD flow" time="1.6">
    <system-out><![CDATA[
@Resource_Registries
Scenario: Fetching all ResourceRegistries                        # src/test/resources/features/End_to_End_social_comments_flow.feature:123
Response Body:
{
  "_embedded" : {
    "resourceRegistries" : [ {
      "id" : 1,
      "resourceGraph" : {
        "id" : 2,
        "resourceId" : "Ethan Clarke"
      },
      "createdDate" : "2025-08-04T06:59:59.610+00:00",
      "isRemoved" : false,
      "resourceName" : "Marcus Nguyen",
      "label" : "Marcus Nguyen",
      "resourceValue" : "Marcus Nguyen",
      "_links" : {
        "self" : {
          "href" : "http://10.10.2.180:8099/resourceRegistries/1"
        },
        "resourceRegistry" : {
          "href" : "http://10.10.2.180:8099/resourceRegistries/1"
        }
      }
    }, {
      "id" : 2,
      "resourceGraph" : {
        "id" : 1,
        "resourceId" : "kiran"
      },
      "createdDate" : "2025-08-06T05:31:28.880+00:00",
      "isRemoved" : true,
      "resourceName" : "raj",
      "label" : "string",
      "resourceValue" : "string",
      "_links" : {
        "self" : {
          "href" : "http://10.10.2.180:8099/resourceRegistries/2"
        },
        "resourceRegistry" : {
          "href" : "http://10.10.2.180:8099/resourceRegistries/2"
        }
      }
    }, {
      "id" : 3,
      "resourceGraph" : {
        "id" : 11,
        "resourceId" : "Chetan Patil"
      },
      "createdDate" : "2025-08-06T06:10:53.432+00:00",
      "isRemoved" : false,
      "resourceName" : "Marcus Nguyen",
      "label" : "Marcus Nguyen",
      "resourceValue" : "Marcus Nguyen",
      "_links" : {
        "self" : {
          "href" : "http://10.10.2.180:8099/resourceRegistries/3"
        },
        "resourceRegistry" : {
          "href" : "http://10.10.2.180:8099/resourceRegistries/3"
        }
      }
    }, {
      "id" : 4,
      "resourceGraph" : {
        "id" : 13,
        "resourceId" : "Aarav Kapoor"
      },
      "createdDate" : "2025-08-06T10:36:07.696+00:00",
      "isRemoved" : false,
      "resourceName" : "Rohan Mehta",
      "label" : "Rohan Mehta",
      "resourceValue" : "Rohan Mehta",
      "_links" : {
        "self" : {
          "href" : "http://10.10.2.180:8099/resourceRegistries/4"
        },
        "resourceRegistry" : {
          "href" : "http://10.10.2.180:8099/resourceRegistries/4"
        }
      }
    }, {
      "id" : 8,
      "createdDate" : "2025-10-06T09:32:05.921+00:00",
      "isRemoved" : false,
      "resourceName" : "Arjun Kapoor",
      "label" : "Leena Iyer",
      "resourceValue" : "Karan Thomas",
      "_links" : {
        "self" : {
          "href" : "http://10.10.2.180:8099/resourceRegistries/8"
        },
        "resourceRegistry" : {
          "href" : "http://10.10.2.180:8099/resourceRegistries/8"
        }
      }
    }, {
      "id" : 9,
      "createdDate" : "2025-10-06T09:37:31.860+00:00",
      "isRemoved" : false,
      "resourceName" : "Rohan Das",
      "label" : "Kevin Sharma",
      "resourceValue" : "Leena Menon",
      "_links" : {
        "self" : {
          "href" : "http://10.10.2.180:8099/resourceRegistries/9"
        },
        "resourceRegistry" : {
          "href" : "http://10.10.2.180:8099/resourceRegistries/9"
        }
      }
    }, {
      "id" : 10,
      "createdDate" : "2025-10-06T12:27:43.769+00:00",
      "isRemoved" : false,
      "resourceName" : "Meera Nair",
      "label" : "Vikram Thomas",
      "resourceValue" : "Vikram Das",
      "_links" : {
        "self" : {
          "href" : "http://10.10.2.180:8099/resourceRegistries/10"
        },
        "resourceRegistry" : {
          "href" : "http://10.10.2.180:8099/resourceRegistries/10"
        }
      }
    }, {
      "id" : 11,
      "createdDate" : "2025-10-06T12:34:57.952+00:00",
      "isRemoved" : false,
      "resourceName" : "Vikram Iyer",
      "label" : "Priya Menon",
      "resourceValue" : "Vikram Menon",
      "_links" : {
        "self" : {
          "href" : "http://10.10.2.180:8099/resourceRegistries/11"
        },
        "resourceRegistry" : {
          "href" : "http://10.10.2.180:8099/resourceRegistries/11"
        }
      }
    }, {
      "id" : 12,
      "createdDate" : "2025-10-06T12:37:22.349+00:00",
      "isRemoved" : false,
      "resourceName" : "Vikram Kapoor",
      "label" : "Vikram Kapoor",
      "resourceValue" : "Vikram Kapoor",
      "_links" : {
        "self" : {
          "href" : "http://10.10.2.180:8099/resourceRegistries/12"
        },
        "resourceRegistry" : {
          "href" : "http://10.10.2.180:8099/resourceRegistries/12"
        }
      }
    }, {
      "id" : 13,
      "createdDate" : "2025-10-06T12:45:26.764+00:00",
      "isRemoved" : false,
      "resourceName" : "Meera Nair",
      "label" : "Meera Nair",
      "resourceValue" : "Meera Nair",
      "_links" : {
        "self" : {
          "href" : "http://10.10.2.180:8099/resourceRegistries/13"
        },
        "resourceRegistry" : {
          "href" : "http://10.10.2.180:8099/resourceRegistries/13"
        }
      }
    }, {
      "id" : 14,
      "createdDate" : "2025-10-06T12:45:30.671+00:00",
      "isRemoved" : false,
      "resourceName" : "Arjun Das",
      "label" : "Arjun Das",
      "resourceValue" : "Arjun Das",
      "_links" : {
        "self" : {
          "href" : "http://10.10.2.180:8099/resourceRegistries/14"
        },
        "resourceRegistry" : {
          "href" : "http://10.10.2.180:8099/resourceRegistries/14"
        }
      }
    }, {
      "id" : 15,
      "createdDate" : "2025-10-06T12:46:29.694+00:00",
      "isRemoved" : false,
      "resourceName" : "Arjun Das",
      "label" : "Arjun Das",
      "resourceValue" : "Arjun Das",
      "_links" : {
        "self" : {
          "href" : "http://10.10.2.180:8099/resourceRegistries/15"
        },
        "resourceRegistry" : {
          "href" : "http://10.10.2.180:8099/resourceRegistries/15"
        }
      }
    }, {
      "id" : 16,
      "createdDate" : "2025-10-06T12:48:23.365+00:00",
      "isRemoved" : false,
      "resourceName" : "Arjun Nair",
      "label" : "Arjun Nair",
      "resourceValue" : "Arjun Nair",
      "_links" : {
        "self" : {
          "href" : "http://10.10.2.180:8099/resourceRegistries/16"
        },
        "resourceRegistry" : {
          "href" : "http://10.10.2.180:8099/resourceRegistries/16"
        }
      }
    }, {
      "id" : 17,
      "createdDate" : "2025-10-06T12:50:37.024+00:00",
      "isRemoved" : false,
      "resourceName" : "Karan Das",
      "label" : "Karan Das",
      "resourceValue" : "Karan Das",
      "_links" : {
        "self" : {
          "href" : "http://10.10.2.180:8099/resourceRegistries/17"
        },
        "resourceRegistry" : {
          "href" : "http://10.10.2.180:8099/resourceRegistries/17"
        }
      }
    }, {
      "id" : 18,
      "createdDate" : "2025-10-06T15:20:15.579+00:00",
      "isRemoved" : false,
      "resourceName" : "Rohan Kapoor",
      "label" : "Rohan Kapoor",
      "resourceValue" : "Rohan Kapoor",
      "_links" : {
        "self" : {
          "href" : "http://10.10.2.180:8099/resourceRegistries/18"
        },
        "resourceRegistry" : {
          "href" : "http://10.10.2.180:8099/resourceRegistries/18"
        }
      }
    }, {
      "id" : 19,
      "createdDate" : "2025-10-06T15:23:09.185+00:00",
      "isRemoved" : false,
      "resourceName" : "Vikram Iyer",
      "label" : "Vikram Iyer",
      "resourceValue" : "Vikram Iyer",
      "_links" : {
        "self" : {
          "href" : "http://10.10.2.180:8099/resourceRegistries/19"
        },
        "resourceRegistry" : {
          "href" : "http://10.10.2.180:8099/resourceRegistries/19"
        }
      }
    }, {
      "id" : 20,
      "createdDate" : "2025-10-06T15:26:20.965+00:00",
      "isRemoved" : false,
      "resourceName" : "Kevin Thomas",
      "label" : "Kevin Thomas",
      "resourceValue" : "Kevin Thomas",
      "_links" : {
        "self" : {
          "href" : "http://10.10.2.180:8099/resourceRegistries/20"
        },
        "resourceRegistry" : {
          "href" : "http://10.10.2.180:8099/resourceRegistries/20"
        }
      }
    }, {
      "id" : 21,
      "createdDate" : "2025-10-06T16:01:35.632+00:00",
      "isRemoved" : false,
      "resourceName" : "Kevin Iyer",
      "label" : "Kevin Iyer",
      "resourceValue" : "Kevin Iyer",
      "_links" : {
        "self" : {
          "href" : "http://10.10.2.180:8099/resourceRegistries/21"
        },
        "resourceRegistry" : {
          "href" : "http://10.10.2.180:8099/resourceRegistries/21"
        }
      }
    }, {
      "id" : 22,
      "createdDate" : "2025-10-07T06:55:57.282+00:00",
      "isRemoved" : false,
      "resourceName" : "Arjun Das",
      "label" : "Arjun Das",
      "resourceValue" : "Arjun Das",
      "_links" : {
        "self" : {
          "href" : "http://10.10.2.180:8099/resourceRegistries/22"
        },
        "resourceRegistry" : {
          "href" : "http://10.10.2.180:8099/resourceRegistries/22"
        }
      }
    }, {
      "id" : 23,
      "createdDate" : "2025-10-07T13:06:08.827+00:00",
      "isRemoved" : false,
      "resourceName" : "Meera Thomas",
      "label" : "Meera Thomas",
      "resourceValue" : "Meera Thomas",
      "_links" : {
        "self" : {
          "href" : "http://10.10.2.180:8099/resourceRegistries/23"
        },
        "resourceRegistry" : {
          "href" : "http://10.10.2.180:8099/resourceRegistries/23"
        }
      }
    } ]
  },
  "_links" : {
    "first" : {
      "href" : "http://10.10.2.180:8099/resourceRegistries?page=0&size=20"
    },
    "self" : {
      "href" : "http://10.10.2.180:8099/resourceRegistries?page=0&size=20"
    },
    "next" : {
      "href" : "http://10.10.2.180:8099/resourceRegistries?page=1&size=20"
    },
    "last" : {
      "href" : "http://10.10.2.180:8099/resourceRegistries?page=2&size=20"
    },
    "profile" : {
      "href" : "http://10.10.2.180:8099/profile/resourceRegistries"
    },
    "search" : {
      "href" : "http://10.10.2.180:8099/resourceRegistries/search"
    }
  },
  "page" : {
    "size" : 20,
    "totalElements" : 41,
    "totalPages" : 3,
    "number" : 0
  }
}
Status Code: 200
  When Fetch All ResourceRegistriesID Details                    # social_comments.ResourceRegistries.Fetch_All_resourceregistriesid_Details()
  Then The ResourceRegistries response status code should be 200 # social_comments.ResourceRegistries.the_resource_registries_response_status_code_should_be(java.lang.Integer)
  And The ResourceRegistries response should contain "id"        # social_comments.ResourceRegistries.the_resource_registries_response_should_contain(java.lang.String)
]]></system-out>
  </testcase>
  <testcase name="Get ResourceRegistriesID Details with ID" classname="End-to-end ResourceGraph and ResourceRegistries CRUD flow" time="0.928">
    <system-out><![CDATA[
@Resource_Registries
Scenario: Get ResourceRegistriesID Details with ID               # src/test/resources/features/End_to_End_social_comments_flow.feature:130
Response Body:
{
  "id" : 130,
  "resourceGraph" : {
    "id" : 168,
    "resourceId" : "Bhanupraksh Nair"
  },
  "createdDate" : "2025-10-13T09:20:41.922+00:00",
  "isRemoved" : false,
  "resourceName" : "Meera Kumar",
  "label" : "Meera Kumar",
  "resourceValue" : "Meera Kumar"
}
Status Code: 200
  When Fetch ResourceRegistriesID Details with ID                # social_comments.ResourceRegistries.Fetch_resourceID_Details_with_ID()
  Then The ResourceRegistries response status code should be 200 # social_comments.ResourceRegistries.the_resource_registries_response_status_code_should_be(java.lang.Integer)
]]></system-out>
  </testcase>
  <testcase name="Updating PUT ResourceRegistriry Details with ID" classname="End-to-end ResourceGraph and ResourceRegistries CRUD flow" time="4.764">
    <system-out><![CDATA[
@Resource_Registries
Scenario: Updating PUT ResourceRegistriry Details with ID        # src/test/resources/features/End_to_End_social_comments_flow.feature:136
PUT Response Body:
{
  "id" : 130,
  "resourceGraph" : {
    "id" : 168,
    "resourceId" : "Bhanupraksh Nair"
  },
  "createdDate" : "2025-10-13T00:00:00.000+00:00",
  "isRemoved" : false,
  "resourceName" : "Aditi Dodda",
  "label" : "Aditi Dodda",
  "resourceValue" : "Aditi Dodda"
}
Status Code: 200
  When Update ResourceRegistryID                                 # social_comments.ResourceRegistries.Update_ResourceRegistryID()
  Then The ResourceRegistries response status code should be 200 # social_comments.ResourceRegistries.the_resource_registries_response_status_code_should_be(java.lang.Integer)
]]></system-out>
  </testcase>
  <testcase name="Updating Patch ResourceRegistries request" classname="End-to-end ResourceGraph and ResourceRegistries CRUD flow" time="3.588">
    <system-out><![CDATA[
@Resource_Registries
Scenario: Updating Patch ResourceRegistries request              # src/test/resources/features/End_to_End_social_comments_flow.feature:142
PATCH Request Body:
{
  "resourceGraph": {
    "id": 168
  },
  "createdDate": "2025-10-13",
  "resourceName": "Abhishek Dodda",
  "label": "Abhishek Dodda",
  "resourceValue": "Abhishek Dodda"
}
PATCH Response Body:
{
  "id" : 130,
  "resourceGraph" : {
    "id" : 168,
    "resourceId" : "Bhanupraksh Nair"
  },
  "createdDate" : "2025-10-13T00:00:00.000+00:00",
  "isRemoved" : false,
  "resourceName" : "Abhishek Dodda",
  "label" : "Abhishek Dodda",
  "resourceValue" : "Abhishek Dodda"
}
Status Code: 200
  When Update Patch ResourceRegistriesID                         # social_comments.ResourceRegistries.Update_Patch_ResourceRegistriesID()
  Then The ResourceRegistries response status code should be 200 # social_comments.ResourceRegistries.the_resource_registries_response_status_code_should_be(java.lang.Integer)
]]></system-out>
  </testcase>
  <testcase name="Fetching all Message" classname="End-to-end ResourceGraph and ResourceRegistries CRUD flow" time="1.027">
    <system-out><![CDATA[
@Message
Scenario: Fetching all Message                       # src/test/resources/features/End_to_End_social_comments_flow.feature:147
Response Body:
{
  "_embedded" : {
    "messages" : [ {
      "id" : 3,
      "hasCustomTemplate" : true,
      "decoratorLayer" : "ester",
      "hasUserRecipient" : true,
      "hasChildren" : true,
      "isEdited" : true,
      "updatedDate" : "2025-08-07T00:00:00.000+00:00",
      "content" : "dcontentddd",
      "hasAttachment" : true,
      "isRemoved" : true,
      "messageType" : "REPLY_TICKLER",
      "messagePrivacy" : "ROLE",
      "caseId" : "2508askd",
      "userId" : "ravi-tester",
      "rootMessageId" : 325,
      "parentId" : 875,
      "externalIdentifiers" : "dddd",
      "resourceGraph" : {
        "id" : 10,
        "resourceId" : "resource-tester"
      },
      "createdDate" : "2025-07-24T00:00:00.000+00:00",
      "flagStatus" : "flaggg",
      "roleName" : "src",
      "hasCustomElement" : true,
      "hasReaction" : true,
      "hasCustomTag" : true,
      "_links" : {
        "self" : {
          "href" : "http://10.10.2.180:8099/messages/3"
        },
        "message" : {
          "href" : "http://10.10.2.180:8099/messages/3"
        }
      }
    }, {
      "id" : 4,
      "hasCustomTemplate" : true,
      "decoratorLayer" : "aaaa",
      "hasUserRecipient" : true,
      "hasChildren" : true,
      "isEdited" : true,
      "updatedDate" : "2025-07-11T00:00:00.000+00:00",
      "content" : "dddd",
      "hasAttachment" : false,
      "isRemoved" : true,
      "messageType" : "REPLY_TICKLER",
      "messagePrivacy" : "ROLE",
      "caseId" : "dddd",
      "userId" : "ravi",
      "rootMessageId" : 325,
      "parentId" : 875,
      "externalIdentifiers" : "dddd",
      "resourceGraph" : {
        "id" : 1,
        "resourceId" : "kiran"
      },
      "createdDate" : "2025-07-10T00:00:00.000+00:00",
      "flagStatus" : "dddd",
      "roleName" : "dddd",
      "hasCustomElement" : true,
      "hasReaction" : true,
      "hasCustomTag" : true,
      "_links" : {
        "self" : {
          "href" : "http://10.10.2.180:8099/messages/4"
        },
        "message" : {
          "href" : "http://10.10.2.180:8099/messages/4"
        }
      }
    }, {
      "id" : 5,
      "hasCustomTemplate" : false,
      "decoratorLayer" : "aaaa",
      "hasUserRecipient" : false,
      "hasChildren" : true,
      "isEdited" : true,
      "updatedDate" : "2025-07-11T00:00:00.000+00:00",
      "content" : "dddd",
      "hasAttachment" : false,
      "isRemoved" : true,
      "messageType" : "REPLY_TICKLER",
      "messagePrivacy" : "ROLE",
      "caseId" : "dddd",
      "userId" : "ravi",
      "rootMessageId" : 325,
      "parentId" : 875,
      "externalIdentifiers" : "dddd",
      "resourceGraph" : {
        "id" : 1,
        "resourceId" : "kiran"
      },
      "createdDate" : "2025-07-10T00:00:00.000+00:00",
      "flagStatus" : "dddd",
      "roleName" : "dddd",
      "hasCustomElement" : false,
      "hasReaction" : false,
      "hasCustomTag" : false,
      "_links" : {
        "self" : {
          "href" : "http://10.10.2.180:8099/messages/5"
        },
        "message" : {
          "href" : "http://10.10.2.180:8099/messages/5"
        }
      }
    }, {
      "id" : 6,
      "hasCustomTemplate" : false,
      "decoratorLayer" : "aaaa",
      "hasUserRecipient" : false,
      "hasChildren" : false,
      "isEdited" : true,
      "updatedDate" : "2025-07-11T00:00:00.000+00:00",
      "content" : "dddd",
      "hasAttachment" : false,
      "isRemoved" : true,
      "messageType" : "REPLY_TICKLER",
      "messagePrivacy" : "ROLE",
      "caseId" : "dddd",
      "userId" : "ravi",
      "rootMessageId" : 325,
      "parentId" : 875,
      "externalIdentifiers" : "dddd",
      "resourceGraph" : {
        "id" : 1,
        "resourceId" : "kiran"
      },
      "createdDate" : "2025-07-10T00:00:00.000+00:00",
      "flagStatus" : "dddd",
      "roleName" : "dddd",
      "hasCustomElement" : false,
      "hasReaction" : false,
      "hasCustomTag" : false,
      "_links" : {
        "self" : {
          "href" : "http://10.10.2.180:8099/messages/6"
        },
        "message" : {
          "href" : "http://10.10.2.180:8099/messages/6"
        }
      }
    }, {
      "id" : 7,
      "hasCustomTemplate" : true,
      "decoratorLayer" : "WARNING",
      "hasUserRecipient" : true,
      "hasChildren" : true,
      "isEdited" : true,
      "updatedDate" : "2025-10-08T07:29:18.493+00:00",
      "content" : "Please review the updated task and provide",
      "hasAttachment" : true,
      "isRemoved" : false,
      "messageType" : "DOODLE_TICKLER",
      "messagePrivacy" : "USER",
      "caseId" : "CASE5678",
      "userId" : "78234",
      "rootMessageId" : 88888,
      "parentId" : 77777,
      "externalIdentifiers" : "EXT-789012",
      "createdDate" : "2025-08-06T08:15:00.000+00:00",
      "flagStatus" : "URGENT",
      "roleName" : "Approver",
      "hasCustomElement" : true,
      "hasReaction" : true,
      "hasCustomTag" : true,
      "_links" : {
        "self" : {
          "href" : "http://10.10.2.180:8099/messages/7"
        },
        "message" : {
          "href" : "http://10.10.2.180:8099/messages/7"
        }
      }
    }, {
      "id" : 8,
      "hasCustomTemplate" : false,
      "decoratorLayer" : "aaaa",
      "hasUserRecipient" : false,
      "hasChildren" : false,
      "isEdited" : true,
      "updatedDate" : "2025-07-11T00:00:00.000+00:00",
      "content" : "dddd",
      "hasAttachment" : false,
      "isRemoved" : false,
      "messageType" : "REPLY_TICKLER",
      "messagePrivacy" : "ROLE",
      "caseId" : "dddd",
      "userId" : "ravi",
      "rootMessageId" : 325,
      "parentId" : 875,
      "externalIdentifiers" : "dddd",
      "resourceGraph" : {
        "id" : 11,
        "resourceId" : "Chetan Patil"
      },
      "createdDate" : "2025-07-10T00:00:00.000+00:00",
      "flagStatus" : "dddd",
      "roleName" : "dddd",
      "hasCustomElement" : false,
      "hasReaction" : false,
      "hasCustomTag" : false,
      "_links" : {
        "self" : {
          "href" : "http://10.10.2.180:8099/messages/8"
        },
        "message" : {
          "href" : "http://10.10.2.180:8099/messages/8"
        }
      }
    }, {
      "id" : 14,
      "hasCustomTemplate" : true,
      "decoratorLayer" : "WARNING",
      "hasUserRecipient" : true,
      "hasChildren" : true,
      "isEdited" : true,
      "updatedDate" : "2025-08-06T09:30:00.000+00:00",
      "content" : "Please review the updated task and provide feedback.",
      "hasAttachment" : true,
      "isRemoved" : false,
      "messageType" : "DOODLE_TICKLER",
      "messagePrivacy" : "USER",
      "caseId" : "CASE5678",
      "userId" : "78235",
      "rootMessageId" : 88889,
      "parentId" : 77779,
      "externalIdentifiers" : "EXT-789012",
      "resourceGraph" : {
        "id" : 11,
        "resourceId" : "Chetan Patil"
      },
      "createdDate" : "2025-08-06T08:15:00.000+00:00",
      "flagStatus" : "URGENT",
      "roleName" : "Approver",
      "hasCustomElement" : true,
      "hasReaction" : true,
      "hasCustomTag" : true,
      "_links" : {
        "self" : {
          "href" : "http://10.10.2.180:8099/messages/14"
        },
        "message" : {
          "href" : "http://10.10.2.180:8099/messages/14"
        }
      }
    }, {
      "id" : 15,
      "hasCustomTemplate" : true,
      "decoratorLayer" : "WARNING",
      "hasUserRecipient" : true,
      "hasChildren" : true,
      "isEdited" : true,
      "updatedDate" : "2025-08-06T09:30:00.000+00:00",
      "content" : "Please review the updated task.",
      "hasAttachment" : true,
      "isRemoved" : false,
      "messageType" : "SOURCE_CODE",
      "messagePrivacy" : "ONLY_ME",
      "caseId" : "479515",
      "userId" : "78235",
      "rootMessageId" : 74896,
      "parentId" : 79697,
      "externalIdentifiers" : "789012",
      "resourceGraph" : {
        "id" : 13,
        "resourceId" : "Aarav Kapoor"
      },
      "createdDate" : "2025-08-06T08:15:00.000+00:00",
      "flagStatus" : "URGENT",
      "roleName" : "Approver",
      "hasCustomElement" : true,
      "hasReaction" : true,
      "hasCustomTag" : true,
      "_links" : {
        "self" : {
          "href" : "http://10.10.2.180:8099/messages/15"
        },
        "message" : {
          "href" : "http://10.10.2.180:8099/messages/15"
        }
      }
    }, {
      "id" : 23,
      "hasCustomTemplate" : false,
      "decoratorLayer" : "WARNING",
      "hasUserRecipient" : false,
      "hasChildren" : false,
      "isEdited" : false,
      "updatedDate" : "2025-08-07T00:00:00.000+00:00",
      "content" : "Please review the update the task.",
      "hasAttachment" : false,
      "isRemoved" : false,
      "messageType" : "DEFAULT",
      "messagePrivacy" : "PUBLIC",
      "caseId" : "479516",
      "userId" : "78243",
      "rootMessageId" : 7489,
      "parentId" : 7967,
      "externalIdentifiers" : "78907",
      "resourceGraph" : {
        "id" : 11,
        "resourceId" : "Chetan Patil"
      },
      "createdDate" : "2025-08-07T00:00:00.000+00:00",
      "flagStatus" : "URGENT",
      "roleName" : "Approver",
      "hasCustomElement" : false,
      "hasReaction" : false,
      "hasCustomTag" : false,
      "_links" : {
        "self" : {
          "href" : "http://10.10.2.180:8099/messages/23"
        },
        "message" : {
          "href" : "http://10.10.2.180:8099/messages/23"
        }
      }
    }, {
      "id" : 24,
      "hasCustomTemplate" : false,
      "decoratorLayer" : "WARNING",
      "hasUserRecipient" : false,
      "hasChildren" : false,
      "isEdited" : false,
      "updatedDate" : "2025-08-07T00:00:00.000+00:00",
      "content" : "Please review the update the task.",
      "hasAttachment" : false,
      "isRemoved" : false,
      "messageType" : "DEFAULT",
      "messagePrivacy" : "PUBLIC",
      "caseId" : "479517",
      "userId" : "78244",
      "rootMessageId" : 7490,
      "parentId" : 7996,
      "externalIdentifiers" : "78909",
      "resourceGraph" : {
        "id" : 11,
        "resourceId" : "Chetan Patil"
      },
      "createdDate" : "2025-08-07T00:00:00.000+00:00",
      "flagStatus" : "URGENT",
      "roleName" : "Approver",
      "hasCustomElement" : false,
      "hasReaction" : false,
      "hasCustomTag" : false,
      "_links" : {
        "self" : {
          "href" : "http://10.10.2.180:8099/messages/24"
        },
        "message" : {
          "href" : "http://10.10.2.180:8099/messages/24"
        }
      }
    }, {
      "id" : 25,
      "hasCustomTemplate" : false,
      "hasUserRecipient" : false,
      "hasChildren" : false,
      "isEdited" : false,
      "hasAttachment" : false,
      "isRemoved" : false,
      "messageType" : "DEFAULT",
      "messagePrivacy" : "PUBLIC",
      "userId" : "78244",
      "rootMessageId" : 0,
      "parentId" : 0,
      "createdDate" : "2025-08-07T00:00:00.000+00:00",
      "hasCustomElement" : false,
      "hasReaction" : false,
      "hasCustomTag" : false,
      "_links" : {
        "self" : {
          "href" : "http://10.10.2.180:8099/messages/25"
        },
        "message" : {
          "href" : "http://10.10.2.180:8099/messages/25"
        }
      }
    }, {
      "id" : 26,
      "hasCustomTemplate" : false,
      "decoratorLayer" : "WARNING",
      "hasUserRecipient" : false,
      "hasChildren" : false,
      "isEdited" : false,
      "updatedDate" : "2025-08-07T00:00:00.000+00:00",
      "content" : "Please review the update the task.",
      "hasAttachment" : true,
      "isRemoved" : false,
      "messageType" : "DEFAULT",
      "messagePrivacy" : "PUBLIC",
      "caseId" : "479518",
      "userId" : "78245",
      "rootMessageId" : 7491,
      "parentId" : 7997,
      "externalIdentifiers" : "78910",
      "resourceGraph" : {
        "id" : 11,
        "resourceId" : "Chetan Patil"
      },
      "createdDate" : "2025-08-07T00:00:00.000+00:00",
      "flagStatus" : "URGENT",
      "roleName" : "Approver",
      "hasCustomElement" : false,
      "hasReaction" : false,
      "hasCustomTag" : false,
      "_links" : {
        "self" : {
          "href" : "http://10.10.2.180:8099/messages/26"
        },
        "message" : {
          "href" : "http://10.10.2.180:8099/messages/26"
        }
      }
    }, {
      "id" : 28,
      "hasCustomTemplate" : false,
      "decoratorLayer" : "WARNING",
      "hasUserRecipient" : false,
      "hasChildren" : false,
      "isEdited" : false,
      "updatedDate" : "2025-08-22T00:00:00.000+00:00",
      "content" : "Please review the update the task.",
      "hasAttachment" : true,
      "isRemoved" : false,
      "messageType" : "TOODLE_THEMES",
      "messagePrivacy" : "ROLE",
      "caseId" : "479523",
      "userId" : "78252",
      "rootMessageId" : 7496,
      "parentId" : 8002,
      "externalIdentifiers" : "78915",
      "resourceGraph" : {
        "id" : 11,
        "resourceId" : "Chetan Patil"
      },
      "createdDate" : "2025-08-22T00:00:00.000+00:00",
      "flagStatus" : "URGENT",
      "roleName" : "Approver",
      "hasCustomElement" : false,
      "hasReaction" : false,
      "hasCustomTag" : false,
      "_links" : {
        "self" : {
          "href" : "http://10.10.2.180:8099/messages/28"
        },
        "message" : {
          "href" : "http://10.10.2.180:8099/messages/28"
        }
      }
    }, {
      "id" : 29,
      "hasCustomTemplate" : false,
      "decoratorLayer" : "ERROR",
      "hasUserRecipient" : false,
      "hasChildren" : false,
      "isEdited" : true,
      "updatedDate" : "2025-10-03T00:00:00.000+00:00",
      "content" : "System maintenance will occur tonight between 2:00 AM and 3:00 AM.",
      "hasAttachment" : true,
      "isRemoved" : true,
      "messageType" : "SOURCE_CODE",
      "messagePrivacy" : "PUBLIC",
      "caseId" : "CASE-9119-Q1",
      "userId" : "USR-93368",
      "rootMessageId" : 118334,
      "parentId" : 106218,
      "externalIdentifiers" : "EXT-3096",
      "createdDate" : "2025-10-19T00:00:00.000+00:00",
      "flagStatus" : "MEDIUM",
      "roleName" : "System Admin",
      "hasCustomElement" : false,
      "hasReaction" : true,
      "hasCustomTag" : false,
      "_links" : {
        "self" : {
          "href" : "http://10.10.2.180:8099/messages/29"
        },
        "message" : {
          "href" : "http://10.10.2.180:8099/messages/29"
        }
      }
    }, {
      "id" : 30,
      "hasCustomTemplate" : false,
      "decoratorLayer" : "SUCCESS",
      "hasUserRecipient" : true,
      "hasChildren" : true,
      "isEdited" : false,
      "updatedDate" : "2025-10-19T00:00:00.000+00:00",
      "content" : "Quarterly performance appraisal results are available on the HR dashboard.",
      "hasAttachment" : false,
      "isRemoved" : true,
      "messageType" : "TOODLE_LABELS",
      "messagePrivacy" : "ONLY_ME",
      "caseId" : "CASE-5123-Q4",
      "userId" : "USR-66754",
      "rootMessageId" : 64613,
      "parentId" : 16578,
      "externalIdentifiers" : "EXT-10897",
      "createdDate" : "2025-10-18T00:00:00.000+00:00",
      "flagStatus" : "MEDIUM",
      "roleName" : "System Admin",
      "hasCustomElement" : false,
      "hasReaction" : true,
      "hasCustomTag" : true,
      "_links" : {
        "self" : {
          "href" : "http://10.10.2.180:8099/messages/30"
        },
        "message" : {
          "href" : "http://10.10.2.180:8099/messages/30"
        }
      }
    }, {
      "id" : 31,
      "hasCustomTemplate" : false,
      "decoratorLayer" : "INFO",
      "hasUserRecipient" : true,
      "hasChildren" : false,
      "isEdited" : false,
      "updatedDate" : "2025-10-15T00:00:00.000+00:00",
      "content" : "Project alpha milestones have been successfully completed this week.",
      "hasAttachment" : true,
      "isRemoved" : false,
      "messageType" : "DEFAULT",
      "messagePrivacy" : "ROLE",
      "caseId" : "CASE-4164-Q1",
      "userId" : "USR-51966",
      "rootMessageId" : 178803,
      "parentId" : 52383,
      "externalIdentifiers" : "EXT-3559",
      "createdDate" : "2025-10-21T00:00:00.000+00:00",
      "flagStatus" : "LOW",
      "roleName" : "HR Executive",
      "hasCustomElement" : false,
      "hasReaction" : false,
      "hasCustomTag" : false,
      "_links" : {
        "self" : {
          "href" : "http://10.10.2.180:8099/messages/31"
        },
        "message" : {
          "href" : "http://10.10.2.180:8099/messages/31"
        }
      }
    }, {
      "id" : 32,
      "hasCustomTemplate" : false,
      "decoratorLayer" : "INFO",
      "hasUserRecipient" : true,
      "hasChildren" : false,
      "isEdited" : true,
      "updatedDate" : "2025-10-16T00:00:00.000+00:00",
      "content" : "Employee engagement survey closes this Friday — don’t forget to participate.",
      "hasAttachment" : true,
      "isRemoved" : false,
      "messageType" : "DEFAULT",
      "messagePrivacy" : "PUBLIC",
      "caseId" : "CASE-8116-Q3",
      "userId" : "USR-26287",
      "rootMessageId" : 26710,
      "parentId" : 124490,
      "externalIdentifiers" : "EXT-2364",
      "createdDate" : "2025-09-29T00:00:00.000+00:00",
      "flagStatus" : "HIGH",
      "roleName" : "QA Manager",
      "hasCustomElement" : false,
      "hasReaction" : true,
      "hasCustomTag" : true,
      "_links" : {
        "self" : {
          "href" : "http://10.10.2.180:8099/messages/32"
        },
        "message" : {
          "href" : "http://10.10.2.180:8099/messages/32"
        }
      }
    }, {
      "id" : 33,
      "hasCustomTemplate" : true,
      "decoratorLayer" : "INFO",
      "hasUserRecipient" : true,
      "hasChildren" : true,
      "isEdited" : true,
      "updatedDate" : "2025-10-15T00:00:00.000+00:00",
      "content" : "System maintenance will occur tonight between 2:00 AM and 3:00 AM.",
      "hasAttachment" : false,
      "isRemoved" : false,
      "messageType" : "TOODLE_NOFIES",
      "messagePrivacy" : "ONLY_ME",
      "caseId" : "CASE-9422-Q1",
      "userId" : "USR-83808",
      "rootMessageId" : 120644,
      "parentId" : 25009,
      "externalIdentifiers" : "EXT-3804",
      "createdDate" : "2025-10-16T00:00:00.000+00:00",
      "flagStatus" : "MEDIUM",
      "roleName" : "HR Executive",
      "hasCustomElement" : true,
      "hasReaction" : true,
      "hasCustomTag" : true,
      "_links" : {
        "self" : {
          "href" : "http://10.10.2.180:8099/messages/33"
        },
        "message" : {
          "href" : "http://10.10.2.180:8099/messages/33"
        }
      }
    }, {
      "id" : 34,
      "hasCustomTemplate" : false,
      "decoratorLayer" : "INFO",
      "hasUserRecipient" : true,
      "hasChildren" : true,
      "isEdited" : false,
      "updatedDate" : "2025-10-06T00:00:00.000+00:00",
      "content" : "Employee engagement survey closes this Friday — don’t forget to participate.",
      "hasAttachment" : true,
      "isRemoved" : false,
      "messageType" : "SOURCE_CODE",
      "messagePrivacy" : "PUBLIC",
      "caseId" : "CASE-3312-Q1",
      "userId" : "USR-61829",
      "rootMessageId" : 190747,
      "parentId" : 143445,
      "externalIdentifiers" : "EXT-4191",
      "createdDate" : "2025-10-04T00:00:00.000+00:00",
      "flagStatus" : "HIGH",
      "roleName" : "Team Coordinator",
      "hasCustomElement" : true,
      "hasReaction" : false,
      "hasCustomTag" : false,
      "_links" : {
        "self" : {
          "href" : "http://10.10.2.180:8099/messages/34"
        },
        "message" : {
          "href" : "http://10.10.2.180:8099/messages/34"
        }
      }
    }, {
      "id" : 35,
      "hasCustomTemplate" : true,
      "decoratorLayer" : "ERROR",
      "hasUserRecipient" : true,
      "hasChildren" : true,
      "isEdited" : true,
      "updatedDate" : "2025-10-17T00:00:00.000+00:00",
      "content" : "Quarterly performance appraisal results are available on the HR dashboard.",
      "hasAttachment" : true,
      "isRemoved" : false,
      "messageType" : "REPLY_TICKLER",
      "messagePrivacy" : "USER",
      "caseId" : "CASE-9166-Q2",
      "userId" : "USR-11740",
      "rootMessageId" : 193099,
      "parentId" : 11796,
      "externalIdentifiers" : "EXT-3772",
      "createdDate" : "2025-10-05T00:00:00.000+00:00",
      "flagStatus" : "HIGH",
      "roleName" : "Team Coordinator",
      "hasCustomElement" : true,
      "hasReaction" : false,
      "hasCustomTag" : false,
      "_links" : {
        "self" : {
          "href" : "http://10.10.2.180:8099/messages/35"
        },
        "message" : {
          "href" : "http://10.10.2.180:8099/messages/35"
        }
      }
    } ]
  },
  "_links" : {
    "first" : {
      "href" : "http://10.10.2.180:8099/messages?page=0&size=20"
    },
    "self" : {
      "href" : "http://10.10.2.180:8099/messages?page=0&size=20"
    },
    "next" : {
      "href" : "http://10.10.2.180:8099/messages?page=1&size=20"
    },
    "last" : {
      "href" : "http://10.10.2.180:8099/messages?page=1&size=20"
    },
    "profile" : {
      "href" : "http://10.10.2.180:8099/profile/messages"
    }
  },
  "page" : {
    "size" : 20,
    "totalElements" : 40,
    "totalPages" : 2,
    "number" : 0
  }
}
Status Code: 200
  When Fetch All Message Details                     # social_comments.Message.Fetch_All_message_Details()
  Then The Message response should contain "id"      # social_comments.Message.the_message_response_should_contain(java.lang.String)
  And The Message response status code should be 200 # social_comments.Message.the_message_response_status_code_should_be(java.lang.Integer)
]]></system-out>
  </testcase>
  <testcase name="Get Message Details with ID" classname="End-to-end ResourceGraph and ResourceRegistries CRUD flow" time="0.922">
    <system-out><![CDATA[
@Message
Scenario: Get Message Details with ID                 # src/test/resources/features/End_to_End_social_comments_flow.feature:153
Response Body:
{
  "id" : 99,
  "hasCustomTemplate" : false,
  "decoratorLayer" : "INFO",
  "hasUserRecipient" : true,
  "hasChildren" : false,
  "isEdited" : false,
  "updatedDate" : "2025-10-10T00:00:00.000+00:00",
  "content" : "The finance department has updated the reimbursement policy for Q4.",
  "hasAttachment" : false,
  "isRemoved" : true,
  "messageType" : "ACTION_TICKLER",
  "messagePrivacy" : "ROLE",
  "caseId" : "CASE-3897-Q1",
  "userId" : "USR-55391",
  "rootMessageId" : 163553,
  "parentId" : 27882,
  "externalIdentifiers" : "EXT-1396",
  "resourceGraph" : {
    "id" : 168,
    "resourceId" : "Bhanupraksh Nair"
  },
  "createdDate" : "2025-10-20T00:00:00.000+00:00",
  "flagStatus" : "MEDIUM",
  "roleName" : "Team Coordinator",
  "hasCustomElement" : true,
  "hasReaction" : false,
  "hasCustomTag" : true
}
Status Code: 200
  When Fetch Message Details with ID                  # social_comments.Message.Fetch_message_Details_with_ID()
  Then The Message response status code should be 200 # social_comments.Message.the_message_response_status_code_should_be(java.lang.Integer)
]]></system-out>
  </testcase>
  <testcase name="Updating PUT Message" classname="End-to-end ResourceGraph and ResourceRegistries CRUD flow" time="3.733">
    <system-out><![CDATA[
@Message
Scenario: Updating PUT Message                        # src/test/resources/features/End_to_End_social_comments_flow.feature:158
PUT Response Body:
{
  "id" : 99,
  "hasCustomTemplate" : false,
  "decoratorLayer" : "SUCCESS",
  "hasUserRecipient" : false,
  "hasChildren" : false,
  "isEdited" : false,
  "updatedDate" : "2025-10-13T09:21:45.113+00:00",
  "content" : "A reminder: team feedback sessions will begin next Monday.",
  "hasAttachment" : false,
  "isRemoved" : false,
  "messageType" : "SOURCE_CODE",
  "messagePrivacy" : "USER",
  "caseId" : "CASE-8510-Q4",
  "userId" : "USR-58999",
  "rootMessageId" : 162780,
  "parentId" : 168314,
  "externalIdentifiers" : "EXT-8551",
  "resourceGraph" : {
    "id" : 168,
    "resourceId" : "Bhanupraksh Nair"
  },
  "createdDate" : "2025-10-01T00:00:00.000+00:00",
  "flagStatus" : "LOW",
  "roleName" : "Team Coordinator",
  "hasCustomElement" : false,
  "hasReaction" : false,
  "hasCustomTag" : true
}
Status Code: 200
  When Update Message                                 # social_comments.Message.Update_message()
  Then The Message response status code should be 200 # social_comments.Message.the_message_response_status_code_should_be(java.lang.Integer)
  And The Message response should contain "id"        # social_comments.Message.the_message_response_should_contain(java.lang.String)
]]></system-out>
  </testcase>
  <testcase name="Updating Patch Message request" classname="End-to-end ResourceGraph and ResourceRegistries CRUD flow" time="3.751">
    <system-out><![CDATA[
@Message
Scenario: Updating Patch Message request              # src/test/resources/features/End_to_End_social_comments_flow.feature:164
PATCH Request Body:
{
  "createdDate": "2025-10-13",
  "messagePrivacy": "ONLY_ME",
  "messageType": "TOODLE_THEMES",
  "userId": "USR-84310",
  "hasCustomTemplate": true,
  "decoratorLayer": "SUCCESS",
  "hasUserRecipient": true,
  "hasChildren": false,
  "isEdited": false,
  "updatedDate": "2025-10-12",
  "content": "Project alpha milestones have been successfully completed this week.",
  "hasAttachment": false,
  "isRemoved": true,
  "caseId": "CASE-8873-Q4",
  "rootMessageId":18608,
  "parentId": 124918,
  "externalIdentifiers": "EXT-10675",
  "resourceGraph": {
    "id": "168"
  },
  "flagStatus": "HIGH",
  "roleName": "Operations Lead",
  "hasCustomElement": false,
  "hasReaction": false,
  "hasCustomTag": false
}
PATCH Response Body:
{
  "id" : 99,
  "hasCustomTemplate" : true,
  "decoratorLayer" : "SUCCESS",
  "hasUserRecipient" : true,
  "hasChildren" : false,
  "isEdited" : false,
  "updatedDate" : "2025-10-13T09:21:48.628+00:00",
  "content" : "Project alpha milestones have been successfully completed this week.",
  "hasAttachment" : false,
  "isRemoved" : true,
  "messageType" : "TOODLE_THEMES",
  "messagePrivacy" : "ONLY_ME",
  "caseId" : "CASE-8873-Q4",
  "userId" : "USR-84310",
  "rootMessageId" : 18608,
  "parentId" : 124918,
  "externalIdentifiers" : "EXT-10675",
  "resourceGraph" : {
    "id" : 168,
    "resourceId" : "Bhanupraksh Nair"
  },
  "createdDate" : "2025-10-13T00:00:00.000+00:00",
  "flagStatus" : "HIGH",
  "roleName" : "Operations Lead",
  "hasCustomElement" : false,
  "hasReaction" : false,
  "hasCustomTag" : false
}
Status Code: 200
  When Update Patch Message                           # social_comments.Message.Update_Patch_Message()
  Then The Message response status code should be 200 # social_comments.Message.the_message_response_status_code_should_be(java.lang.Integer)
]]></system-out>
  </testcase>
  <testcase name="Fetching all Attchments" classname="End-to-end ResourceGraph and ResourceRegistries CRUD flow" time="0.726">
    <system-out><![CDATA[
@Attachment
Scenario: Fetching all Attchments                       # src/test/resources/features/End_to_End_social_comments_flow.feature:169
Response Body:
{
  "_embedded" : {
    "attachments" : [ {
      "id" : 15,
      "versionId" : 789017,
      "createdDate" : "2025-08-11T05:58:47.178+00:00",
      "isRemoved" : false,
      "documentId" : 8,
      "_links" : {
        "self" : {
          "href" : "http://10.10.2.180:8099/attachments/15"
        },
        "attachment" : {
          "href" : "http://10.10.2.180:8099/attachments/15"
        }
      }
    }, {
      "id" : 16,
      "versionId" : 789017,
      "createdDate" : "2025-08-11T07:08:19.961+00:00",
      "isRemoved" : false,
      "documentId" : 8,
      "_links" : {
        "self" : {
          "href" : "http://10.10.2.180:8099/attachments/16"
        },
        "attachment" : {
          "href" : "http://10.10.2.180:8099/attachments/16"
        }
      }
    }, {
      "id" : 17,
      "versionId" : 789017,
      "createdDate" : "2025-08-11T07:33:05.836+00:00",
      "isRemoved" : false,
      "documentId" : 8,
      "_links" : {
        "self" : {
          "href" : "http://10.10.2.180:8099/attachments/17"
        },
        "attachment" : {
          "href" : "http://10.10.2.180:8099/attachments/17"
        }
      }
    }, {
      "id" : 18,
      "versionId" : 789022,
      "createdDate" : "2025-08-22T00:00:00.000+00:00",
      "isRemoved" : false,
      "documentId" : 5,
      "_links" : {
        "self" : {
          "href" : "http://10.10.2.180:8099/attachments/18"
        },
        "attachment" : {
          "href" : "http://10.10.2.180:8099/attachments/18"
        }
      }
    }, {
      "id" : 19,
      "versionId" : 789023,
      "createdDate" : "2025-08-22T00:00:00.000+00:00",
      "isRemoved" : false,
      "documentId" : 8,
      "_links" : {
        "self" : {
          "href" : "http://10.10.2.180:8099/attachments/19"
        },
        "attachment" : {
          "href" : "http://10.10.2.180:8099/attachments/19"
        }
      }
    }, {
      "id" : 20,
      "versionId" : 789024,
      "createdDate" : "2025-08-22T00:00:00.000+00:00",
      "isRemoved" : false,
      "documentId" : 9,
      "message" : {
        "id" : 28,
        "hasCustomTemplate" : false,
        "decoratorLayer" : "WARNING",
        "hasUserRecipient" : false,
        "hasChildren" : false,
        "isEdited" : false,
        "updatedDate" : "2025-08-22T00:00:00.000+00:00",
        "content" : "Please review the update the task.",
        "hasAttachment" : true,
        "isRemoved" : false,
        "messageType" : "TOODLE_THEMES",
        "messagePrivacy" : "ROLE",
        "caseId" : "479523",
        "userId" : "78252",
        "rootMessageId" : 7496,
        "parentId" : 8002,
        "externalIdentifiers" : "78915",
        "resourceGraph" : {
          "id" : 11,
          "resourceId" : "Chetan Patil"
        },
        "createdDate" : "2025-08-22T00:00:00.000+00:00",
        "flagStatus" : "URGENT",
        "roleName" : "Approver",
        "hasCustomElement" : false,
        "hasReaction" : false,
        "hasCustomTag" : false
      },
      "_links" : {
        "self" : {
          "href" : "http://10.10.2.180:8099/attachments/20"
        },
        "attachment" : {
          "href" : "http://10.10.2.180:8099/attachments/20"
        }
      }
    }, {
      "id" : 21,
      "versionId" : 789023,
      "createdDate" : "2025-08-22T00:00:00.000+00:00",
      "documentId" : 4,
      "_links" : {
        "self" : {
          "href" : "http://10.10.2.180:8099/attachments/21"
        },
        "attachment" : {
          "href" : "http://10.10.2.180:8099/attachments/21"
        }
      }
    }, {
      "id" : 22,
      "versionId" : 705621,
      "createdDate" : "2025-10-08T08:34:32.023+00:00",
      "isRemoved" : false,
      "documentId" : 24,
      "_links" : {
        "self" : {
          "href" : "http://10.10.2.180:8099/attachments/22"
        },
        "attachment" : {
          "href" : "http://10.10.2.180:8099/attachments/22"
        }
      }
    }, {
      "id" : 58,
      "versionId" : 761645,
      "createdDate" : "2025-10-13T08:33:55.999+00:00",
      "isRemoved" : false,
      "documentId" : 16,
      "message" : {
        "id" : 92,
        "hasCustomTemplate" : false,
        "decoratorLayer" : "WARNING",
        "hasUserRecipient" : true,
        "hasChildren" : true,
        "isEdited" : false,
        "updatedDate" : "2025-10-21T00:00:00.000+00:00",
        "content" : "Employee engagement survey closes this Friday — don’t forget to participate.",
        "hasAttachment" : true,
        "isRemoved" : true,
        "messageType" : "TOODLE_THEMES",
        "messagePrivacy" : "USER",
        "caseId" : "CASE-4140-Q2",
        "userId" : "USR-34610",
        "rootMessageId" : 110023,
        "parentId" : 4424,
        "externalIdentifiers" : "EXT-1927",
        "resourceGraph" : {
          "id" : 158,
          "resourceId" : "Kevin Das"
        },
        "createdDate" : "2025-10-13T00:00:00.000+00:00",
        "flagStatus" : "MEDIUM",
        "roleName" : "Team Coordinator",
        "hasCustomElement" : false,
        "hasReaction" : true,
        "hasCustomTag" : true
      },
      "_links" : {
        "self" : {
          "href" : "http://10.10.2.180:8099/attachments/58"
        },
        "attachment" : {
          "href" : "http://10.10.2.180:8099/attachments/58"
        }
      }
    }, {
      "id" : 65,
      "versionId" : 770062,
      "createdDate" : "2025-10-13T09:20:48.815+00:00",
      "isRemoved" : false,
      "documentId" : 76,
      "message" : {
[...]
  And The UserCustomTemplate response status code should be 200 # social_comments.UserCustomTemplate.the_usercustomtemplate_response_status_code_should_be(java.lang.Integer)
]]></system-out>
  </testcase>
  <testcase name="Get UserCustomTemplate details with ID" classname="End-to-end ResourceGraph and ResourceRegistries CRUD flow" time="1.287">
    <system-out><![CDATA[
@UserCustomTemplate
Scenario: Get UserCustomTemplate details with ID                 # src/test/resources/features/End_to_End_social_comments_flow.feature:334
Response Body:
{
  "id" : 8,
  "createdDate" : "2025-10-13T09:21:12.906+00:00",
  "payload" : "Important notice",
  "type" : "PINNED",
  "userId" : "user_1235",
  "customTemplate" : {
    "id" : 15,
    "templateType" : "MACRO",
    "largeValue" : "Project Retrospective",
    "isCurrent" : true,
    "smallValue" : "Form",
    "createdDate" : "2025-10-11T00:00:00.000+00:00",
    "name" : "Rahul",
    "position" : 7,
    "updatedDate" : "2025-10-13T09:22:51.760+00:00",
    "message" : {
      "id" : 99,
      "hasCustomTemplate" : true,
      "decoratorLayer" : "SUCCESS",
      "hasUserRecipient" : true,
      "hasChildren" : false,
      "isEdited" : false,
      "updatedDate" : "2025-10-13T09:21:48.628+00:00",
      "content" : "Project alpha milestones have been successfully completed this week.",
      "hasAttachment" : false,
      "isRemoved" : true,
      "messageType" : "TOODLE_THEMES",
      "messagePrivacy" : "ONLY_ME",
      "caseId" : "CASE-8873-Q4",
      "userId" : "USR-84310",
      "rootMessageId" : 18608,
      "parentId" : 124918,
      "externalIdentifiers" : "EXT-10675",
      "resourceGraph" : {
        "id" : 168,
        "resourceId" : "Bhanupraksh Nair"
      },
      "createdDate" : "2025-10-13T00:00:00.000+00:00",
      "flagStatus" : "HIGH",
      "roleName" : "Operations Lead",
      "hasCustomElement" : false,
      "hasReaction" : false,
      "hasCustomTag" : false
    },
    "mediumValue" : "Analysis of employee feedback regarding workplace culture"
  }
}
Status Code: 200
  When Fetch UserCustomTemplate Details with ID                  # social_comments.UserCustomTemplate.Fetch_usercustomtemplate_Details_with_ID()
  Then The UserCustomTemplate response status code should be 200 # social_comments.UserCustomTemplate.the_usercustomtemplate_response_status_code_should_be(java.lang.Integer)
]]></system-out>
  </testcase>
  <testcase name="Updating Put UserCustomTemplate" classname="End-to-end ResourceGraph and ResourceRegistries CRUD flow" time="4.905">
    <system-out><![CDATA[
@UserCustomTemplate
Scenario: Updating Put UserCustomTemplate                       # src/test/resources/features/End_to_End_social_comments_flow.feature:339
PUT Response Body:
{
  "id" : 8,
  "createdDate" : "2025-10-20T00:00:00.000+00:00",
  "payload" : "Urgent alert",
  "type" : "PINNED",
  "userId" : "user_4293",
  "customTemplate" : {
    "id" : 15,
    "templateType" : "MACRO",
    "largeValue" : "Project Retrospective",
    "isCurrent" : true,
    "smallValue" : "Form",
    "createdDate" : "2025-10-11T00:00:00.000+00:00",
    "name" : "Rahul",
    "position" : 7,
    "updatedDate" : "2025-10-13T09:22:51.760+00:00",
    "message" : {
      "id" : 99,
      "hasCustomTemplate" : true,
      "decoratorLayer" : "SUCCESS",
      "hasUserRecipient" : true,
      "hasChildren" : false,
      "isEdited" : false,
      "updatedDate" : "2025-10-13T09:21:48.628+00:00",
      "content" : "Project alpha milestones have been successfully completed this week.",
      "hasAttachment" : false,
      "isRemoved" : true,
      "messageType" : "TOODLE_THEMES",
      "messagePrivacy" : "ONLY_ME",
      "caseId" : "CASE-8873-Q4",
      "userId" : "USR-84310",
      "rootMessageId" : 18608,
      "parentId" : 124918,
      "externalIdentifiers" : "EXT-10675",
      "resourceGraph" : {
        "id" : 168,
        "resourceId" : "Bhanupraksh Nair"
      },
      "createdDate" : "2025-10-13T00:00:00.000+00:00",
      "flagStatus" : "HIGH",
      "roleName" : "Operations Lead",
      "hasCustomElement" : false,
      "hasReaction" : false,
      "hasCustomTag" : false
    },
    "mediumValue" : "Analysis of employee feedback regarding workplace culture"
  }
}
Status Code: 200
  When Update UserCustomTemplate                                # social_comments.UserCustomTemplate.Update_usercustomtemplate()
  Then The UserCustomTemplate response should contain "id"      # social_comments.UserCustomTemplate.the_usercustomtemplate_response_should_contain(java.lang.String)
  And The UserCustomTemplate response status code should be 200 # social_comments.UserCustomTemplate.the_usercustomtemplate_response_status_code_should_be(java.lang.Integer)
]]></system-out>
  </testcase>
  <testcase name="Updating Patch UserCustomTemplate" classname="End-to-end ResourceGraph and ResourceRegistries CRUD flow" time="4.271">
    <system-out><![CDATA[
@UserCustomTemplate
Scenario: Updating Patch UserCustomTemplate                      # src/test/resources/features/End_to_End_social_comments_flow.feature:345
PATCH Request Body:
{
  "createdDate": "2025-09-29",
  "payload": "Important notice",
  "type": "PINNED",
  "userId": "user_3158",
  "customTemplate": {
    "id": 15
  }
}
PATCH Response Body:
{
  "id" : 8,
  "createdDate" : "2025-09-29T00:00:00.000+00:00",
  "payload" : "Important notice",
  "type" : "PINNED",
  "userId" : "user_3158",
  "customTemplate" : {
    "id" : 15,
    "templateType" : "MACRO",
    "largeValue" : "Project Retrospective",
    "isCurrent" : true,
    "smallValue" : "Form",
    "createdDate" : "2025-10-11T00:00:00.000+00:00",
    "name" : "Rahul",
    "position" : 7,
    "updatedDate" : "2025-10-13T09:22:51.760+00:00",
    "message" : {
      "id" : 99,
      "hasCustomTemplate" : true,
      "decoratorLayer" : "SUCCESS",
      "hasUserRecipient" : true,
      "hasChildren" : false,
      "isEdited" : false,
      "updatedDate" : "2025-10-13T09:21:48.628+00:00",
      "content" : "Project alpha milestones have been successfully completed this week.",
      "hasAttachment" : false,
      "isRemoved" : true,
      "messageType" : "TOODLE_THEMES",
      "messagePrivacy" : "ONLY_ME",
      "caseId" : "CASE-8873-Q4",
      "userId" : "USR-84310",
      "rootMessageId" : 18608,
      "parentId" : 124918,
      "externalIdentifiers" : "EXT-10675",
      "resourceGraph" : {
        "id" : 168,
        "resourceId" : "Bhanupraksh Nair"
      },
      "createdDate" : "2025-10-13T00:00:00.000+00:00",
      "flagStatus" : "HIGH",
      "roleName" : "Operations Lead",
      "hasCustomElement" : false,
      "hasReaction" : false,
      "hasCustomTag" : false
    },
    "mediumValue" : "Analysis of employee feedback regarding workplace culture"
  }
}
Status Code: 200
  When Update Patch UserCustomTemplate                           # social_comments.UserCustomTemplate.Update_Patch_usercustomtemplate()
  Then The UserCustomTemplate response status code should be 200 # social_comments.UserCustomTemplate.the_usercustomtemplate_response_status_code_should_be(java.lang.Integer)
]]></system-out>
  </testcase>
  <testcase name="Deleting UserCustomTemplate" classname="End-to-end ResourceGraph and ResourceRegistries CRUD flow" time="4.173">
    <system-out><![CDATA[
@UserCustomTemplate
Scenario: Deleting UserCustomTemplate                            # src/test/resources/features/End_to_End_social_comments_flow.feature:350
Delete Response Body:

Delete Status Code: 204
  When Delete UserCustomTemplate with ID                         # social_comments.UserCustomTemplate.delete_usercustomtemplate_with_ID()
  Then The UserCustomTemplate response status code should be 204 # social_comments.UserCustomTemplate.the_usercustomtemplate_response_status_code_should_be(java.lang.Integer)
]]></system-out>
  </testcase>
  <testcase name="Deleting CustomTemplate" classname="End-to-end ResourceGraph and ResourceRegistries CRUD flow" time="4.383">
    <system-out><![CDATA[
@CustomTemplate
Scenario: Deleting CustomTemplate                            # src/test/resources/features/End_to_End_social_comments_flow.feature:355
Delete Response Body:

Delete Status Code: 204
  When Delete CustomTemplate with ID                         # social_comments.CustomTemplate.delete_customtemplate_with_ID()
  Then The CustomTemplate response status code should be 204 # social_comments.CustomTemplate.the_customtemplate_response_status_code_should_be(java.lang.Integer)
]]></system-out>
  </testcase>
  <testcase name="Deleting CustomTag" classname="End-to-end ResourceGraph and ResourceRegistries CRUD flow" time="3.938">
    <system-out><![CDATA[
@CustomTag
Scenario: Deleting CustomTag                            # src/test/resources/features/End_to_End_social_comments_flow.feature:360
Delete Response Body:

Delete Status Code: 204
  When Delete CustomTag with ID                         # social_comments.CustomTag.delete_customtag_with_ID()
  Then The CustomTag response status code should be 204 # social_comments.CustomTag.the_customtag_response_status_code_should_be(java.lang.Integer)
]]></system-out>
  </testcase>
  <testcase name="Deleting Attachment" classname="End-to-end ResourceGraph and ResourceRegistries CRUD flow" time="3.838">
    <system-out><![CDATA[
@Attachment
Scenario: Deleting Attachment                            # src/test/resources/features/End_to_End_social_comments_flow.feature:365
Delete Response Body:

Delete Status Code: 204
  When Delete Attachment with ID                         # social_comments.Attachement.delete_Attachment_with_ID()
  Then The Attachment response status code should be 204 # social_comments.Attachement.the_attachment_response_status_code_should_be(java.lang.Integer)
]]></system-out>
  </testcase>
  <testcase name="Deleting CustomElement" classname="End-to-end ResourceGraph and ResourceRegistries CRUD flow" time="3.851">
    <system-out><![CDATA[
@CustomElement
Scenario: Deleting CustomElement                           # src/test/resources/features/End_to_End_social_comments_flow.feature:370
Delete Response Body:

Delete Status Code: 204
  When Delete CustomElement with ID                        # social_comments.CustomElement.delete_CustomElement_with_ID()
  And The CustomElement response status code should be 204 # social_comments.CustomElement.the_customelement_response_status_code_should_be(java.lang.Integer)
]]></system-out>
  </testcase>
  <testcase name="Deleting Reaction" classname="End-to-end ResourceGraph and ResourceRegistries CRUD flow" time="3.319">
    <system-out><![CDATA[
@Reaction
Scenario: Deleting Reaction                            # src/test/resources/features/End_to_End_social_comments_flow.feature:375
Delete Response Body:

Delete Status Code: 204
  When Delete Reaction with ID                         # social_comments.Reaction.delete_reaction_with_ID()
  Then The Reaction response status code should be 204 # social_comments.Reaction.the_reaction_response_status_code_should_be(java.lang.Integer)
]]></system-out>
  </testcase>
  <testcase name="Deleting BaseUserMessage" classname="End-to-end ResourceGraph and ResourceRegistries CRUD flow" time="4.239">
    <system-out><![CDATA[
@BaseUserMessage
Scenario: Deleting BaseUserMessage                            # src/test/resources/features/End_to_End_social_comments_flow.feature:380
Delete Response Body:

Delete Status Code: 204
  When Delete BaseUserMessage with ID                         # social_comments.BaseUserMessage.delete_baseusermessage_with_ID()
  Then The BaseUserMessage response status code should be 204 # social_comments.BaseUserMessage.the_baseusermessage_response_status_code_should_be(java.lang.Integer)
]]></system-out>
  </testcase>
  <testcase name="Deleting Message" classname="End-to-end ResourceGraph and ResourceRegistries CRUD flow" time="4.075">
    <system-out><![CDATA[
@Message
Scenario: Deleting Message                            # src/test/resources/features/End_to_End_social_comments_flow.feature:385
Delete Response Body:

Delete Status Code: 204
  When Delete Message with ID                         # social_comments.Message.delete_Message_with_ID()
  Then The Message response status code should be 204 # social_comments.Message.the_message_response_status_code_should_be(java.lang.Integer)
]]></system-out>
  </testcase>
  <testcase name="Creating a Tenant" classname="End-to-end ResourceGraph and ResourceRegistries CRUD flow" time="3.296">
    <system-out><![CDATA[
@Tenant
Scenario: Creating a Tenant                         # src/test/resources/features/End_to_End_social_comments_flow.feature:390
  Given I have a Tenant                             # social_comments.Tenant.i_have_a_tenant()
{
  "name": "Rahul",
  "createdDate": "2025-10-15"
}
POST Tenant Status: 201
POST Tenant Body: {
  "id" : 11,
  "createdDate" : "2025-10-13T09:23:55.260+00:00",
  "name" : "Rahul"
}
Stored TenantID: 11
  When Create a Tenant                              # social_comments.Tenant.create_a_tenant()
  Then The Tenant response should contain "id"      # social_comments.Tenant.the_userrecipient_response_should_contain(java.lang.String)
  And The Tenant response status code should be 201 # social_comments.Tenant.the_userrecipient_response_status_code_should_be(java.lang.Integer)
]]></system-out>
  </testcase>
  <testcase name="Fetching All Tenant" classname="End-to-end ResourceGraph and ResourceRegistries CRUD flow" time="0.668">
    <system-out><![CDATA[
@Tenant
Scenario: Fetching All Tenant                       # src/test/resources/features/End_to_End_social_comments_flow.feature:397
Response Body:
{
  "_embedded" : {
    "tenants" : [ {
      "id" : 1,
      "createdDate" : "2025-08-04T09:54:39.163+00:00",
      "name" : "DHIN_IND",
      "_links" : {
        "self" : {
          "href" : "http://10.10.2.180:8099/tenants/1"
        },
        "tenant" : {
          "href" : "http://10.10.2.180:8099/tenants/1"
        }
      }
    }, {
      "id" : 2,
      "createdDate" : "2025-08-04T10:16:38.908+00:00",
      "name" : "DHIN",
      "_links" : {
        "self" : {
          "href" : "http://10.10.2.180:8099/tenants/2"
        },
        "tenant" : {
          "href" : "http://10.10.2.180:8099/tenants/2"
        }
      }
    }, {
      "id" : 3,
      "createdDate" : "2025-08-04T10:52:21.173+00:00",
      "name" : "DHIN",
      "_links" : {
        "self" : {
          "href" : "http://10.10.2.180:8099/tenants/3"
        },
        "tenant" : {
          "href" : "http://10.10.2.180:8099/tenants/3"
        }
      }
    }, {
      "id" : 11,
      "createdDate" : "2025-10-13T09:23:55.260+00:00",
      "name" : "Rahul",
      "_links" : {
        "self" : {
          "href" : "http://10.10.2.180:8099/tenants/11"
        },
        "tenant" : {
          "href" : "http://10.10.2.180:8099/tenants/11"
        }
      }
    } ]
  },
  "_links" : {
    "self" : {
      "href" : "http://10.10.2.180:8099/tenants?page=0&size=20"
    },
    "profile" : {
      "href" : "http://10.10.2.180:8099/profile/tenants"
    },
    "search" : {
      "href" : "http://10.10.2.180:8099/tenants/search"
    }
  },
  "page" : {
    "size" : 20,
    "totalElements" : 4,
    "totalPages" : 1,
    "number" : 0
  }
}
Status Code: 200
  When Fetch All Tenant Details                     # social_comments.Tenant.Fetch_All_tenant_Details()
  Then The Tenant response should contain "id"      # social_comments.Tenant.the_userrecipient_response_should_contain(java.lang.String)
  And The Tenant response status code should be 200 # social_comments.Tenant.the_userrecipient_response_status_code_should_be(java.lang.Integer)
]]></system-out>
  </testcase>
  <testcase name="Get Tenant details with ID" classname="End-to-end ResourceGraph and ResourceRegistries CRUD flow" time="0.677">
    <system-out><![CDATA[
@Tenant
Scenario: Get Tenant details with ID                 # src/test/resources/features/End_to_End_social_comments_flow.feature:403
Response Body:
{
  "id" : 11,
  "createdDate" : "2025-10-13T09:23:55.260+00:00",
  "name" : "Rahul"
}
Status Code: 200
  When Fetch Tenant Details with ID                  # social_comments.Tenant.Fetch_tenant_Details_with_ID()
  Then The Tenant response status code should be 200 # social_comments.Tenant.the_userrecipient_response_status_code_should_be(java.lang.Integer)
]]></system-out>
  </testcase>
  <testcase name="Updating Put Tenant" classname="End-to-end ResourceGraph and ResourceRegistries CRUD flow" time="3.428">
    <system-out><![CDATA[
@Tenant
Scenario: Updating Put Tenant                       # src/test/resources/features/End_to_End_social_comments_flow.feature:408
PUT Response Body:
{
  "id" : 11,
  "createdDate" : "2025-10-15T00:00:00.000+00:00",
  "name" : "Thushar"
}
Status Code: 200
  When Update Tenant                                # social_comments.Tenant.Update_tenant()
  Then The Tenant response should contain "id"      # social_comments.Tenant.the_userrecipient_response_should_contain(java.lang.String)
  And The Tenant response status code should be 200 # social_comments.Tenant.the_userrecipient_response_status_code_should_be(java.lang.Integer)
]]></system-out>
  </testcase>
  <testcase name="Updating Patch Tenant" classname="End-to-end ResourceGraph and ResourceRegistries CRUD flow" time="3.404">
    <system-out><![CDATA[
@Tenant
Scenario: Updating Patch Tenant                      # src/test/resources/features/End_to_End_social_comments_flow.feature:414
PATCH Request Body:
{
  "name": "Sneha",
  "createdDate": "2025-10-21"
}
PATCH Response Body:
{
  "id" : 11,
  "createdDate" : "2025-10-21T00:00:00.000+00:00",
  "name" : "Sneha"
}
Status Code: 200
  When Update Patch Tenant                           # social_comments.Tenant.Update_Patch_Tenant()
  Then The Tenant response status code should be 200 # social_comments.Tenant.the_userrecipient_response_status_code_should_be(java.lang.Integer)
]]></system-out>
  </testcase>
  <testcase name="Deleting Tenant" classname="End-to-end ResourceGraph and ResourceRegistries CRUD flow" time="3.33">
    <system-out><![CDATA[
@Tenant
Scenario: Deleting Tenant                            # src/test/resources/features/End_to_End_social_comments_flow.feature:419
Delete Response Body:

Delete Status Code: 204
  When Delete Tenant with ID                         # social_comments.Tenant.delete_tenant_with_ID()
  Then The Tenant response status code should be 204 # social_comments.Tenant.the_userrecipient_response_status_code_should_be(java.lang.Integer)
]]></system-out>
  </testcase>
  <testcase name="Deleting ResourceRegistries Details" classname="End-to-end ResourceGraph and ResourceRegistries CRUD flow" time="3.487">
    <system-out><![CDATA[
@Resource_Registries
Scenario: Deleting ResourceRegistries Details                    # src/test/resources/features/End_to_End_social_comments_flow.feature:425
Delete Response Body:

Delete Status Code: 204
  When Delete ResourceRegistriesID with ID                       # social_comments.ResourceRegistries.delete_ResourceRegistriesID_with_ID()
  Then The ResourceRegistries response status code should be 204 # social_comments.ResourceRegistries.the_resource_registries_response_status_code_should_be(java.lang.Integer)
]]></system-out>
  </testcase>
  <testcase name="Deleting ResourceID Detail" classname="End-to-end ResourceGraph and ResourceRegistries CRUD flow" time="3.455">
    <system-out><![CDATA[
@Resource_Graph
Scenario: Deleting ResourceID Detail                   # src/test/resources/features/End_to_End_social_comments_flow.feature:431
Delete Response Body:

Delete Status Code: 204
  When Delete ResourceID with ID                       # social_comments.ResourceGraph.delete_ResourceID_with_ID()
  Then The Resource response status code should be 204 # social_comments.ResourceGraph.the_resource_response_status_code_should_be(java.lang.Integer)
]]></system-out>
  </testcase>
</testsuite>