<?xml version="1.0" encoding="UTF-8"?>
<testsuite xmlns:xsi="http://www.w3.org/2001/XMLSchema-instance" xsi:noNamespaceSchemaLocation="https://maven.apache.org/surefire/maven-surefire-plugin/xsd/surefire-test-report-3.0.xsd" version="3.0" name="runners.TestRunner" time="92.025" tests="42" errors="0" skipped="0" failures="0">
  <properties>
[...]
</properties>
  <testcase name="Create ResourceGraph" classname="ResourceGraph API Testing" time="6.397">
    <system-out><![CDATA[
@ResourceGraph
Scenario: Create ResourceGraph                         # src/test/resources/features/01_resource_graph.feature:7
Resource JSON:
{
  "resourceId": "Karan Kapoor"
}
  Given I have a ResourceID                            # social_comments.ResourceGraph.i_have_a_resourceid()
Response Body:
{
  "id" : 137,
  "resourceId" : "Karan Kapoor"
}
Status Code: 201
Stored ResourceID: 137
  When Create New ResourceID                           # social_comments.ResourceGraph.Create_new_resourceid()
  Then The Resource response status code should be 201 # social_comments.ResourceGraph.the_resource_response_status_code_should_be(java.lang.Integer)
  And The Resource response should contain "id"        # social_comments.ResourceGraph.the_resource_response_should_contain(java.lang.String)
]]></system-out>
    <system-err><![CDATA[SLF4J(W): No SLF4J providers were found.
SLF4J(W): Defaulting to no-operation (NOP) logger implementation
SLF4J(W): See https://www.slf4j.org/codes.html#noProviders for further details.
]]></system-err>
  </testcase>
  <testcase name="Fetching all Resources" classname="ResourceGraph API Testing" time="0.523">
    <system-out><![CDATA[
@ResourceGraph
Scenario: Fetching all Resources                       # src/test/resources/features/01_resource_graph.feature:15
Response Body:
{
  "_embedded" : {
    "resourceGraphs" : [ {
      "id" : 13,
      "resourceId" : "Aarav Kapoor",
      "_links" : {
        "self" : {
          "href" : "http://10.10.2.180:8099/resourceGraphs/13"
        },
        "resourceGraph" : {
          "href" : "http://10.10.2.180:8099/resourceGraphs/13"
        }
      }
    }, {
      "id" : 11,
      "resourceId" : "Chetan Patil",
      "_links" : {
        "self" : {
          "href" : "http://10.10.2.180:8099/resourceGraphs/11"
        },
        "resourceGraph" : {
          "href" : "http://10.10.2.180:8099/resourceGraphs/11"
        }
      }
    }, {
      "id" : 2,
      "resourceId" : "Ethan Clarke",
      "_links" : {
        "self" : {
          "href" : "http://10.10.2.180:8099/resourceGraphs/2"
        },
        "resourceGraph" : {
          "href" : "http://10.10.2.180:8099/resourceGraphs/2"
        }
      }
    }, {
      "id" : 12,
      "resourceId" : "iron",
      "_links" : {
        "self" : {
          "href" : "http://10.10.2.180:8099/resourceGraphs/12"
        },
        "resourceGraph" : {
          "href" : "http://10.10.2.180:8099/resourceGraphs/12"
        }
      }
    }, {
      "id" : 137,
      "resourceId" : "Karan Kapoor",
      "_links" : {
        "self" : {
          "href" : "http://10.10.2.180:8099/resourceGraphs/137"
        },
        "resourceGraph" : {
          "href" : "http://10.10.2.180:8099/resourceGraphs/137"
        }
      }
    }, {
      "id" : 90,
      "resourceId" : "Karan Thomas",
      "_links" : {
        "self" : {
          "href" : "http://10.10.2.180:8099/resourceGraphs/90"
        },
        "resourceGraph" : {
          "href" : "http://10.10.2.180:8099/resourceGraphs/90"
        }
      }
    }, {
      "id" : 96,
      "resourceId" : "Kevin Nair",
      "_links" : {
        "self" : {
          "href" : "http://10.10.2.180:8099/resourceGraphs/96"
        },
        "resourceGraph" : {
          "href" : "http://10.10.2.180:8099/resourceGraphs/96"
        }
      }
    }, {
      "id" : 119,
      "resourceId" : "Kevin Singh",
      "_links" : {
        "self" : {
          "href" : "http://10.10.2.180:8099/resourceGraphs/119"
        },
        "resourceGraph" : {
          "href" : "http://10.10.2.180:8099/resourceGraphs/119"
        }
      }
    }, {
      "id" : 1,
      "resourceId" : "kiran",
      "_links" : {
        "self" : {
          "href" : "http://10.10.2.180:8099/resourceGraphs/1"
        },
        "resourceGraph" : {
          "href" : "http://10.10.2.180:8099/resourceGraphs/1"
        }
      }
    }, {
      "id" : 4,
      "resourceId" : "kiru",
      "_links" : {
        "self" : {
          "href" : "http://10.10.2.180:8099/resourceGraphs/4"
        },
        "resourceGraph" : {
          "href" : "http://10.10.2.180:8099/resourceGraphs/4"
        }
      }
    }, {
      "id" : 115,
      "resourceId" : "Leena Singh",
      "_links" : {
        "self" : {
          "href" : "http://10.10.2.180:8099/resourceGraphs/115"
        },
        "resourceGraph" : {
          "href" : "http://10.10.2.180:8099/resourceGraphs/115"
        }
      }
    }, {
      "id" : 58,
      "resourceId" : "Leena Thomas",
      "_links" : {
        "self" : {
          "href" : "http://10.10.2.180:8099/resourceGraphs/58"
        },
        "resourceGraph" : {
          "href" : "http://10.10.2.180:8099/resourceGraphs/58"
        }
      }
    }, {
      "id" : 57,
      "resourceId" : "Meera Iyer",
      "_links" : {
        "self" : {
          "href" : "http://10.10.2.180:8099/resourceGraphs/57"
        },
        "resourceGraph" : {
          "href" : "http://10.10.2.180:8099/resourceGraphs/57"
        }
      }
    }, {
      "id" : 23,
      "resourceId" : "Meera Kapoor",
      "_links" : {
        "self" : {
          "href" : "http://10.10.2.180:8099/resourceGraphs/23"
        },
        "resourceGraph" : {
          "href" : "http://10.10.2.180:8099/resourceGraphs/23"
        }
      }
    }, {
      "id" : 97,
      "resourceId" : "Priya Menon",
      "_links" : {
        "self" : {
          "href" : "http://10.10.2.180:8099/resourceGraphs/97"
        },
        "resourceGraph" : {
          "href" : "http://10.10.2.180:8099/resourceGraphs/97"
        }
      }
    }, {
      "id" : 111,
      "resourceId" : "Priya Singh",
      "_links" : {
        "self" : {
          "href" : "http://10.10.2.180:8099/resourceGraphs/111"
        },
        "resourceGraph" : {
          "href" : "http://10.10.2.180:8099/resourceGraphs/111"
        }
      }
    }, {
      "id" : 112,
      "resourceId" : "Rahul Iyer",
      "_links" : {
        "self" : {
          "href" : "http://10.10.2.180:8099/resourceGraphs/112"
        },
        "resourceGraph" : {
          "href" : "http://10.10.2.180:8099/resourceGraphs/112"
        }
      }
    }, {
      "id" : 6,
      "resourceId" : "Ram",
      "_links" : {
        "self" : {
          "href" : "http://10.10.2.180:8099/resourceGraphs/6"
        },
        "resourceGraph" : {
          "href" : "http://10.10.2.180:8099/resourceGraphs/6"
        }
      }
    }, {
      "id" : 10,
      "resourceId" : "resource-tester",
      "_links" : {
        "self" : {
          "href" : "http://10.10.2.180:8099/resourceGraphs/10"
        },
        "resourceGraph" : {
          "href" : "http://10.10.2.180:8099/resourceGraphs/10"
        }
      }
    }, {
      "id" : 8,
      "resourceId" : "Rim",
      "_links" : {
        "self" : {
          "href" : "http://10.10.2.180:8099/resourceGraphs/8"
        },
        "resourceGraph" : {
          "href" : "http://10.10.2.180:8099/resourceGraphs/8"
        }
      }
    } ]
  },
  "_links" : {
    "first" : {
      "href" : "http://10.10.2.180:8099/resourceGraphs?page=0&size=20"
    },
    "self" : {
      "href" : "http://10.10.2.180:8099/resourceGraphs?page=0&size=20"
    },
    "next" : {
      "href" : "http://10.10.2.180:8099/resourceGraphs?page=1&size=20"
    },
    "last" : {
      "href" : "http://10.10.2.180:8099/resourceGraphs?page=1&size=20"
    },
    "profile" : {
      "href" : "http://10.10.2.180:8099/profile/resourceGraphs"
    },
    "search" : {
      "href" : "http://10.10.2.180:8099/resourceGraphs/search"
    }
  },
  "page" : {
    "size" : 20,
    "totalElements" : 28,
    "totalPages" : 2,
    "number" : 0
  }
}
Status Code: 200
  When Fetch All ResourceID Details                    # social_comments.ResourceGraph.Fetch_All_resourceid_Details()
  Then The Resource response status code should be 200 # social_comments.ResourceGraph.the_resource_response_status_code_should_be(java.lang.Integer)
  And The Resource response should contain "id"        # social_comments.ResourceGraph.the_resource_response_should_contain(java.lang.String)
]]></system-out>
  </testcase>
  <testcase name="Get ResourceID Details with ID" classname="ResourceGraph API Testing" time="0.567">
    <system-out><![CDATA[
@ResourceGraph
Scenario: Get ResourceID Details with ID               # src/test/resources/features/01_resource_graph.feature:22
Response Body:
{
  "id" : 137,
  "resourceId" : "Karan Kapoor"
}
Status Code: 200
  When Fetch resourceID Details with ID                # social_comments.ResourceGraph.Fetch_resourceID_Details_with_ID()
  Then The Resource response status code should be 200 # social_comments.ResourceGraph.the_resource_response_status_code_should_be(java.lang.Integer)
]]></system-out>
  </testcase>
  <testcase name="Updating PUT ResourceID Details with ID" classname="ResourceGraph API Testing" time="2.836">
    <system-out><![CDATA[
@ResourceGraph
Scenario: Updating PUT ResourceID Details with ID      # src/test/resources/features/01_resource_graph.feature:28
PUT Response Body:
{
  "id" : 137,
  "resourceId" : "Rohan Nair"
}
Status Code: 200
  When Update ResourceID                               # social_comments.ResourceGraph.Update_ResourceID()
  Then The Resource response status code should be 200 # social_comments.ResourceGraph.the_resource_response_status_code_should_be(java.lang.Integer)
]]></system-out>
  </testcase>
  <testcase name="Updating Patch ResourceID Request" classname="ResourceGraph API Testing" time="2.891">
    <system-out><![CDATA[
@ResourceGraph
Scenario: Updating Patch ResourceID Request            # src/test/resources/features/01_resource_graph.feature:34
PATCH Request Body:
{
  "resourceId": "Karan Kapoor"
}
PATCH Response Body:
{
  "id" : 137,
  "resourceId" : "Karan Kapoor"
}
Status Code: 200
  When Update Patch ResourceID                         # social_comments.ResourceGraph.Update_Patch_ResourceID()
  Then The Resource response status code should be 200 # social_comments.ResourceGraph.the_resource_response_status_code_should_be(java.lang.Integer)
]]></system-out>
  </testcase>
  <testcase name="Deleting ResourceID Details" classname="ResourceGraph API Testing" time="2.84">
    <system-out><![CDATA[
@ResourceGraph
Scenario: Deleting ResourceID Details                  # src/test/resources/features/01_resource_graph.feature:40
Delete Response Body:

Delete Status Code: 204
  When Delete ResourceID with ID                       # social_comments.ResourceGraph.delete_ResourceID_with_ID()
  Then The Resource response status code should be 204 # social_comments.ResourceGraph.the_resource_response_status_code_should_be(java.lang.Integer)
]]></system-out>
  </testcase>
  <testcase name="Creating ResourceRegistries" classname="ResourceRegistries API Testing" time="2.693">
    <system-out><![CDATA[
@ResourceRegistries
Scenario: Creating ResourceRegistries                           # src/test/resources/features/02_resource_registries.feature:7
  Given I have a ResourceRegistries                             # social_comments.ResourceRegistries.i_have_a_resourceregistries()
{
  "resourceGraph": {
    "id": 137
  },
  "createdDate": "2025-10-09",
  "resourceName": "Arjun Kapoor",
  "label": "Arjun Kapoor",
  "resourceValue": "Arjun Kapoor"
}
POST ResourceRegistries Status: 201
POST ResourceRegistries Body: {
  "id" : 103,
  "createdDate" : "2025-10-09T14:39:49.550+00:00",
  "isRemoved" : false,
  "resourceName" : "Arjun Kapoor",
  "label" : "Arjun Kapoor",
  "resourceValue" : "Arjun Kapoor"
}
Stored ResourceID: 103
  When Create a ResourceRegistry using existing ResourceId      # social_comments.ResourceRegistries.createResourceRegistryUsingExistingResourceId()
  Then The ResourceRegistries response should contain "id"      # social_comments.ResourceRegistries.the_resource_registries_response_should_contain(java.lang.String)
  And The ResourceRegistries response status code should be 201 # social_comments.ResourceRegistries.the_resource_registries_response_status_code_should_be(java.lang.Integer)
]]></system-out>
  </testcase>
  <testcase name="Fetching all ResourceRegistries" classname="ResourceRegistries API Testing" time="0.791">
    <system-out><![CDATA[
@ResourceRegistries
Scenario: Fetching all ResourceRegistries                        # src/test/resources/features/02_resource_registries.feature:15
Response Body:
{
  "_embedded" : {
    "resourceRegistries" : [ {
      "id" : 1,
      "resourceGraph" : {
        "id" : 2,
        "resourceId" : "Ethan Clarke"
      },
      "createdDate" : "2025-08-04T06:59:59.610+00:00",
      "isRemoved" : false,
      "resourceName" : "Marcus Nguyen",
      "label" : "Marcus Nguyen",
      "resourceValue" : "Marcus Nguyen",
      "_links" : {
        "self" : {
          "href" : "http://10.10.2.180:8099/resourceRegistries/1"
        },
        "resourceRegistry" : {
          "href" : "http://10.10.2.180:8099/resourceRegistries/1"
        }
      }
    }, {
      "id" : 2,
      "resourceGraph" : {
        "id" : 1,
        "resourceId" : "kiran"
      },
      "createdDate" : "2025-08-06T05:31:28.880+00:00",
      "isRemoved" : true,
      "resourceName" : "raj",
      "label" : "string",
      "resourceValue" : "string",
      "_links" : {
        "self" : {
          "href" : "http://10.10.2.180:8099/resourceRegistries/2"
        },
        "resourceRegistry" : {
          "href" : "http://10.10.2.180:8099/resourceRegistries/2"
        }
      }
    }, {
      "id" : 3,
      "resourceGraph" : {
        "id" : 11,
        "resourceId" : "Chetan Patil"
      },
      "createdDate" : "2025-08-06T06:10:53.432+00:00",
      "isRemoved" : false,
      "resourceName" : "Marcus Nguyen",
      "label" : "Marcus Nguyen",
      "resourceValue" : "Marcus Nguyen",
      "_links" : {
        "self" : {
          "href" : "http://10.10.2.180:8099/resourceRegistries/3"
        },
        "resourceRegistry" : {
          "href" : "http://10.10.2.180:8099/resourceRegistries/3"
        }
      }
    }, {
      "id" : 4,
      "resourceGraph" : {
        "id" : 13,
        "resourceId" : "Aarav Kapoor"
      },
      "createdDate" : "2025-08-06T10:36:07.696+00:00",
      "isRemoved" : false,
      "resourceName" : "Rohan Mehta",
      "label" : "Rohan Mehta",
      "resourceValue" : "Rohan Mehta",
      "_links" : {
        "self" : {
          "href" : "http://10.10.2.180:8099/resourceRegistries/4"
        },
        "resourceRegistry" : {
          "href" : "http://10.10.2.180:8099/resourceRegistries/4"
        }
      }
    }, {
      "id" : 8,
      "createdDate" : "2025-10-06T09:32:05.921+00:00",
      "isRemoved" : false,
      "resourceName" : "Arjun Kapoor",
      "label" : "Leena Iyer",
      "resourceValue" : "Karan Thomas",
      "_links" : {
        "self" : {
          "href" : "http://10.10.2.180:8099/resourceRegistries/8"
        },
        "resourceRegistry" : {
          "href" : "http://10.10.2.180:8099/resourceRegistries/8"
        }
      }
    }, {
      "id" : 9,
      "createdDate" : "2025-10-06T09:37:31.860+00:00",
      "isRemoved" : false,
      "resourceName" : "Rohan Das",
      "label" : "Kevin Sharma",
      "resourceValue" : "Leena Menon",
      "_links" : {
        "self" : {
          "href" : "http://10.10.2.180:8099/resourceRegistries/9"
        },
        "resourceRegistry" : {
          "href" : "http://10.10.2.180:8099/resourceRegistries/9"
        }
      }
    }, {
      "id" : 10,
      "createdDate" : "2025-10-06T12:27:43.769+00:00",
      "isRemoved" : false,
      "resourceName" : "Meera Nair",
      "label" : "Vikram Thomas",
      "resourceValue" : "Vikram Das",
      "_links" : {
        "self" : {
          "href" : "http://10.10.2.180:8099/resourceRegistries/10"
        },
        "resourceRegistry" : {
          "href" : "http://10.10.2.180:8099/resourceRegistries/10"
        }
      }
    }, {
      "id" : 11,
      "createdDate" : "2025-10-06T12:34:57.952+00:00",
      "isRemoved" : false,
      "resourceName" : "Vikram Iyer",
      "label" : "Priya Menon",
      "resourceValue" : "Vikram Menon",
      "_links" : {
        "self" : {
          "href" : "http://10.10.2.180:8099/resourceRegistries/11"
        },
        "resourceRegistry" : {
          "href" : "http://10.10.2.180:8099/resourceRegistries/11"
        }
      }
    }, {
      "id" : 12,
      "createdDate" : "2025-10-06T12:37:22.349+00:00",
      "isRemoved" : false,
      "resourceName" : "Vikram Kapoor",
      "label" : "Vikram Kapoor",
      "resourceValue" : "Vikram Kapoor",
      "_links" : {
        "self" : {
          "href" : "http://10.10.2.180:8099/resourceRegistries/12"
        },
        "resourceRegistry" : {
          "href" : "http://10.10.2.180:8099/resourceRegistries/12"
        }
      }
    }, {
      "id" : 13,
      "createdDate" : "2025-10-06T12:45:26.764+00:00",
      "isRemoved" : false,
      "resourceName" : "Meera Nair",
      "label" : "Meera Nair",
      "resourceValue" : "Meera Nair",
      "_links" : {
        "self" : {
          "href" : "http://10.10.2.180:8099/resourceRegistries/13"
        },
        "resourceRegistry" : {
          "href" : "http://10.10.2.180:8099/resourceRegistries/13"
        }
      }
    }, {
      "id" : 14,
      "createdDate" : "2025-10-06T12:45:30.671+00:00",
      "isRemoved" : false,
      "resourceName" : "Arjun Das",
      "label" : "Arjun Das",
      "resourceValue" : "Arjun Das",
      "_links" : {
        "self" : {
          "href" : "http://10.10.2.180:8099/resourceRegistries/14"
        },
        "resourceRegistry" : {
          "href" : "http://10.10.2.180:8099/resourceRegistries/14"
        }
      }
    }, {
      "id" : 15,
      "createdDate" : "2025-10-06T12:46:29.694+00:00",
      "isRemoved" : false,
      "resourceName" : "Arjun Das",
      "label" : "Arjun Das",
      "resourceValue" : "Arjun Das",
      "_links" : {
        "self" : {
          "href" : "http://10.10.2.180:8099/resourceRegistries/15"
        },
        "resourceRegistry" : {
          "href" : "http://10.10.2.180:8099/resourceRegistries/15"
        }
      }
    }, {
      "id" : 16,
      "createdDate" : "2025-10-06T12:48:23.365+00:00",
      "isRemoved" : false,
      "resourceName" : "Arjun Nair",
      "label" : "Arjun Nair",
      "resourceValue" : "Arjun Nair",
      "_links" : {
        "self" : {
          "href" : "http://10.10.2.180:8099/resourceRegistries/16"
        },
        "resourceRegistry" : {
          "href" : "http://10.10.2.180:8099/resourceRegistries/16"
        }
      }
    }, {
      "id" : 17,
      "createdDate" : "2025-10-06T12:50:37.024+00:00",
      "isRemoved" : false,
      "resourceName" : "Karan Das",
      "label" : "Karan Das",
      "resourceValue" : "Karan Das",
      "_links" : {
        "self" : {
          "href" : "http://10.10.2.180:8099/resourceRegistries/17"
        },
        "resourceRegistry" : {
          "href" : "http://10.10.2.180:8099/resourceRegistries/17"
        }
      }
    }, {
      "id" : 18,
      "createdDate" : "2025-10-06T15:20:15.579+00:00",
      "isRemoved" : false,
      "resourceName" : "Rohan Kapoor",
      "label" : "Rohan Kapoor",
      "resourceValue" : "Rohan Kapoor",
      "_links" : {
        "self" : {
          "href" : "http://10.10.2.180:8099/resourceRegistries/18"
        },
        "resourceRegistry" : {
          "href" : "http://10.10.2.180:8099/resourceRegistries/18"
        }
      }
    }, {
      "id" : 19,
      "createdDate" : "2025-10-06T15:23:09.185+00:00",
      "isRemoved" : false,
      "resourceName" : "Vikram Iyer",
      "label" : "Vikram Iyer",
      "resourceValue" : "Vikram Iyer",
      "_links" : {
        "self" : {
          "href" : "http://10.10.2.180:8099/resourceRegistries/19"
        },
        "resourceRegistry" : {
          "href" : "http://10.10.2.180:8099/resourceRegistries/19"
        }
      }
    }, {
      "id" : 20,
      "createdDate" : "2025-10-06T15:26:20.965+00:00",
      "isRemoved" : false,
      "resourceName" : "Kevin Thomas",
      "label" : "Kevin Thomas",
      "resourceValue" : "Kevin Thomas",
      "_links" : {
        "self" : {
          "href" : "http://10.10.2.180:8099/resourceRegistries/20"
        },
        "resourceRegistry" : {
          "href" : "http://10.10.2.180:8099/resourceRegistries/20"
        }
      }
    }, {
      "id" : 21,
      "createdDate" : "2025-10-06T16:01:35.632+00:00",
      "isRemoved" : false,
      "resourceName" : "Kevin Iyer",
      "label" : "Kevin Iyer",
      "resourceValue" : "Kevin Iyer",
      "_links" : {
        "self" : {
          "href" : "http://10.10.2.180:8099/resourceRegistries/21"
        },
        "resourceRegistry" : {
          "href" : "http://10.10.2.180:8099/resourceRegistries/21"
        }
      }
    }, {
      "id" : 22,
      "createdDate" : "2025-10-07T06:55:57.282+00:00",
      "isRemoved" : false,
      "resourceName" : "Arjun Das",
      "label" : "Arjun Das",
      "resourceValue" : "Arjun Das",
      "_links" : {
        "self" : {
          "href" : "http://10.10.2.180:8099/resourceRegistries/22"
        },
        "resourceRegistry" : {
          "href" : "http://10.10.2.180:8099/resourceRegistries/22"
        }
      }
    }, {
      "id" : 23,
      "createdDate" : "2025-10-07T13:06:08.827+00:00",
      "isRemoved" : false,
      "resourceName" : "Meera Thomas",
      "label" : "Meera Thomas",
      "resourceValue" : "Meera Thomas",
      "_links" : {
        "self" : {
          "href" : "http://10.10.2.180:8099/resourceRegistries/23"
        },
        "resourceRegistry" : {
          "href" : "http://10.10.2.180:8099/resourceRegistries/23"
        }
      }
    } ]
  },
  "_links" : {
    "first" : {
      "href" : "http://10.10.2.180:8099/resourceRegistries?page=0&size=20"
    },
    "self" : {
      "href" : "http://10.10.2.180:8099/resourceRegistries?page=0&size=20"
    },
    "next" : {
      "href" : "http://10.10.2.180:8099/resourceRegistries?page=1&size=20"
    },
    "last" : {
      "href" : "http://10.10.2.180:8099/resourceRegistries?page=1&size=20"
    },
    "profile" : {
      "href" : "http://10.10.2.180:8099/profile/resourceRegistries"
    },
    "search" : {
      "href" : "http://10.10.2.180:8099/resourceRegistries/search"
    }
  },
  "page" : {
    "size" : 20,
    "totalElements" : 38,
    "totalPages" : 2,
    "number" : 0
  }
}
Status Code: 200
  When Fetch All ResourceRegistriesID Details                    # social_comments.ResourceRegistries.Fetch_All_resourceregistriesid_Details()
  Then The ResourceRegistries response status code should be 200 # social_comments.ResourceRegistries.the_resource_registries_response_status_code_should_be(java.lang.Integer)
  And The ResourceRegistries response should contain "id"        # social_comments.ResourceRegistries.the_resource_registries_response_should_contain(java.lang.String)
]]></system-out>
  </testcase>
  <testcase name="Get ResourceRegistriesID Details with ID" classname="ResourceRegistries API Testing" time="0.61">
    <system-out><![CDATA[
@ResourceRegistries
Scenario: Get ResourceRegistriesID Details with ID               # src/test/resources/features/02_resource_registries.feature:22
Response Body:
{
  "id" : 103,
  "createdDate" : "2025-10-09T14:39:49.550+00:00",
  "isRemoved" : false,
  "resourceName" : "Arjun Kapoor",
  "label" : "Arjun Kapoor",
  "resourceValue" : "Arjun Kapoor"
}
Status Code: 200
  When Fetch ResourceRegistriesID Details with ID                # social_comments.ResourceRegistries.Fetch_resourceID_Details_with_ID()
  Then The ResourceRegistries response status code should be 200 # social_comments.ResourceRegistries.the_resource_registries_response_status_code_should_be(java.lang.Integer)
]]></system-out>
  </testcase>
  <testcase name="Updating PUT ResourceRegistriry Details with ID" classname="ResourceRegistries API Testing" time="2.744">
    <system-out><![CDATA[
@ResourceRegistries
Scenario: Updating PUT ResourceRegistriry Details with ID        # src/test/resources/features/02_resource_registries.feature:27
PUT Response Body:
{
  "id" : 103,
  "createdDate" : "2025-10-09T00:00:00.000+00:00",
  "resourceName" : "Rohan Singh",
  "label" : "Rohan Singh",
  "resourceValue" : "Rohan Singh"
}
Status Code: 200
  When Update ResourceRegistryID                                 # social_comments.ResourceRegistries.Update_ResourceRegistryID()
  Then The ResourceRegistries response status code should be 200 # social_comments.ResourceRegistries.the_resource_registries_response_status_code_should_be(java.lang.Integer)
]]></system-out>
  </testcase>
  <testcase name="Updating PAtch ResourceRegistries request" classname="ResourceRegistries API Testing" time="2.906">
    <system-out><![CDATA[
@ResourceRegistries
Scenario: Updating PAtch ResourceRegistries request              # src/test/resources/features/02_resource_registries.feature:32
PATCH Request Body:
{
  "resourceGraph": {
    "id": 137
  },
  "createdDate": "2025-10-09",
  "resourceName": "Priya Menon",
  "label": "Priya Menon",
  "resourceValue": "Priya Menon"
}
PATCH Response Body:
{
  "id" : 103,
  "createdDate" : "2025-10-09T00:00:00.000+00:00",
  "resourceName" : "Priya Menon",
  "label" : "Priya Menon",
  "resourceValue" : "Priya Menon"
}
Status Code: 200
  When Update Patch ResourceRegistriesID                         # social_comments.ResourceRegistries.Update_Patch_ResourceRegistriesID()
  Then The ResourceRegistries response status code should be 200 # social_comments.ResourceRegistries.the_resource_registries_response_status_code_should_be(java.lang.Integer)
]]></system-out>
  </testcase>
  <testcase name="Deleting ResourceRegistries Details" classname="ResourceRegistries API Testing" time="2.744">
    <system-out><![CDATA[
@ResourceRegistries
Scenario: Deleting ResourceRegistries Details                    # src/test/resources/features/02_resource_registries.feature:37
Delete Response Body:

Delete Status Code: 204
  When Delete ResourceRegistriesID with ID                       # social_comments.ResourceRegistries.delete_ResourceRegistriesID_with_ID()
  Then The ResourceRegistries response status code should be 204 # social_comments.ResourceRegistries.the_resource_registries_response_status_code_should_be(java.lang.Integer)
]]></system-out>
  </testcase>
  <testcase name="Creating Message" classname="Message API testing" time="2.768">
    <system-out><![CDATA[
@Message
Scenario: Creating Message                           # src/test/resources/features/03_message.feature:7
  Given I have a Message                             # social_comments.Message.i_have_a_message()
{
  "createdDate": "2025-10-20",
  "messagePrivacy": "USER",
  "messageType": "DOODLE_TICKLER",
  "userId": "USR-36462",
  "hasCustomTemplate": true,
  "decoratorLayer": "SUCCESS",
  "hasUserRecipient": false,
  "hasChildren": false,
  "isEdited": false,
  "updatedDate": "2025-10-19",
  "content": "New security guidelines have been issued — please review them on the company portal.",
  "hasAttachment": true,
  "isRemoved": true,
  "caseId": "CASE-6573-Q4",
  "rootMessageId":118104,
  "parentId": 19800,
  "externalIdentifiers": "EXT-7443",
  "resourceGraph": {
    "id": "137"
  },
  "flagStatus": "MEDIUM",
  "roleName": "Operations Lead",
  "hasCustomElement": true,
  "hasReaction": true,
  "hasCustomTag": true
}
POST Message Status: 201
POST Message Body: {
  "id" : 74,
  "hasCustomTemplate" : true,
  "decoratorLayer" : "SUCCESS",
  "hasUserRecipient" : false,
  "hasChildren" : false,
  "isEdited" : false,
  "updatedDate" : "2025-10-19T00:00:00.000+00:00",
  "content" : "New security guidelines have been issued — please review them on the company portal.",
  "hasAttachment" : true,
  "isRemoved" : true,
  "messageType" : "DOODLE_TICKLER",
  "messagePrivacy" : "USER",
  "caseId" : "CASE-6573-Q4",
  "userId" : "USR-36462",
  "rootMessageId" : 118104,
  "parentId" : 19800,
  "externalIdentifiers" : "EXT-7443",
  "createdDate" : "2025-10-20T00:00:00.000+00:00",
  "flagStatus" : "MEDIUM",
  "roleName" : "Operations Lead",
  "hasCustomElement" : true,
  "hasReaction" : true,
  "hasCustomTag" : true
}
Stored MessageID: 74
  When Create a Message using existing ResourceId    # social_comments.Message.create_a_message_using_existing_ResourceId()
  Then The Message response should contain "id"      # social_comments.Message.the_message_response_should_contain(java.lang.String)
  And The Message response status code should be 201 # social_comments.Message.the_message_response_status_code_should_be(java.lang.Integer)
]]></system-out>
  </testcase>
  <testcase name="Fetching all Message" classname="Message API testing" time="0.821">
    <system-out><![CDATA[
@Message
Scenario: Fetching all Message                       # src/test/resources/features/03_message.feature:15
Response Body:
{
  "_embedded" : {
    "messages" : [ {
      "id" : 3,
      "hasCustomTemplate" : true,
      "decoratorLayer" : "ester",
      "hasUserRecipient" : true,
      "hasChildren" : true,
      "isEdited" : true,
      "updatedDate" : "2025-08-07T00:00:00.000+00:00",
      "content" : "dcontentddd",
      "hasAttachment" : true,
      "isRemoved" : true,
      "messageType" : "REPLY_TICKLER",
      "messagePrivacy" : "ROLE",
      "caseId" : "2508askd",
      "userId" : "ravi-tester",
      "rootMessageId" : 325,
      "parentId" : 875,
      "externalIdentifiers" : "dddd",
      "resourceGraph" : {
        "id" : 10,
        "resourceId" : "resource-tester"
      },
      "createdDate" : "2025-07-24T00:00:00.000+00:00",
      "flagStatus" : "flaggg",
      "roleName" : "src",
      "hasCustomElement" : true,
      "hasReaction" : true,
      "hasCustomTag" : true,
      "_links" : {
        "self" : {
          "href" : "http://10.10.2.180:8099/messages/3"
        },
        "message" : {
          "href" : "http://10.10.2.180:8099/messages/3"
        }
      }
    }, {
      "id" : 4,
      "hasCustomTemplate" : true,
      "decoratorLayer" : "aaaa",
      "hasUserRecipient" : true,
      "hasChildren" : true,
      "isEdited" : true,
      "updatedDate" : "2025-07-11T00:00:00.000+00:00",
      "content" : "dddd",
      "hasAttachment" : false,
      "isRemoved" : true,
      "messageType" : "REPLY_TICKLER",
      "messagePrivacy" : "ROLE",
      "caseId" : "dddd",
      "userId" : "ravi",
      "rootMessageId" : 325,
      "parentId" : 875,
      "externalIdentifiers" : "dddd",
      "resourceGraph" : {
        "id" : 1,
        "resourceId" : "kiran"
      },
      "createdDate" : "2025-07-10T00:00:00.000+00:00",
      "flagStatus" : "dddd",
      "roleName" : "dddd",
      "hasCustomElement" : true,
      "hasReaction" : true,
      "hasCustomTag" : true,
      "_links" : {
        "self" : {
          "href" : "http://10.10.2.180:8099/messages/4"
        },
        "message" : {
          "href" : "http://10.10.2.180:8099/messages/4"
        }
      }
    }, {
      "id" : 5,
      "hasCustomTemplate" : false,
      "decoratorLayer" : "aaaa",
      "hasUserRecipient" : false,
      "hasChildren" : true,
      "isEdited" : true,
      "updatedDate" : "2025-07-11T00:00:00.000+00:00",
      "content" : "dddd",
      "hasAttachment" : false,
      "isRemoved" : true,
      "messageType" : "REPLY_TICKLER",
      "messagePrivacy" : "ROLE",
      "caseId" : "dddd",
      "userId" : "ravi",
      "rootMessageId" : 325,
      "parentId" : 875,
      "externalIdentifiers" : "dddd",
      "resourceGraph" : {
        "id" : 1,
        "resourceId" : "kiran"
      },
      "createdDate" : "2025-07-10T00:00:00.000+00:00",
      "flagStatus" : "dddd",
      "roleName" : "dddd",
      "hasCustomElement" : false,
      "hasReaction" : false,
      "hasCustomTag" : false,
      "_links" : {
        "self" : {
          "href" : "http://10.10.2.180:8099/messages/5"
        },
        "message" : {
          "href" : "http://10.10.2.180:8099/messages/5"
        }
      }
    }, {
      "id" : 6,
      "hasCustomTemplate" : false,
      "decoratorLayer" : "aaaa",
      "hasUserRecipient" : false,
      "hasChildren" : false,
      "isEdited" : true,
      "updatedDate" : "2025-07-11T00:00:00.000+00:00",
      "content" : "dddd",
      "hasAttachment" : false,
      "isRemoved" : true,
      "messageType" : "REPLY_TICKLER",
      "messagePrivacy" : "ROLE",
      "caseId" : "dddd",
      "userId" : "ravi",
      "rootMessageId" : 325,
      "parentId" : 875,
      "externalIdentifiers" : "dddd",
      "resourceGraph" : {
        "id" : 1,
        "resourceId" : "kiran"
      },
      "createdDate" : "2025-07-10T00:00:00.000+00:00",
      "flagStatus" : "dddd",
      "roleName" : "dddd",
      "hasCustomElement" : false,
      "hasReaction" : false,
      "hasCustomTag" : false,
      "_links" : {
        "self" : {
          "href" : "http://10.10.2.180:8099/messages/6"
        },
        "message" : {
          "href" : "http://10.10.2.180:8099/messages/6"
        }
      }
    }, {
      "id" : 7,
      "hasCustomTemplate" : true,
      "decoratorLayer" : "WARNING",
      "hasUserRecipient" : true,
      "hasChildren" : true,
      "isEdited" : true,
      "updatedDate" : "2025-10-08T07:29:18.493+00:00",
      "content" : "Please review the updated task and provide",
      "hasAttachment" : true,
      "isRemoved" : false,
      "messageType" : "DOODLE_TICKLER",
      "messagePrivacy" : "USER",
      "caseId" : "CASE5678",
      "userId" : "78234",
      "rootMessageId" : 88888,
      "parentId" : 77777,
      "externalIdentifiers" : "EXT-789012",
      "createdDate" : "2025-08-06T08:15:00.000+00:00",
      "flagStatus" : "URGENT",
      "roleName" : "Approver",
      "hasCustomElement" : true,
      "hasReaction" : true,
      "hasCustomTag" : true,
      "_links" : {
        "self" : {
          "href" : "http://10.10.2.180:8099/messages/7"
        },
        "message" : {
          "href" : "http://10.10.2.180:8099/messages/7"
        }
      }
    }, {
      "id" : 8,
      "hasCustomTemplate" : false,
      "decoratorLayer" : "aaaa",
      "hasUserRecipient" : false,
      "hasChildren" : false,
      "isEdited" : true,
      "updatedDate" : "2025-07-11T00:00:00.000+00:00",
      "content" : "dddd",
      "hasAttachment" : false,
      "isRemoved" : false,
      "messageType" : "REPLY_TICKLER",
      "messagePrivacy" : "ROLE",
      "caseId" : "dddd",
      "userId" : "ravi",
      "rootMessageId" : 325,
      "parentId" : 875,
      "externalIdentifiers" : "dddd",
      "resourceGraph" : {
        "id" : 11,
        "resourceId" : "Chetan Patil"
      },
      "createdDate" : "2025-07-10T00:00:00.000+00:00",
      "flagStatus" : "dddd",
      "roleName" : "dddd",
      "hasCustomElement" : false,
      "hasReaction" : false,
      "hasCustomTag" : false,
      "_links" : {
        "self" : {
          "href" : "http://10.10.2.180:8099/messages/8"
        },
        "message" : {
          "href" : "http://10.10.2.180:8099/messages/8"
        }
      }
    }, {
      "id" : 14,
      "hasCustomTemplate" : true,
      "decoratorLayer" : "WARNING",
      "hasUserRecipient" : true,
      "hasChildren" : true,
      "isEdited" : true,
      "updatedDate" : "2025-08-06T09:30:00.000+00:00",
      "content" : "Please review the updated task and provide feedback.",
      "hasAttachment" : true,
      "isRemoved" : false,
      "messageType" : "DOODLE_TICKLER",
      "messagePrivacy" : "USER",
      "caseId" : "CASE5678",
      "userId" : "78235",
      "rootMessageId" : 88889,
      "parentId" : 77779,
      "externalIdentifiers" : "EXT-789012",
      "resourceGraph" : {
        "id" : 11,
        "resourceId" : "Chetan Patil"
      },
      "createdDate" : "2025-08-06T08:15:00.000+00:00",
      "flagStatus" : "URGENT",
      "roleName" : "Approver",
      "hasCustomElement" : true,
      "hasReaction" : true,
      "hasCustomTag" : true,
      "_links" : {
        "self" : {
          "href" : "http://10.10.2.180:8099/messages/14"
        },
        "message" : {
          "href" : "http://10.10.2.180:8099/messages/14"
        }
      }
    }, {
      "id" : 15,
      "hasCustomTemplate" : true,
      "decoratorLayer" : "WARNING",
      "hasUserRecipient" : true,
      "hasChildren" : true,
      "isEdited" : true,
      "updatedDate" : "2025-08-06T09:30:00.000+00:00",
      "content" : "Please review the updated task.",
      "hasAttachment" : true,
      "isRemoved" : false,
      "messageType" : "SOURCE_CODE",
      "messagePrivacy" : "ONLY_ME",
      "caseId" : "479515",
      "userId" : "78235",
      "rootMessageId" : 74896,
      "parentId" : 79697,
      "externalIdentifiers" : "789012",
      "resourceGraph" : {
        "id" : 13,
        "resourceId" : "Aarav Kapoor"
      },
      "createdDate" : "2025-08-06T08:15:00.000+00:00",
      "flagStatus" : "URGENT",
      "roleName" : "Approver",
      "hasCustomElement" : true,
      "hasReaction" : true,
      "hasCustomTag" : true,
      "_links" : {
        "self" : {
          "href" : "http://10.10.2.180:8099/messages/15"
        },
        "message" : {
          "href" : "http://10.10.2.180:8099/messages/15"
        }
      }
    }, {
      "id" : 23,
      "hasCustomTemplate" : false,
      "decoratorLayer" : "WARNING",
      "hasUserRecipient" : false,
      "hasChildren" : false,
      "isEdited" : false,
      "updatedDate" : "2025-08-07T00:00:00.000+00:00",
      "content" : "Please review the update the task.",
      "hasAttachment" : false,
      "isRemoved" : false,
      "messageType" : "DEFAULT",
      "messagePrivacy" : "PUBLIC",
      "caseId" : "479516",
      "userId" : "78243",
      "rootMessageId" : 7489,
      "parentId" : 7967,
      "externalIdentifiers" : "78907",
      "resourceGraph" : {
        "id" : 11,
        "resourceId" : "Chetan Patil"
      },
      "createdDate" : "2025-08-07T00:00:00.000+00:00",
      "flagStatus" : "URGENT",
      "roleName" : "Approver",
      "hasCustomElement" : false,
      "hasReaction" : false,
      "hasCustomTag" : false,
      "_links" : {
        "self" : {
          "href" : "http://10.10.2.180:8099/messages/23"
        },
        "message" : {
          "href" : "http://10.10.2.180:8099/messages/23"
        }
      }
    }, {
      "id" : 24,
      "hasCustomTemplate" : false,
      "decoratorLayer" : "WARNING",
      "hasUserRecipient" : false,
      "hasChildren" : false,
      "isEdited" : false,
      "updatedDate" : "2025-08-07T00:00:00.000+00:00",
      "content" : "Please review the update the task.",
      "hasAttachment" : false,
      "isRemoved" : false,
      "messageType" : "DEFAULT",
      "messagePrivacy" : "PUBLIC",
      "caseId" : "479517",
      "userId" : "78244",
      "rootMessageId" : 7490,
      "parentId" : 7996,
      "externalIdentifiers" : "78909",
      "resourceGraph" : {
        "id" : 11,
        "resourceId" : "Chetan Patil"
      },
      "createdDate" : "2025-08-07T00:00:00.000+00:00",
      "flagStatus" : "URGENT",
      "roleName" : "Approver",
      "hasCustomElement" : false,
      "hasReaction" : false,
      "hasCustomTag" : false,
      "_links" : {
        "self" : {
          "href" : "http://10.10.2.180:8099/messages/24"
        },
        "message" : {
          "href" : "http://10.10.2.180:8099/messages/24"
        }
      }
    }, {
      "id" : 25,
      "hasCustomTemplate" : false,
      "hasUserRecipient" : false,
      "hasChildren" : false,
      "isEdited" : false,
      "hasAttachment" : false,
      "isRemoved" : false,
      "messageType" : "DEFAULT",
      "messagePrivacy" : "PUBLIC",
      "userId" : "78244",
      "rootMessageId" : 0,
      "parentId" : 0,
      "createdDate" : "2025-08-07T00:00:00.000+00:00",
      "hasCustomElement" : false,
      "hasReaction" : false,
      "hasCustomTag" : false,
      "_links" : {
        "self" : {
          "href" : "http://10.10.2.180:8099/messages/25"
        },
        "message" : {
          "href" : "http://10.10.2.180:8099/messages/25"
        }
      }
    }, {
      "id" : 26,
      "hasCustomTemplate" : false,
      "decoratorLayer" : "WARNING",
      "hasUserRecipient" : false,
      "hasChildren" : false,
      "isEdited" : false,
      "updatedDate" : "2025-08-07T00:00:00.000+00:00",
      "content" : "Please review the update the task.",
      "hasAttachment" : true,
      "isRemoved" : false,
      "messageType" : "DEFAULT",
      "messagePrivacy" : "PUBLIC",
      "caseId" : "479518",
      "userId" : "78245",
      "rootMessageId" : 7491,
      "parentId" : 7997,
      "externalIdentifiers" : "78910",
      "resourceGraph" : {
        "id" : 11,
        "resourceId" : "Chetan Patil"
      },
      "createdDate" : "2025-08-07T00:00:00.000+00:00",
      "flagStatus" : "URGENT",
      "roleName" : "Approver",
      "hasCustomElement" : false,
      "hasReaction" : false,
      "hasCustomTag" : false,
      "_links" : {
        "self" : {
          "href" : "http://10.10.2.180:8099/messages/26"
        },
        "message" : {
          "href" : "http://10.10.2.180:8099/messages/26"
        }
      }
    }, {
      "id" : 28,
      "hasCustomTemplate" : false,
      "decoratorLayer" : "WARNING",
      "hasUserRecipient" : false,
      "hasChildren" : false,
      "isEdited" : false,
      "updatedDate" : "2025-08-22T00:00:00.000+00:00",
      "content" : "Please review the update the task.",
      "hasAttachment" : true,
      "isRemoved" : false,
      "messageType" : "TOODLE_THEMES",
      "messagePrivacy" : "ROLE",
      "caseId" : "479523",
      "userId" : "78252",
      "rootMessageId" : 7496,
      "parentId" : 8002,
      "externalIdentifiers" : "78915",
      "resourceGraph" : {
        "id" : 11,
        "resourceId" : "Chetan Patil"
      },
      "createdDate" : "2025-08-22T00:00:00.000+00:00",
      "flagStatus" : "URGENT",
      "roleName" : "Approver",
      "hasCustomElement" : false,
      "hasReaction" : false,
      "hasCustomTag" : false,
      "_links" : {
        "self" : {
          "href" : "http://10.10.2.180:8099/messages/28"
        },
        "message" : {
          "href" : "http://10.10.2.180:8099/messages/28"
        }
      }
    }, {
      "id" : 29,
      "hasCustomTemplate" : false,
      "decoratorLayer" : "ERROR",
      "hasUserRecipient" : false,
      "hasChildren" : false,
      "isEdited" : true,
      "updatedDate" : "2025-10-03T00:00:00.000+00:00",
      "content" : "System maintenance will occur tonight between 2:00 AM and 3:00 AM.",
      "hasAttachment" : true,
      "isRemoved" : true,
      "messageType" : "SOURCE_CODE",
      "messagePrivacy" : "PUBLIC",
      "caseId" : "CASE-9119-Q1",
      "userId" : "USR-93368",
      "rootMessageId" : 118334,
      "parentId" : 106218,
      "externalIdentifiers" : "EXT-3096",
      "createdDate" : "2025-10-19T00:00:00.000+00:00",
      "flagStatus" : "MEDIUM",
      "roleName" : "System Admin",
      "hasCustomElement" : false,
      "hasReaction" : true,
      "hasCustomTag" : false,
      "_links" : {
        "self" : {
          "href" : "http://10.10.2.180:8099/messages/29"
        },
        "message" : {
          "href" : "http://10.10.2.180:8099/messages/29"
        }
      }
    }, {
      "id" : 30,
      "hasCustomTemplate" : false,
      "decoratorLayer" : "SUCCESS",
      "hasUserRecipient" : true,
      "hasChildren" : true,
      "isEdited" : false,
      "updatedDate" : "2025-10-19T00:00:00.000+00:00",
      "content" : "Quarterly performance appraisal results are available on the HR dashboard.",
      "hasAttachment" : false,
      "isRemoved" : true,
      "messageType" : "TOODLE_LABELS",
      "messagePrivacy" : "ONLY_ME",
      "caseId" : "CASE-5123-Q4",
      "userId" : "USR-66754",
      "rootMessageId" : 64613,
      "parentId" : 16578,
      "externalIdentifiers" : "EXT-10897",
      "createdDate" : "2025-10-18T00:00:00.000+00:00",
      "flagStatus" : "MEDIUM",
      "roleName" : "System Admin",
      "hasCustomElement" : false,
      "hasReaction" : true,
      "hasCustomTag" : true,
      "_links" : {
        "self" : {
          "href" : "http://10.10.2.180:8099/messages/30"
        },
        "message" : {
          "href" : "http://10.10.2.180:8099/messages/30"
        }
      }
    }, {
      "id" : 31,
      "hasCustomTemplate" : false,
      "decoratorLayer" : "INFO",
      "hasUserRecipient" : true,
      "hasChildren" : false,
      "isEdited" : false,
      "updatedDate" : "2025-10-15T00:00:00.000+00:00",
      "content" : "Project alpha milestones have been successfully completed this week.",
      "hasAttachment" : true,
      "isRemoved" : false,
      "messageType" : "DEFAULT",
      "messagePrivacy" : "ROLE",
      "caseId" : "CASE-4164-Q1",
      "userId" : "USR-51966",
      "rootMessageId" : 178803,
      "parentId" : 52383,
      "externalIdentifiers" : "EXT-3559",
      "createdDate" : "2025-10-21T00:00:00.000+00:00",
      "flagStatus" : "LOW",
      "roleName" : "HR Executive",
      "hasCustomElement" : false,
      "hasReaction" : false,
      "hasCustomTag" : false,
      "_links" : {
        "self" : {
          "href" : "http://10.10.2.180:8099/messages/31"
        },
        "message" : {
          "href" : "http://10.10.2.180:8099/messages/31"
        }
      }
    }, {
      "id" : 32,
      "hasCustomTemplate" : false,
      "decoratorLayer" : "INFO",
      "hasUserRecipient" : true,
      "hasChildren" : false,
      "isEdited" : true,
      "updatedDate" : "2025-10-16T00:00:00.000+00:00",
      "content" : "Employee engagement survey closes this Friday — don’t forget to participate.",
      "hasAttachment" : true,
      "isRemoved" : false,
      "messageType" : "DEFAULT",
      "messagePrivacy" : "PUBLIC",
      "caseId" : "CASE-8116-Q3",
      "userId" : "USR-26287",
      "rootMessageId" : 26710,
      "parentId" : 124490,
      "externalIdentifiers" : "EXT-2364",
      "createdDate" : "2025-09-29T00:00:00.000+00:00",
      "flagStatus" : "HIGH",
      "roleName" : "QA Manager",
      "hasCustomElement" : false,
      "hasReaction" : true,
      "hasCustomTag" : true,
      "_links" : {
        "self" : {
          "href" : "http://10.10.2.180:8099/messages/32"
        },
        "message" : {
          "href" : "http://10.10.2.180:8099/messages/32"
        }
      }
    }, {
      "id" : 33,
      "hasCustomTemplate" : true,
      "decoratorLayer" : "INFO",
      "hasUserRecipient" : true,
      "hasChildren" : true,
      "isEdited" : true,
      "updatedDate" : "2025-10-15T00:00:00.000+00:00",
      "content" : "System maintenance will occur tonight between 2:00 AM and 3:00 AM.",
      "hasAttachment" : false,
      "isRemoved" : false,
      "messageType" : "TOODLE_NOFIES",
      "messagePrivacy" : "ONLY_ME",
      "caseId" : "CASE-9422-Q1",
      "userId" : "USR-83808",
      "rootMessageId" : 120644,
      "parentId" : 25009,
      "externalIdentifiers" : "EXT-3804",
      "createdDate" : "2025-10-16T00:00:00.000+00:00",
      "flagStatus" : "MEDIUM",
      "roleName" : "HR Executive",
      "hasCustomElement" : true,
      "hasReaction" : true,
      "hasCustomTag" : true,
      "_links" : {
        "self" : {
          "href" : "http://10.10.2.180:8099/messages/33"
        },
        "message" : {
          "href" : "http://10.10.2.180:8099/messages/33"
        }
      }
    }, {
      "id" : 34,
      "hasCustomTemplate" : false,
      "decoratorLayer" : "INFO",
      "hasUserRecipient" : true,
      "hasChildren" : true,
      "isEdited" : false,
      "updatedDate" : "2025-10-06T00:00:00.000+00:00",
      "content" : "Employee engagement survey closes this Friday — don’t forget to participate.",
      "hasAttachment" : true,
      "isRemoved" : false,
      "messageType" : "SOURCE_CODE",
      "messagePrivacy" : "PUBLIC",
      "caseId" : "CASE-3312-Q1",
      "userId" : "USR-61829",
      "rootMessageId" : 190747,
      "parentId" : 143445,
      "externalIdentifiers" : "EXT-4191",
      "createdDate" : "2025-10-04T00:00:00.000+00:00",
      "flagStatus" : "HIGH",
      "roleName" : "Team Coordinator",
      "hasCustomElement" : true,
      "hasReaction" : false,
      "hasCustomTag" : false,
      "_links" : {
        "self" : {
          "href" : "http://10.10.2.180:8099/messages/34"
        },
        "message" : {
          "href" : "http://10.10.2.180:8099/messages/34"
        }
      }
    }, {
      "id" : 35,
      "hasCustomTemplate" : true,
      "decoratorLayer" : "ERROR",
      "hasUserRecipient" : true,
      "hasChildren" : true,
      "isEdited" : true,
      "updatedDate" : "2025-10-17T00:00:00.000+00:00",
      "content" : "Quarterly performance appraisal results are available on the HR dashboard.",
      "hasAttachment" : true,
      "isRemoved" : false,
      "messageType" : "REPLY_TICKLER",
      "messagePrivacy" : "USER",
      "caseId" : "CASE-9166-Q2",
      "userId" : "USR-11740",
      "rootMessageId" : 193099,
      "parentId" : 11796,
      "externalIdentifiers" : "EXT-3772",
      "createdDate" : "2025-10-05T00:00:00.000+00:00",
      "flagStatus" : "HIGH",
      "roleName" : "Team Coordinator",
      "hasCustomElement" : true,
      "hasReaction" : false,
      "hasCustomTag" : false,
      "_links" : {
        "self" : {
          "href" : "http://10.10.2.180:8099/messages/35"
        },
        "message" : {
          "href" : "http://10.10.2.180:8099/messages/35"
        }
      }
    } ]
  },
  "_links" : {
    "first" : {
      "href" : "http://10.10.2.180:8099/messages?page=0&size=20"
    },
    "self" : {
      "href" : "http://10.10.2.180:8099/messages?page=0&size=20"
    },
    "next" : {
      "href" : "http://10.10.2.180:8099/messages?page=1&size=20"
    },
    "last" : {
      "href" : "http://10.10.2.180:8099/messages?page=1&size=20"
    },
    "profile" : {
      "href" : "http://10.10.2.180:8099/profile/messages"
    }
  },
  "page" : {
    "size" : 20,
    "totalElements" : 39,
    "totalPages" : 2,
    "number" : 0
  }
}
Status Code: 200
  When Fetch All Message Details                     # social_comments.Message.Fetch_All_message_Details()
  Then The Message response should contain "id"      # social_comments.Message.the_message_response_should_contain(java.lang.String)
  And The Message response status code should be 200 # social_comments.Message.the_message_response_status_code_should_be(java.lang.Integer)
]]></system-out>
  </testcase>
  <testcase name="Get Message Details with ID" classname="Message API testing" time="0.529">
    <system-out><![CDATA[
@Message
Scenario: Get Message Details with ID                 # src/test/resources/features/03_message.feature:22
Response Body:
{
  "id" : 74,
  "hasCustomTemplate" : true,
  "decoratorLayer" : "SUCCESS",
  "hasUserRecipient" : false,
  "hasChildren" : false,
  "isEdited" : false,
  "updatedDate" : "2025-10-19T00:00:00.000+00:00",
  "content" : "New security guidelines have been issued — please review them on the company portal.",
  "hasAttachment" : true,
  "isRemoved" : true,
  "messageType" : "DOODLE_TICKLER",
  "messagePrivacy" : "USER",
  "caseId" : "CASE-6573-Q4",
  "userId" : "USR-36462",
  "rootMessageId" : 118104,
  "parentId" : 19800,
  "externalIdentifiers" : "EXT-7443",
  "createdDate" : "2025-10-20T00:00:00.000+00:00",
  "flagStatus" : "MEDIUM",
  "roleName" : "Operations Lead",
  "hasCustomElement" : true,
  "hasReaction" : true,
  "hasCustomTag" : true
}
Status Code: 200
  When Fetch Message Details with ID                  # social_comments.Message.Fetch_message_Details_with_ID()
  Then The Message response status code should be 200 # social_comments.Message.the_message_response_status_code_should_be(java.lang.Integer)
]]></system-out>
  </testcase>
  <testcase name="Updating PUT Message" classname="Message API testing" time="2.402">
    <system-out><![CDATA[
@Message
Scenario: Updating PUT Message                        # src/test/resources/features/03_message.feature:28
PUT Response Body:
{
  "id" : 74,
  "hasCustomTemplate" : false,
  "decoratorLayer" : "ERROR",
  "hasUserRecipient" : false,
  "hasChildren" : false,
  "isEdited" : false,
  "updatedDate" : "2025-10-09T14:40:06.154+00:00",
  "content" : "Employee engagement survey closes this Friday — don’t forget to participate.",
  "hasAttachment" : false,
  "isRemoved" : false,
  "messageType" : "TOODLE_LABELS",
  "messagePrivacy" : "PUBLIC",
  "caseId" : "CASE-5211-Q3",
  "userId" : "USR-46929",
  "rootMessageId" : 138355,
  "parentId" : 99822,
  "externalIdentifiers" : "EXT-2007",
  "createdDate" : "2025-10-01T00:00:00.000+00:00",
  "flagStatus" : "LOW",
  "roleName" : "Finance Manager",
  "hasCustomElement" : false,
  "hasReaction" : true,
  "hasCustomTag" : true
}
Status Code: 200
  When Update Message                                 # social_comments.Message.Update_message()
  Then The Message response status code should be 200 # social_comments.Message.the_message_response_status_code_should_be(java.lang.Integer)
  And The Message response should contain "id"        # social_comments.Message.the_message_response_should_contain(java.lang.String)
]]></system-out>
  </testcase>
  <testcase name="Updating Patch Message request" classname="Message API testing" time="2.814">
    <system-out><![CDATA[
@Message
Scenario: Updating Patch Message request              # src/test/resources/features/03_message.feature:35
PATCH Request Body:
{
  "createdDate": "2025-10-16",
  "messagePrivacy": "ROLE",
  "messageType": "TOODLE_NOFIES",
  "userId": "USR-36832",
  "hasCustomTemplate": true,
  "decoratorLayer": "WARNING",
  "hasUserRecipient": true,
  "hasChildren": false,
  "isEdited": false,
  "updatedDate": "2025-10-11",
  "content": "New security guidelines have been issued — please review them on the company portal.",
  "hasAttachment": true,
  "isRemoved": false,
  "caseId": "CASE-3835-Q1",
  "rootMessageId":65060,
  "parentId": 164171,
  "externalIdentifiers": "EXT-5556",
  "resourceGraph": {
    "id": "137"
  },
  "flagStatus": "LOW",
  "roleName": "System Admin",
  "hasCustomElement": false,
  "hasReaction": true,
  "hasCustomTag": false
}
PATCH Response Body:
{
  "id" : 74,
  "hasCustomTemplate" : true,
  "decoratorLayer" : "WARNING",
  "hasUserRecipient" : true,
  "hasChildren" : false,
  "isEdited" : false,
  "updatedDate" : "2025-10-09T14:40:08.607+00:00",
  "content" : "New security guidelines have been issued — please review them on the company portal.",
  "hasAttachment" : true,
  "isRemoved" : false,
  "messageType" : "TOODLE_NOFIES",
  "messagePrivacy" : "ROLE",
  "caseId" : "CASE-3835-Q1",
  "userId" : "USR-36832",
  "rootMessageId" : 65060,
  "parentId" : 164171,
  "externalIdentifiers" : "EXT-5556",
  "createdDate" : "2025-10-16T00:00:00.000+00:00",
  "flagStatus" : "LOW",
  "roleName" : "System Admin",
  "hasCustomElement" : false,
  "hasReaction" : true,
  "hasCustomTag" : false
}
Status Code: 200
  When Update Patch Message                           # social_comments.Message.Update_Patch_Message()
  Then The Message response status code should be 200 # social_comments.Message.the_message_response_status_code_should_be(java.lang.Integer)
]]></system-out>
  </testcase>
  <testcase name="Deleting Message" classname="Message API testing" time="2.938">
    <system-out><![CDATA[
@Message
Scenario: Deleting Message                            # src/test/resources/features/03_message.feature:41
Delete Response Body:

Delete Status Code: 204
  When Delete Message with ID                         # social_comments.Message.delete_Message_with_ID()
  Then The Message response status code should be 204 # social_comments.Message.the_message_response_status_code_should_be(java.lang.Integer)
]]></system-out>
  </testcase>
  <testcase name="Creating a Attachment" classname="Attachment API testing" time="2.763">
    <system-out><![CDATA[
@Attachment
Scenario: Creating a Attachment                         # src/test/resources/features/04_attachment.feature:7
  Given I have a Attachment                             # social_comments.Attachement.i_have_a_attachment()
{
  "documentId": 50,
  "versionId": 787564,
  "createdDate": "2025-10-08",
  "attachments": [
    {
      "value": "C:\\Users\\cpatil\\Downloads\\image.jpg"
    }
  ],
  "message": {
    "id": 74
  }
}
POST Attachment Status: 201
POST Attachment Body: {
  "id" : 40,
  "versionId" : 787564,
  "createdDate" : "2025-10-09T14:40:14.340+00:00",
  "isRemoved" : false,
  "documentId" : 50
}
Stored AttachmentID: 40
  When Create a Attachment using existing MessageId     # social_comments.Attachement.create_a_attachment_using_existing_MessageId()
  Then The Attachment response should contain "id"      # social_comments.Attachement.the_attachment_response_should_contain(java.lang.String)
  And The Attachment response status code should be 201 # social_comments.Attachement.the_attachment_response_status_code_should_be(java.lang.Integer)
]]></system-out>
  </testcase>
  <testcase name="Fetching all Attchments" classname="Attachment API testing" time="0.511">
    <system-out><![CDATA[
@Attachment
Scenario: Fetching all Attchments                       # src/test/resources/features/04_attachment.feature:15
Response Body:
{
  "_embedded" : {
    "attachments" : [ {
      "id" : 15,
      "versionId" : 789017,
      "createdDate" : "2025-08-11T05:58:47.178+00:00",
      "isRemoved" : false,
      "documentId" : 8,
      "_links" : {
        "self" : {
          "href" : "http://10.10.2.180:8099/attachments/15"
        },
        "attachment" : {
          "href" : "http://10.10.2.180:8099/attachments/15"
        }
      }
    }, {
      "id" : 16,
      "versionId" : 789017,
      "createdDate" : "2025-08-11T07:08:19.961+00:00",
      "isRemoved" : false,
      "documentId" : 8,
      "_links" : {
        "self" : {
          "href" : "http://10.10.2.180:8099/attachments/16"
        },
        "attachment" : {
          "href" : "http://10.10.2.180:8099/attachments/16"
        }
      }
    }, {
      "id" : 17,
      "versionId" : 789017,
      "createdDate" : "2025-08-11T07:33:05.836+00:00",
      "isRemoved" : false,
      "documentId" : 8,
      "_links" : {
        "self" : {
          "href" : "http://10.10.2.180:8099/attachments/17"
        },
        "attachment" : {
          "href" : "http://10.10.2.180:8099/attachments/17"
        }
      }
    }, {
      "id" : 18,
      "versionId" : 789022,
      "createdDate" : "2025-08-22T00:00:00.000+00:00",
      "isRemoved" : false,
      "documentId" : 5,
      "_links" : {
        "self" : {
          "href" : "http://10.10.2.180:8099/attachments/18"
        },
        "attachment" : {
          "href" : "http://10.10.2.180:8099/attachments/18"
        }
      }
    }, {
      "id" : 19,
      "versionId" : 789023,
      "createdDate" : "2025-08-22T00:00:00.000+00:00",
      "isRemoved" : false,
      "documentId" : 8,
      "_links" : {
        "self" : {
          "href" : "http://10.10.2.180:8099/attachments/19"
        },
        "attachment" : {
          "href" : "http://10.10.2.180:8099/attachments/19"
        }
      }
    }, {
      "id" : 20,
      "versionId" : 789024,
      "createdDate" : "2025-08-22T00:00:00.000+00:00",
      "isRemoved" : false,
      "documentId" : 9,
      "message" : {
        "id" : 28,
        "hasCustomTemplate" : false,
        "decoratorLayer" : "WARNING",
        "hasUserRecipient" : false,
        "hasChildren" : false,
        "isEdited" : false,
        "updatedDate" : "2025-08-22T00:00:00.000+00:00",
        "content" : "Please review the update the task.",
        "hasAttachment" : true,
        "isRemoved" : false,
        "messageType" : "TOODLE_THEMES",
        "messagePrivacy" : "ROLE",
        "caseId" : "479523",
        "userId" : "78252",
        "rootMessageId" : 7496,
        "parentId" : 8002,
        "externalIdentifiers" : "78915",
        "resourceGraph" : {
          "id" : 11,
          "resourceId" : "Chetan Patil"
        },
        "createdDate" : "2025-08-22T00:00:00.000+00:00",
        "flagStatus" : "URGENT",
        "roleName" : "Approver",
        "hasCustomElement" : false,
        "hasReaction" : false,
        "hasCustomTag" : false
      },
      "_links" : {
        "self" : {
          "href" : "http://10.10.2.180:8099/attachments/20"
        },
        "attachment" : {
          "href" : "http://10.10.2.180:8099/attachments/20"
        }
      }
    }, {
      "id" : 21,
      "versionId" : 789023,
      "createdDate" : "2025-08-22T00:00:00.000+00:00",
      "documentId" : 4,
      "_links" : {
        "self" : {
          "href" : "http://10.10.2.180:8099/attachments/21"
        },
        "attachment" : {
          "href" : "http://10.10.2.180:8099/attachments/21"
        }
      }
    }, {
      "id" : 22,
      "versionId" : 705621,
      "createdDate" : "2025-10-08T08:34:32.023+00:00",
      "isRemoved" : false,
      "documentId" : 24,
      "_links" : {
        "self" : {
          "href" : "http://10.10.2.180:8099/attachments/22"
        },
        "attachment" : {
          "href" : "http://10.10.2.180:8099/attachments/22"
        }
      }
    }, {
      "id" : 40,
      "versionId" : 787564,
      "createdDate" : "2025-10-09T14:40:14.340+00:00",
      "isRemoved" : false,
      "documentId" : 50,
      "_links" : {
        "self" : {
          "href" : "http://10.10.2.180:8099/attachments/40"
        },
        "attachment" : {
          "href" : "http://10.10.2.180:8099/attachments/40"
        }
      }
    } ]
  },
  "_links" : {
    "self" : {
      "href" : "http://10.10.2.180:8099/attachments?page=0&size=20"
    },
    "profile" : {
      "href" : "http://10.10.2.180:8099/profile/attachments"
    },
    "search" : {
      "href" : "http://10.10.2.180:8099/attachments/search"
    }
  },
  "page" : {
    "size" : 20,
    "totalElements" : 9,
    "totalPages" : 1,
    "number" : 0
  }
}
Status Code: 200
  When Fetch All Attachment Details                     # social_comments.Attachement.Fetch_All_attachment_Details()
  Then The Attachment response should contain "id"      # social_comments.Attachement.the_attachment_response_should_contain(java.lang.String)
  And The Attachment response status code should be 200 # social_comments.Attachement.the_attachment_response_status_code_should_be(java.lang.Integer)
]]></system-out>
  </testcase>
  <testcase name="Get Attachment details with ID" classname="Attachment API testing" time="0.524">
    <system-out><![CDATA[
@Attachment
Scenario: Get Attachment details with ID                 # src/test/resources/features/04_attachment.feature:22
Response Body:
{
  "id" : 40,
  "versionId" : 787564,
  "createdDate" : "2025-10-09T14:40:14.340+00:00",
  "isRemoved" : false,
  "documentId" : 50
}
Status Code: 200
  When Fetch Attachment Details with ID                  # social_comments.Attachement.Fetch_attchment_Details_with_ID()
  Then The Attachment response status code should be 200 # social_comments.Attachement.the_attachment_response_status_code_should_be(java.lang.Integer)
]]></system-out>
  </testcase>
  <testcase name="Updating Put Attachment" classname="Attachment API testing" time="2.67">
    <system-out><![CDATA[
@Attachment
Scenario: Updating Put Attachment                        # src/test/resources/features/04_attachment.feature:28
PUT Response Body:
{
  "id" : 40,
  "versionId" : 776297,
  "createdDate" : "2025-10-22T00:00:00.000+00:00",
  "documentId" : 35
}
Status Code: 200
  When Update Attachment                                 # social_comments.Attachement.Update_attchment()
  Then The Attachment response status code should be 200 # social_comments.Attachement.the_attachment_response_status_code_should_be(java.lang.Integer)
  And The Attachment response should contain "id"        # social_comments.Attachement.the_attachment_response_should_contain(java.lang.String)
]]></system-out>
  </testcase>
  <testcase name="Updating Patch Attachment" classname="Attachment API testing" time="2.634">
    <system-out><![CDATA[
@Attachment
Scenario: Updating Patch Attachment                      # src/test/resources/features/04_attachment.feature:35
PATCH Request Body:
{
  "documentId": 66,
  "versionId": 772551,
  "createdDate": "2025-10-09",
  "attachments": [
    {
      "value": "C:\\Users\\cpatil\\Downloads\\report.pdf"
    }
  ],
  "message": {
    "id": 74
  }
}
PATCH Response Body:
{
  "id" : 40,
  "versionId" : 772551,
  "createdDate" : "2025-10-09T00:00:00.000+00:00",
  "documentId" : 66
}
Status Code: 200
  When Update Patch Attachment                           # social_comments.Attachement.Update_Patch_Attachment()
  Then The Attachment response status code should be 200 # social_comments.Attachement.the_attachment_response_status_code_should_be(java.lang.Integer)
]]></system-out>
  </testcase>
  <testcase name="Deleting Attachment" classname="Attachment API testing" time="2.966">
    <system-out><![CDATA[
@Attachment
Scenario: Deleting Attachment                            # src/test/resources/features/04_attachment.feature:41
Delete Response Body:

Delete Status Code: 204
  When Delete Attachment with ID                         # social_comments.Attachement.delete_Attachment_with_ID()
  Then The Attachment response status code should be 204 # social_comments.Attachement.the_attachment_response_status_code_should_be(java.lang.Integer)
]]></system-out>
  </testcase>
  <testcase name="Creating CustomElement" classname="CustomElement API testing" time="3.07">
    <system-out><![CDATA[
@CustomElement
Scenario: Creating CustomElement                           # src/test/resources/features/05_customelement.feature:7
  Given I have a CustomElement                             # social_comments.CustomElement.i_have_a_customelement()
{
  "name": "invoice_doc",
  "type": "CONFIRMATION",
  "createdDate": "2025-10-03",
  "payload": "Invoice#2423-PDF",
  "message": {
    "id": "74"
  }
}
POST Message Status: 201
POST Message Body: {
  "id" : 18,
  "createdDate" : "2025-10-09T14:40:26.424+00:00",
  "isRemoved" : false,
  "payload" : "Invoice#2423-PDF",
  "name" : "invoice_doc",
  "type" : "CONFIRMATION"
}
Stored CustomElementID: 18
  When Create a CustomElement using existing MessageId     # social_comments.CustomElement.create_a_customelement_using_existing_MessageId()
  Then The CustomElement response should contain "id"      # social_comments.CustomElement.the_resource_registries_response_should_contain(java.lang.String)
  And The CustomElement response status code should be 201 # social_comments.CustomElement.the_customelement_response_status_code_should_be(java.lang.Integer)
]]></system-out>
  </testcase>
  <testcase name="Fetching all CustomElement" classname="CustomElement API testing" time="0.61">
    <system-out><![CDATA[
@CustomElement
Scenario: Fetching all CustomElement                       # src/test/resources/features/05_customelement.feature:14
Response Body:
{
  "_embedded" : {
    "customElements" : [ {
      "id" : 2,
      "createdDate" : "2025-10-08T09:47:15.413+00:00",
      "isRemoved" : false,
      "payload" : "Invoice#2001-PDF",
      "name" : "order_summary",
      "type" : "DOCUMENTS_INFO",
      "_links" : {
        "self" : {
          "href" : "http://10.10.2.180:8099/customElements/2"
        },
        "customElement" : {
          "href" : "http://10.10.2.180:8099/customElements/2"
        }
      }
    }, {
      "id" : 18,
      "createdDate" : "2025-10-09T14:40:26.424+00:00",
      "isRemoved" : false,
      "payload" : "Invoice#2423-PDF",
      "name" : "invoice_doc",
      "type" : "CONFIRMATION",
      "_links" : {
        "self" : {
          "href" : "http://10.10.2.180:8099/customElements/18"
        },
        "customElement" : {
          "href" : "http://10.10.2.180:8099/customElements/18"
        }
      }
    } ]
  },
  "_links" : {
    "self" : {
      "href" : "http://10.10.2.180:8099/customElements?page=0&size=20"
    },
    "profile" : {
      "href" : "http://10.10.2.180:8099/profile/customElements"
    },
    "search" : {
      "href" : "http://10.10.2.180:8099/customElements/search"
    }
  },
  "page" : {
    "size" : 20,
    "totalElements" : 2,
    "totalPages" : 1,
    "number" : 0
  }
}
Status Code: 200
  When Fetch All CustomElement Details                     # social_comments.CustomElement.Fetch_All_customelement_Details()
  Then The CustomElement response should contain "id"      # social_comments.CustomElement.the_resource_registries_response_should_contain(java.lang.String)
  And The CustomElement response status code should be 200 # social_comments.CustomElement.the_customelement_response_status_code_should_be(java.lang.Integer)
]]></system-out>
  </testcase>
  <testcase name="Get CustomElement details with ID" classname="CustomElement API testing" time="0.533">
    <system-out><![CDATA[
@CustomElement
Scenario: Get CustomElement details with ID                # src/test/resources/features/05_customelement.feature:21
Response Body:
{
  "id" : 18,
  "createdDate" : "2025-10-09T14:40:26.424+00:00",
  "isRemoved" : false,
  "payload" : "Invoice#2423-PDF",
  "name" : "invoice_doc",
  "type" : "CONFIRMATION"
}
Status Code: 200
  When Fetch CustomElement Details with ID                 # social_comments.CustomElement.Fetch_customelement_Details_with_ID()
  And The CustomElement response status code should be 200 # social_comments.CustomElement.the_customelement_response_status_code_should_be(java.lang.Integer)
]]></system-out>
  </testcase>
  <testcase name="Updating Put CustomElement" classname="CustomElement API testing" time="2.845">
    <system-out><![CDATA[
@CustomElement
Scenario: Updating Put CustomElement                       # src/test/resources/features/05_customelement.feature:27
PUT Response Body:
{
  "id" : 18,
  "createdDate" : "2025-10-06T00:00:00.000+00:00",
  "payload" : "Invoice#2905-PDF",
  "name" : "tax_report",
  "type" : "THUMBNAIL_INFO"
}
Status Code: 200
  When Update CustomElement                                # social_comments.CustomElement.Update_attchment()
  And The CustomElement response status code should be 200 # social_comments.CustomElement.the_customelement_response_status_code_should_be(java.lang.Integer)
  And The CustomElement response should contain "id"       # social_comments.CustomElement.the_resource_registries_response_should_contain(java.lang.String)
]]></system-out>
  </testcase>
  <testcase name="Updating Patch CustomElement" classname="CustomElement API testing" time="2.766">
    <system-out><![CDATA[
@CustomElement
Scenario: Updating Patch CustomElement                     # src/test/resources/features/05_customelement.feature:34
PATCH Request Body:
{
  "name": "tax_report",
  "type": "PERSONALITY",
  "createdDate": "2025-10-10",
  "payload": "Invoice#2384-PDF",
  "message": {
    "id": "74"
  }
}
PATCH Response Body:
{
  "id" : 18,
  "createdDate" : "2025-10-10T00:00:00.000+00:00",
  "payload" : "Invoice#2384-PDF",
  "name" : "tax_report",
  "type" : "PERSONALITY"
}
Status Code: 200
  When Update Patch CustomElement                          # social_comments.CustomElement.Update_Patch_customelement()
  And The CustomElement response status code should be 200 # social_comments.CustomElement.the_customelement_response_status_code_should_be(java.lang.Integer)
]]></system-out>
  </testcase>
  <testcase name="Deleting CustomElement" classname="CustomElement API testing" time="2.685">
    <system-out><![CDATA[
@CustomElement
Scenario: Deleting CustomElement                           # src/test/resources/features/05_customelement.feature:40
Delete Response Body:

Delete Status Code: 204
  When Delete CustomElement with ID                        # social_comments.CustomElement.delete_CustomElement_with_ID()
  And The CustomElement response status code should be 204 # social_comments.CustomElement.the_customelement_response_status_code_should_be(java.lang.Integer)
]]></system-out>
  </testcase>
  <testcase name="Creating a Reaction" classname="Reaction API testing" time="2.839">
    <system-out><![CDATA[
@Reaction
Scenario: Creating a Reaction                         # src/test/resources/features/06_reaction.feature:7
  Given I have a Reaction                             # social_comments.Reaction.i_have_a_reaction()
{
  "createdDate": "2025-09-25",
  "reactionType": "LIKE",
  "roleName": "SYSTEM",
  "userId": "user_8602",
  "updatedDate": "2025-10-02",
  "message": {
    "id": 74
  }
}
POST Reaction Status: 201
POST Reaction Body: {
  "id" : 19,
  "createdDate" : "2025-09-25T00:00:00.000+00:00",
  "reactionType" : "LIKE",
  "roleName" : "SYSTEM",
  "updatedDate" : "2025-10-02T00:00:00.000+00:00",
  "userId" : "user_8602"
}
Stored AttachmentID: 19
  When Create a Reaction using existing MessageId     # social_comments.Reaction.create_a_reaction_using_existing_MessageId()
  Then The Reaction response should contain "id"      # social_comments.Reaction.the_reaction_response_should_contain(java.lang.String)
  And The Reaction response status code should be 201 # social_comments.Reaction.the_reaction_response_status_code_should_be(java.lang.Integer)
]]></system-out>
  </testcase>
  <testcase name="Fetching All Reaction" classname="Reaction API testing" time="0.61">
    <system-out><![CDATA[
@Reaction
Scenario: Fetching All Reaction                       # src/test/resources/features/06_reaction.feature:15
Response Body:
{
  "_embedded" : {
    "reactions" : [ {
      "id" : 4,
      "createdDate" : "2025-08-13T10:15:30.000+00:00",
      "reactionType" : "LIKE",
      "roleName" : "ADMIN",
      "updatedDate" : "2025-08-13T12:45:10.000+00:00",
      "message" : {
        "id" : 26,
        "hasCustomTemplate" : false,
        "decoratorLayer" : "WARNING",
        "hasUserRecipient" : false,
        "hasChildren" : false,
        "isEdited" : false,
        "updatedDate" : "2025-08-07T00:00:00.000+00:00",
        "content" : "Please review the update the task.",
        "hasAttachment" : true,
        "isRemoved" : false,
        "messageType" : "DEFAULT",
        "messagePrivacy" : "PUBLIC",
        "caseId" : "479518",
        "userId" : "78245",
        "rootMessageId" : 7491,
        "parentId" : 7997,
        "externalIdentifiers" : "78910",
        "resourceGraph" : {
          "id" : 11,
          "resourceId" : "Chetan Patil"
        },
        "createdDate" : "2025-08-07T00:00:00.000+00:00",
        "flagStatus" : "URGENT",
        "roleName" : "Approver",
        "hasCustomElement" : false,
        "hasReaction" : false,
        "hasCustomTag" : false
      },
      "userId" : "user_1025",
      "_links" : {
        "self" : {
          "href" : "http://10.10.2.180:8099/reactions/4"
        },
        "reaction" : {
          "href" : "http://10.10.2.180:8099/reactions/4"
        }
      }
    }, {
      "id" : 5,
      "createdDate" : "2025-07-25T08:22:45.000+00:00",
      "reactionType" : "LOVE",
      "roleName" : "MODERATOR",
      "updatedDate" : "2025-07-25T09:50:15.000+00:00",
      "message" : {
        "id" : 26,
        "hasCustomTemplate" : false,
        "decoratorLayer" : "WARNING",
        "hasUserRecipient" : false,
        "hasChildren" : false,
        "isEdited" : false,
        "updatedDate" : "2025-08-07T00:00:00.000+00:00",
        "content" : "Please review the update the task.",
        "hasAttachment" : true,
        "isRemoved" : false,
        "messageType" : "DEFAULT",
        "messagePrivacy" : "PUBLIC",
        "caseId" : "479518",
        "userId" : "78245",
        "rootMessageId" : 7491,
        "parentId" : 7997,
        "externalIdentifiers" : "78910",
        "resourceGraph" : {
          "id" : 11,
          "resourceId" : "Chetan Patil"
        },
        "createdDate" : "2025-08-07T00:00:00.000+00:00",
        "flagStatus" : "URGENT",
        "roleName" : "Approver",
        "hasCustomElement" : false,
        "hasReaction" : false,
        "hasCustomTag" : false
      },
      "userId" : "user_2098",
      "_links" : {
        "self" : {
          "href" : "http://10.10.2.180:8099/reactions/5"
        },
        "reaction" : {
          "href" : "http://10.10.2.180:8099/reactions/5"
        }
      }
    }, {
      "id" : 19,
      "createdDate" : "2025-09-25T00:00:00.000+00:00",
      "reactionType" : "LIKE",
      "roleName" : "SYSTEM",
      "updatedDate" : "2025-10-02T00:00:00.000+00:00",
      "userId" : "user_8602",
      "_links" : {
        "self" : {
          "href" : "http://10.10.2.180:8099/reactions/19"
        },
        "reaction" : {
          "href" : "http://10.10.2.180:8099/reactions/19"
        }
      }
    } ]
  },
  "_links" : {
    "self" : {
      "href" : "http://10.10.2.180:8099/reactions?page=0&size=20"
    },
    "profile" : {
      "href" : "http://10.10.2.180:8099/profile/reactions"
    },
    "search" : {
      "href" : "http://10.10.2.180:8099/reactions/search"
    }
  },
  "page" : {
    "size" : 20,
    "totalElements" : 3,
    "totalPages" : 1,
    "number" : 0
  }
}
Status Code: 200
  When Fetch All Reaction Details                     # social_comments.Reaction.Fetch_All_reaction_Details()
  Then The Reaction response should contain "id"      # social_comments.Reaction.the_reaction_response_should_contain(java.lang.String)
  And The Reaction response status code should be 200 # social_comments.Reaction.the_reaction_response_status_code_should_be(java.lang.Integer)
]]></system-out>
  </testcase>
  <testcase name="Get Reaction details with ID" classname="Reaction API testing" time="0.534">
    <system-out><![CDATA[
@Reaction
Scenario: Get Reaction details with ID                 # src/test/resources/features/06_reaction.feature:22
Response Body:
{
  "id" : 19,
  "createdDate" : "2025-09-25T00:00:00.000+00:00",
  "reactionType" : "LIKE",
  "roleName" : "SYSTEM",
  "updatedDate" : "2025-10-02T00:00:00.000+00:00",
  "userId" : "user_8602"
}
Status Code: 200
  When Fetch Reaction Details with ID                  # social_comments.Reaction.Fetch_reaction_Details_with_ID()
  Then The Reaction response status code should be 200 # social_comments.Reaction.the_reaction_response_status_code_should_be(java.lang.Integer)
]]></system-out>
  </testcase>
  <testcase name="Updating Put Reaction" classname="Reaction API testing" time="2.742">
    <system-out><![CDATA[
@Reaction
Scenario: Updating Put Reaction                       # src/test/resources/features/06_reaction.feature:28
PUT Response Body:
{
  "id" : 19,
  "createdDate" : "2025-10-15T00:00:00.000+00:00",
  "reactionType" : "LIKE",
  "roleName" : "SYSTEM",
  "updatedDate" : "2025-10-09T14:40:42.860+00:00",
  "userId" : "user_7097"
}
Status Code: 200
  When Update Reaction                                # social_comments.Reaction.Update_reaction()
  Then The Reaction response should contain "id"      # social_comments.Reaction.the_reaction_response_should_contain(java.lang.String)
  And The Reaction response status code should be 200 # social_comments.Reaction.the_reaction_response_status_code_should_be(java.lang.Integer)
]]></system-out>
  </testcase>
  <testcase name="Updating Patch Reaction" classname="Reaction API testing" time="2.463">
    <system-out><![CDATA[
@Reaction
Scenario: Updating Patch Reaction                      # src/test/resources/features/06_reaction.feature:35
PATCH Request Body:
{
  "createdDate": "2025-10-07",
  "reactionType": "LOVE",
  "roleName": "SYSTEM",
  "userId": "user_8158",
  "updatedDate": "2025-10-05",
  "message": {
    "id": 74
  }
}
PATCH Response Body:
{
  "id" : 19,
  "createdDate" : "2025-10-07T00:00:00.000+00:00",
  "reactionType" : "LOVE",
  "roleName" : "SYSTEM",
  "updatedDate" : "2025-10-09T14:40:45.679+00:00",
  "userId" : "user_8158"
}
Status Code: 200
  When Update Patch Reaction                           # social_comments.Reaction.Update_Patch_Reaction()
  Then The Reaction response status code should be 200 # social_comments.Reaction.the_reaction_response_status_code_should_be(java.lang.Integer)
]]></system-out>
  </testcase>
  <testcase name="Deleting Reaction" classname="Reaction API testing" time="2.961">
    <system-out><![CDATA[
@Reaction
Scenario: Deleting Reaction                            # src/test/resources/features/06_reaction.feature:41
Delete Response Body:

Delete Status Code: 204
  When Delete Reaction with ID                         # social_comments.Reaction.delete_reaction_with_ID()
  Then The Reaction response status code should be 204 # social_comments.Reaction.the_reaction_response_status_code_should_be(java.lang.Integer)
]]></system-out>
  </testcase>
  <testcase name="Creating BaseUserMessage" classname="BasseUserMessage API testing" time="2.587">
    <system-out><![CDATA[
@BaseUserMessage
Scenario: Creating BaseUserMessage                           # src/test/resources/features/07_baseusermessage.feature:7
  Given I have a BaseUserMessage                             # social_comments.BaseUserMessage.i_have_a_baseusermessage()
{
  "createdDate": "2025-10-01",
  "roleName": "UX Designer",
  "updatedDate": "2025-10-13",
  "message": {
    "id": "74"
  },
  "userId": "23823"
}
POST Reaction Status: 201
POST Reaction Body: {
  "id" : 20,
  "createdDate" : "2025-10-09T14:40:51.108+00:00",
  "isRemoved" : false,
  "roleName" : "UX Designer",
  "updatedDate" : "2025-10-09T14:40:51.108+00:00",
  "userId" : "23823"
}
Stored AttachmentID: 20
  When Create a BaseUserMessage using existing MessageId     # social_comments.BaseUserMessage.create_a_baseusermessage_using_existing_MessageId()
  Then The BaseUserMessage response should contain "id"      # social_comments.BaseUserMessage.the_baseusermessage_response_should_contain(java.lang.String)
  And The BaseUserMessage response status code should be 201 # social_comments.BaseUserMessage.the_baseusermessage_response_status_code_should_be(java.lang.Integer)
]]></system-out>
  </testcase>
  <testcase name="Fetching All BaseUserMessage" classname="BasseUserMessage API testing" time="0.58">
    <system-out><![CDATA[
@BaseUserMessage
Scenario: Fetching All BaseUserMessage                       # src/test/resources/features/07_baseusermessage.feature:15
Response Body:
{
  "_embedded" : {
    "baseUserMessages" : [ {
      "id" : 1,
      "createdDate" : "2025-08-04T11:01:23.736+00:00",
      "isRemoved" : false,
      "updatedDate" : "2025-08-04T11:01:23.736+00:00",
      "userId" : "zara.hussain",
      "_links" : {
        "self" : {
          "href" : "http://10.10.2.180:8099/baseUserMessages/1"
        },
        "baseUserMessage" : {
          "href" : "http://10.10.2.180:8099/baseUserMessages/1"
        }
      }
    }, {
      "id" : 4,
      "createdDate" : "2025-08-04T11:03:16.744+00:00",
      "isRemoved" : false,
      "roleName" : "Admin",
      "updatedDate" : "2025-08-04T11:03:16.744+00:00",
      "userId" : "hussain",
      "_links" : {
        "self" : {
          "href" : "http://10.10.2.180:8099/baseUserMessages/4"
        },
        "baseUserMessage" : {
          "href" : "http://10.10.2.180:8099/baseUserMessages/4"
        }
      }
    }, {
      "id" : 5,
      "createdDate" : "2025-08-04T11:04:51.693+00:00",
      "isRemoved" : false,
      "roleName" : "Admin",
      "updatedDate" : "2025-08-04T11:04:51.693+00:00",
      "userId" : "Chetan",
      "_links" : {
        "self" : {
          "href" : "http://10.10.2.180:8099/baseUserMessages/5"
        },
        "baseUserMessage" : {
          "href" : "http://10.10.2.180:8099/baseUserMessages/5"
        }
      }
    }, {
      "id" : 7,
      "createdDate" : "2025-08-07T07:56:22.169+00:00",
      "isRemoved" : false,
      "roleName" : "QA Engineer",
      "updatedDate" : "2025-08-07T07:56:22.169+00:00",
      "userId" : "124799",
      "_links" : {
        "self" : {
          "href" : "http://10.10.2.180:8099/baseUserMessages/7"
        },
        "baseUserMessage" : {
          "href" : "http://10.10.2.180:8099/baseUserMessages/7"
        }
      }
    }, {
      "id" : 9,
      "createdDate" : "2025-10-09T10:39:51.490+00:00",
      "isRemoved" : false,
      "roleName" : "Software Developer",
      "updatedDate" : "2025-10-09T10:39:51.490+00:00",
      "userId" : "102345",
      "_links" : {
        "self" : {
          "href" : "http://10.10.2.180:8099/baseUserMessages/9"
        },
        "baseUserMessage" : {
          "href" : "http://10.10.2.180:8099/baseUserMessages/9"
        }
      }
    }, {
      "id" : 10,
      "createdDate" : "2025-10-09T10:58:37.379+00:00",
      "isRemoved" : false,
      "roleName" : "UX Designer",
      "updatedDate" : "2025-10-09T10:58:37.379+00:00",
      "userId" : "11064",
      "_links" : {
        "self" : {
          "href" : "http://10.10.2.180:8099/baseUserMessages/10"
        },
        "baseUserMessage" : {
          "href" : "http://10.10.2.180:8099/baseUserMessages/10"
        }
      }
    }, {
      "id" : 20,
      "createdDate" : "2025-10-09T14:40:51.108+00:00",
      "isRemoved" : false,
      "roleName" : "UX Designer",
      "updatedDate" : "2025-10-09T14:40:51.108+00:00",
      "userId" : "23823",
      "_links" : {
        "self" : {
          "href" : "http://10.10.2.180:8099/baseUserMessages/20"
        },
        "baseUserMessage" : {
          "href" : "http://10.10.2.180:8099/baseUserMessages/20"
        }
      }
    } ]
  },
  "_links" : {
    "self" : {
      "href" : "http://10.10.2.180:8099/baseUserMessages?page=0&size=20"
    },
    "profile" : {
      "href" : "http://10.10.2.180:8099/profile/baseUserMessages"
    },
    "search" : {
      "href" : "http://10.10.2.180:8099/baseUserMessages/search"
    }
  },
  "page" : {
    "size" : 20,
    "totalElements" : 7,
    "totalPages" : 1,
    "number" : 0
  }
}
Status Code: 200
  When Fetch All BaseUserMessage Details                     # social_comments.BaseUserMessage.Fetch_All_baseusermessage_Details()
  Then The BaseUserMessage response should contain "id"      # social_comments.BaseUserMessage.the_baseusermessage_response_should_contain(java.lang.String)
  And The BaseUserMessage response status code should be 200 # social_comments.BaseUserMessage.the_baseusermessage_response_status_code_should_be(java.lang.Integer)
]]></system-out>
  </testcase>
  <testcase name="Get BaseUserMessage details with ID" classname="BasseUserMessage API testing" time="0.612">
    <system-out><![CDATA[
@BaseUserMessage
Scenario: Get BaseUserMessage details with ID                 # src/test/resources/features/07_baseusermessage.feature:22
Response Body:
{
  "id" : 20,
  "createdDate" : "2025-10-09T14:40:51.108+00:00",
  "isRemoved" : false,
  "roleName" : "UX Designer",
  "updatedDate" : "2025-10-09T14:40:51.108+00:00",
  "userId" : "23823"
}
Status Code: 200
  When Fetch BaseUserMessage Details with ID                  # social_comments.BaseUserMessage.Fetch_baseusermessage_Details_with_ID()
  Then The BaseUserMessage response status code should be 200 # social_comments.BaseUserMessage.the_baseusermessage_response_status_code_should_be(java.lang.Integer)
]]></system-out>
  </testcase>
  <testcase name="Updating Put BaseUserMessage" classname="BasseUserMessage API testing" time="2.967">
    <system-out><![CDATA[
@BaseUserMessage
Scenario: Updating Put BaseUserMessage                       # src/test/resources/features/07_baseusermessage.feature:28
PUT Response Body:
{
  "id" : 20,
  "createdDate" : "2025-10-04T00:00:00.000+00:00",
  "roleName" : "Product Manager",
  "updatedDate" : "2025-10-09T14:40:54.894+00:00",
  "userId" : "94211"
}
Status Code: 200
  When Update BaseUserMessage                                # social_comments.BaseUserMessage.Update_baseusermessage()
  Then The BaseUserMessage response should contain "id"      # social_comments.BaseUserMessage.the_baseusermessage_response_should_contain(java.lang.String)
  And The BaseUserMessage response status code should be 200 # social_comments.BaseUserMessage.the_baseusermessage_response_status_code_should_be(java.lang.Integer)
]]></system-out>
  </testcase>
  <testcase name="Updating Patch BaseUserMessage" classname="BasseUserMessage API testing" time="2.763">
    <system-out><![CDATA[
@BaseUserMessage
Scenario: Updating Patch BaseUserMessage                      # src/test/resources/features/07_baseusermessage.feature:36
PATCH Request Body:
{
  "createdDate": "2025-10-05",
  "roleName": "QA Manager",
  "updatedDate": "2025-10-15",
  "message": {
    "id": "74"
  },
  "userId": "17397"
}
PATCH Response Body:
{
  "id" : 20,
  "createdDate" : "2025-10-05T00:00:00.000+00:00",
  "roleName" : "QA Manager",
  "updatedDate" : "2025-10-09T14:40:57.875+00:00",
  "userId" : "17397"
}
Status Code: 200
  When Update Patch BaseUserMessage                           # social_comments.BaseUserMessage.Update_Patch_BaseUserMessage()
  Then The BaseUserMessage response status code should be 200 # social_comments.BaseUserMessage.the_baseusermessage_response_status_code_should_be(java.lang.Integer)
]]></system-out>
  </testcase>
  <testcase name="Deleting BaseUserMessage" classname="BasseUserMessage API testing" time="2.666">
    <system-out><![CDATA[
@BaseUserMessage
Scenario: Deleting BaseUserMessage                            # src/test/resources/features/07_baseusermessage.feature:42
Delete Response Body:

Delete Status Code: 204
  When Delete BaseUserMessage with ID                         # social_comments.BaseUserMessage.delete_baseusermessage_with_ID()
  Then The BaseUserMessage response status code should be 204 # social_comments.BaseUserMessage.the_baseusermessage_response_status_code_should_be(java.lang.Integer)
]]></system-out>
  </testcase>
</testsuite>